
[2023-03-11T08:21:57.596Z] Scanning project root at /Users/brennanwalsh/Sites/Sandbox/proj
→ Includes: **/*garden.y*ml
→ Excludes: .garden/**/*,.git,.gitmodules,.garden/**/*,debug-info*/**

[2023-03-11T08:21:57.725Z] Found 2 files in project root /Users/brennanwalsh/Sites/Sandbox/proj

[2023-03-11T08:21:57.928Z] Getting status...

[2023-03-11T08:21:59.433Z] Using current context: docker-desktop

[2023-03-11T08:21:59.476Z] An attempt to get kind version failed with Error: Command "kind version" failed with code ENOENT:

[2023-03-11T08:21:59.500Z] Getting status... → Cached

[2023-03-11T08:21:59.501Z] Run with --force-refresh to force a refresh of provider statuses.

[2023-03-11T08:21:59.502Z] Resolving 3 modules...

[2023-03-11T08:21:59.561Z] Scanning module root at /Users/brennanwalsh/Sites/Sandbox/proj
→ Includes: ./Dockerfile,./app
→ Excludes: (none)

[2023-03-11T08:21:59.671Z] Found 42 files in module root /Users/brennanwalsh/Sites/Sandbox/proj

[2023-03-11T08:21:59.686Z] Scanning module root at /Users/brennanwalsh/Sites/Sandbox/proj
→ Includes: ./Dockerfile,./server,./app/public
→ Excludes: (none)

[2023-03-11T08:21:59.804Z] Found 3 files in module root /Users/brennanwalsh/Sites/Sandbox/proj

[2023-03-11T08:21:59.814Z] Resolving 3 modules... → Done

[2023-03-11T08:21:59.824Z] Syncing 0 files from . to .garden/build/database (and removing any extraneous files)

[2023-03-11T08:21:59.836Z] Getting build status for v-b8ece8345c...

[2023-03-11T08:21:59.843Z] Getting build status for v-b8ece8345c... → Already built

[2023-03-11T08:21:59.847Z] Syncing module sources (42 files)...

[2023-03-11T08:21:59.849Z] Syncing 42 files from . to .garden/build/app (and removing any extraneous files)

[2023-03-11T08:21:59.858Z] Syncing module sources (42 files)... → Done (took 0 sec)

[2023-03-11T08:21:59.860Z] Getting build status for v-c684a0c14a...

[2023-03-11T08:21:59.864Z] Spawning '/Users/brennanwalsh/.garden/tools/docker/23842c62b99af05f/docker/docker images app:v-c684a0c14a -q' in /Users/brennanwalsh/Sites/Sandbox/proj
