
[2023-03-12T12:46:56.866Z] Scanning project root at /Users/brennanwalsh/Sites/Sandbox/proj
→ Includes: **/*garden.y*ml
→ Excludes: .garden/**/*,.git,.gitmodules,.garden/**/*,debug-info*/**

[2023-03-12T12:46:56.974Z] Found 1 files in project root /Users/brennanwalsh/Sites/Sandbox/proj

[2023-03-12T12:46:58.103Z] Getting status...

[2023-03-12T12:46:58.715Z] Using current context: docker-desktop

[2023-03-12T12:46:58.764Z] An attempt to get kind version failed with Error: Command "kind version" failed with code ENOENT:

[2023-03-12T12:46:58.796Z] Getting status... → Cached

[2023-03-12T12:46:58.798Z] Run with --force-refresh to force a refresh of provider statuses.

[2023-03-12T12:46:58.800Z] Resolving 3 modules...

[2023-03-12T12:46:58.857Z] Scanning module root at /Users/brennanwalsh/Sites/Sandbox/proj
→ Includes: ./Dockerfile,./app
→ Excludes: (none)

[2023-03-12T12:46:58.973Z] Found 43 files in module root /Users/brennanwalsh/Sites/Sandbox/proj

[2023-03-12T12:46:58.988Z] Scanning module root at /Users/brennanwalsh/Sites/Sandbox/proj
→ Includes: ./Dockerfile,./server,./app/public
→ Excludes: (none)

[2023-03-12T12:46:59.078Z] Found 3 files in module root /Users/brennanwalsh/Sites/Sandbox/proj

[2023-03-12T12:46:59.087Z] Resolving 3 modules... → Done

[2023-03-12T12:46:59.094Z] Syncing 0 files from . to .garden/build/database (and removing any extraneous files)

[2023-03-12T12:46:59.097Z] Syncing module sources (43 files)...

[2023-03-12T12:46:59.100Z] Deleting...

[2023-03-12T12:46:59.117Z] Syncing 43 files from . to .garden/build/app (and removing any extraneous files)

[2023-03-12T12:46:59.153Z] Syncing module sources (43 files)... → Done (took 0.1 sec)

[2023-03-12T12:46:59.159Z] Syncing module sources (3 files)...

[2023-03-12T12:46:59.166Z] Deleting...

[2023-03-12T12:46:59.177Z] Syncing 3 files from . to .garden/build/server (and removing any extraneous files)

[2023-03-12T12:46:59.212Z] Syncing module sources (3 files)... → Done (took 0.1 sec)

[2023-03-12T12:46:59.215Z] Deleting...

[2023-03-12T12:46:59.491Z] Kubernetes: Getting API resource info for group networking.k8s.io/v1

[2023-03-12T12:46:59.515Z] Kubernetes: Getting API resource info for group apps/v1

[2023-03-12T12:46:59.516Z] Kubernetes: Getting API resource info for group v1

[2023-03-12T12:46:59.654Z] Getting currently deployed resource statuses...

[2023-03-12T12:46:59.654Z] Getting currently deployed resource statuses...

[2023-03-12T12:46:59.703Z] Getting currently deployed resource statuses...

[2023-03-12T12:46:59.703Z] Comparing expected and deployed resources...

[2023-03-12T12:46:59.704Z] Comparing expected and deployed resources...

[2023-03-12T12:46:59.705Z] Resource database is not a superset of deployed resource

[2023-03-12T12:46:59.713Z] Resource app is not a superset of deployed resource

[2023-03-12T12:46:59.869Z] Comparing expected and deployed resources...

[2023-03-12T12:46:59.870Z] Resource server is not a superset of deployed resource

[2023-03-12T12:47:00.869Z] Deleting... → Done (took 1.8 sec)

[2023-03-12T12:47:01.608Z] Deleting... → Done (took 2.4 sec)

[2023-03-12T12:47:05.671Z] Deleting... → Done (took 6.5 sec)

[2023-03-12T12:47:05.676Z] Cleaning up environments...

[2023-03-12T12:47:05.723Z] Cleaning up environments...

[2023-03-12T12:47:05.724Z] Done flushing all events and log entries.
