
[2023-03-12T12:48:05.344Z] Scanning project root at /Users/brennanwalsh/Sites/Sandbox/proj
→ Includes: **/*garden.y*ml
→ Excludes: .garden/**/*,.git,.gitmodules,.garden/**/*,debug-info*/**

[2023-03-12T12:48:05.424Z] Found 1 files in project root /Users/brennanwalsh/Sites/Sandbox/proj

[2023-03-12T12:48:06.491Z] Getting status...

[2023-03-12T12:48:07.106Z] Using current context: docker-desktop

[2023-03-12T12:48:07.142Z] An attempt to get kind version failed with Error: Command "kind version" failed with code ENOENT:

[2023-03-12T12:48:07.260Z] Kubernetes: Getting API resource info for group networking.k8s.io/v1

[2023-03-12T12:48:07.285Z] Initializing...

[2023-03-12T12:48:07.406Z] Error reading safe directories from the .gitconfig: Error: Command "git config --get-all safe.directory" failed with code 1:

[2023-03-12T12:48:07.560Z] Getting status...

[2023-03-12T12:48:07.661Z] An attempt to get kind version failed with Error: Command "kind version" failed with code ENOENT:

[2023-03-12T12:48:07.670Z] Getting status... → Cached

[2023-03-12T12:48:07.671Z] Run with --force-refresh to force a refresh of provider statuses.

[2023-03-12T12:48:07.682Z] Scanning project root at /opt/homebrew/Cellar/garden-cli/0.12.52/libexec/static/kubernetes/system
→ Includes: **/*garden.y*ml
→ Excludes: ../../../../../../../../../Users/brennanwalsh/Sites/Sandbox/proj/.garden/kubernetes.garden/**/*,.git,.gitmodules,.garden/**/*,debug-info*/**

[2023-03-12T12:48:07.822Z] Found 11 files in project root /opt/homebrew/Cellar/garden-cli/0.12.52/libexec/static/kubernetes/system

[2023-03-12T12:48:07.941Z] Resolving 11 modules...

[2023-03-12T12:48:08.118Z] Resolving 11 modules... → Done

[2023-03-12T12:48:08.130Z] Kubernetes: Getting API resource info for group apps/v1

[2023-03-12T12:48:08.130Z] Kubernetes: Getting API resource info for group v1

[2023-03-12T12:48:08.179Z] Getting currently deployed resource statuses...

[2023-03-12T12:48:08.204Z] Comparing expected and deployed resources...

[2023-03-12T12:48:08.205Z] All resources match.

[2023-03-12T12:48:08.897Z] Initializing...

[2023-03-12T12:48:08.906Z] Getting status... → Cached

[2023-03-12T12:48:08.908Z] Run with --force-refresh to force a refresh of provider statuses.

[2023-03-12T12:48:08.909Z] Resolving 3 modules...

[2023-03-12T12:48:08.955Z] Scanning module root at /Users/brennanwalsh/Sites/Sandbox/proj
→ Includes: ./Dockerfile,./app
→ Excludes: (none)

[2023-03-12T12:48:09.062Z] Found 43 files in module root /Users/brennanwalsh/Sites/Sandbox/proj

[2023-03-12T12:48:09.076Z] Scanning module root at /Users/brennanwalsh/Sites/Sandbox/proj
→ Includes: ./Dockerfile,./server,./app/public
→ Excludes: (none)

[2023-03-12T12:48:09.163Z] Found 3 files in module root /Users/brennanwalsh/Sites/Sandbox/proj

[2023-03-12T12:48:09.176Z] Resolving 3 modules... → Done

[2023-03-12T12:48:09.182Z] Syncing 0 files from . to .garden/build/database (and removing any extraneous files)

[2023-03-12T12:48:09.184Z] Syncing module sources (43 files)...

[2023-03-12T12:48:09.188Z] Deleting...

[2023-03-12T12:48:09.192Z] Syncing 43 files from . to .garden/build/app (and removing any extraneous files)

[2023-03-12T12:48:09.221Z] Syncing module sources (43 files)... → Done (took 0 sec)

[2023-03-12T12:48:09.227Z] Syncing module sources (3 files)...

[2023-03-12T12:48:09.232Z] Deleting...

[2023-03-12T12:48:09.240Z] Syncing 3 files from . to .garden/build/server (and removing any extraneous files)

[2023-03-12T12:48:09.257Z] Getting currently deployed resource statuses...

[2023-03-12T12:48:09.278Z] Getting currently deployed resource statuses...

[2023-03-12T12:48:09.288Z] Syncing module sources (3 files)... → Done (took 0.1 sec)

[2023-03-12T12:48:09.290Z] Deleting...

[2023-03-12T12:48:09.333Z] Comparing expected and deployed resources...

[2023-03-12T12:48:09.334Z] Resource app is not a superset of deployed resource

[2023-03-12T12:48:09.407Z] Getting currently deployed resource statuses...

[2023-03-12T12:48:09.443Z] Comparing expected and deployed resources...

[2023-03-12T12:48:09.446Z] Resource server is not a superset of deployed resource

[2023-03-12T12:48:10.738Z] Deleting... → Done (took 1.4 sec)

[2023-03-12T12:48:10.747Z] Deleting... → Done (took 1.6 sec)

[2023-03-12T12:48:15.825Z] Deleting... → Done (took 6.6 sec)

[2023-03-12T12:48:15.835Z] Cleaning up environments...

[2023-03-12T12:48:15.886Z] Deleting namespace wagregistry-wagregistry-brennanwalsh (this may take a while)

[2023-03-12T12:48:22.049Z] Deleting namespace wagregistry-wagregistry-brennanwalsh (this may take a while)

[2023-03-12T12:48:22.066Z] Cleaning up environments...

[2023-03-12T12:48:22.067Z] Done flushing all events and log entries.
