
[2023-03-11T08:39:41.509Z] Scanning project root at /Users/brennanwalsh/Sites/Sandbox/proj
→ Includes: **/*garden.y*ml
→ Excludes: .garden/**/*,.git,.gitmodules,.garden/**/*,debug-info*/**

[2023-03-11T08:39:41.664Z] Found 2 files in project root /Users/brennanwalsh/Sites/Sandbox/proj

[2023-03-11T08:39:41.807Z] Getting status...

[2023-03-11T08:39:43.342Z] Using current context: docker-desktop

[2023-03-11T08:39:43.399Z] An attempt to get kind version failed with Error: Command "kind version" failed with code ENOENT:

[2023-03-11T08:39:43.425Z] Getting status... → Cached

[2023-03-11T08:39:43.426Z] Run with --force-refresh to force a refresh of provider statuses.

[2023-03-11T08:39:43.430Z] Resolving 3 modules...

[2023-03-11T08:39:43.496Z] Scanning module root at /Users/brennanwalsh/Sites/Sandbox/proj
→ Includes: ./Dockerfile,./app
→ Excludes: (none)

[2023-03-11T08:39:43.635Z] Found 42 files in module root /Users/brennanwalsh/Sites/Sandbox/proj

[2023-03-11T08:39:43.666Z] Scanning module root at /Users/brennanwalsh/Sites/Sandbox/proj
→ Includes: ./Dockerfile,./server,./app/public
→ Excludes: (none)

[2023-03-11T08:39:43.762Z] Found 3 files in module root /Users/brennanwalsh/Sites/Sandbox/proj

[2023-03-11T08:39:43.783Z] Resolving 3 modules... → Done

[2023-03-11T08:39:43.804Z] Processing...

[2023-03-11T08:39:43.844Z] Syncing 0 files from . to .garden/build/database (and removing any extraneous files)

[2023-03-11T08:39:43.940Z] Getting build status for v-b8ece8345c...

[2023-03-11T08:39:43.951Z] Getting build status for v-b8ece8345c... → Already built

[2023-03-11T08:39:43.953Z] Syncing module sources (42 files)...

[2023-03-11T08:39:43.979Z] Syncing 42 files from . to .garden/build/app (and removing any extraneous files)

[2023-03-11T08:39:44.017Z] Kubernetes: Getting API resource info for group apps/v1

[2023-03-11T08:39:44.018Z] Kubernetes: Getting API resource info for group v1

[2023-03-11T08:39:44.044Z] Kubernetes: Getting API resource info for group networking.k8s.io/v1

[2023-03-11T08:39:44.138Z] Syncing module sources (42 files)... → Done (took 0.2 sec)

[2023-03-11T08:39:44.144Z] Getting build status for v-c684a0c14a...

[2023-03-11T08:39:44.158Z] Spawning '/Users/brennanwalsh/.garden/tools/docker/23842c62b99af05f/docker/docker images app:v-c684a0c14a -q' in /Users/brennanwalsh/Sites/Sandbox/proj

[2023-03-11T08:39:44.233Z] Getting currently deployed resource statuses...

[2023-03-11T08:39:44.234Z] Getting currently deployed resource statuses...

[2023-03-11T08:39:44.283Z] Getting currently deployed resource statuses...

[2023-03-11T08:39:44.312Z] Comparing expected and deployed resources...

[2023-03-11T08:39:44.313Z] Comparing expected and deployed resources...

[2023-03-11T08:39:44.313Z] All resources match.

[2023-03-11T08:39:44.313Z] All resources match.

[2023-03-11T08:39:44.324Z] Deploying version v-a957583129...

[2023-03-11T08:39:44.325Z] Deploying version v-a957583129... → Already deployed

[2023-03-11T08:39:44.341Z] Started proxy to database/database:5432 on localhost:5432

[2023-03-11T08:39:44.342Z] Port forward: postgres://localhost:5432 → database:5432 (database)

[2023-03-11T08:39:44.350Z] Comparing expected and deployed resources...

[2023-03-11T08:39:44.350Z] All resources match.

[2023-03-11T08:39:44.606Z] Image app:v-c684a0c14a already exists

[2023-03-11T08:39:44.609Z] Getting build status for v-c684a0c14a... → Already built

[2023-03-11T08:39:44.615Z] Syncing module sources (3 files)...

[2023-03-11T08:39:44.618Z] Deploying version v-2106fd84f6...

[2023-03-11T08:39:44.620Z] Deploying version v-2106fd84f6... → Already deployed

[2023-03-11T08:39:44.620Z] Syncing 3 files from . to .garden/build/server (and removing any extraneous files)

[2023-03-11T08:39:44.626Z] Started proxy to app/app:9000 on localhost:9000

[2023-03-11T08:39:44.629Z] Port forward: localhost:9000 → app:9000 (app)

[2023-03-11T08:39:44.633Z] Syncing module sources (3 files)... → Done (took 0 sec)

[2023-03-11T08:39:44.636Z] Getting build status for v-c4af286ac6...

[2023-03-11T08:39:44.640Z] Spawning '/Users/brennanwalsh/.garden/tools/docker/23842c62b99af05f/docker/docker images server:v-c4af286ac6 -q' in /Users/brennanwalsh/Sites/Sandbox/proj

[2023-03-11T08:39:44.736Z] Image server:v-c4af286ac6 already exists

[2023-03-11T08:39:44.739Z] Getting build status for v-c4af286ac6... → Already built

[2023-03-11T08:39:44.742Z] Deploying version v-0459a6cb8a...

[2023-03-11T08:39:44.743Z] Deploying version v-0459a6cb8a... → Already deployed

[2023-03-11T08:39:44.747Z] Ingress: http://todone.local

[2023-03-11T08:39:44.752Z] Started proxy to server/server:80 on localhost:60224

[2023-03-11T08:39:44.754Z] Port forward: http://localhost:60224 → server:80 (http)

[2023-03-11T08:39:44.757Z] Watcher: Watching paths /Users/brennanwalsh/Sites/Sandbox/proj

[2023-03-11T08:39:44.758Z] Watcher: Starting FSWatcher

[2023-03-11T08:39:44.760Z] Waiting for code changes...

[2023-03-11T08:39:51.691Z] Starting port forward to server/server:80

[2023-03-11T08:39:51.750Z] Forwarding local port 60255 to Service/server port 80

[2023-03-11T08:39:52.584Z] Successfully started port forward to server/server:80

[2023-03-11T08:39:52.585Z] Connecting to server/server:80 port forward at localhost:60255

[2023-03-11T08:39:52.591Z] Connecting to server/server:80 port forward at localhost:60255

[2023-03-11T08:39:52.591Z] Connecting to server/server:80 port forward at localhost:60255
