
[2023-03-11T08:22:02.937Z] Scanning project root at /Users/brennanwalsh/Sites/Sandbox/proj
→ Includes: **/*garden.y*ml
→ Excludes: .garden/**/*,.git,.gitmodules,.garden/**/*,debug-info*/**

[2023-03-11T08:22:03.069Z] Found 2 files in project root /Users/brennanwalsh/Sites/Sandbox/proj

[2023-03-11T08:22:03.198Z] Getting status...

[2023-03-11T08:22:04.552Z] Using current context: docker-desktop

[2023-03-11T08:22:04.577Z] An attempt to get kind version failed with Error: Command "kind version" failed with code ENOENT:

[2023-03-11T08:22:04.603Z] Getting status... → Cached

[2023-03-11T08:22:04.604Z] Run with --force-refresh to force a refresh of provider statuses.

[2023-03-11T08:22:04.607Z] Resolving 3 modules...

[2023-03-11T08:22:04.682Z] Scanning module root at /Users/brennanwalsh/Sites/Sandbox/proj
→ Includes: ./Dockerfile,./app
→ Excludes: (none)

[2023-03-11T08:22:04.802Z] Found 42 files in module root /Users/brennanwalsh/Sites/Sandbox/proj

[2023-03-11T08:22:04.841Z] Scanning module root at /Users/brennanwalsh/Sites/Sandbox/proj
→ Includes: ./Dockerfile,./server,./app/public
→ Excludes: (none)

[2023-03-11T08:22:04.953Z] Found 3 files in module root /Users/brennanwalsh/Sites/Sandbox/proj

[2023-03-11T08:22:04.966Z] Resolving 3 modules... → Done

[2023-03-11T08:22:04.979Z] Processing...

[2023-03-11T08:22:04.996Z] Syncing 0 files from . to .garden/build/database (and removing any extraneous files)

[2023-03-11T08:22:05.039Z] Getting build status for v-b8ece8345c...

[2023-03-11T08:22:05.047Z] Getting build status for v-b8ece8345c... → Already built

[2023-03-11T08:22:05.050Z] Syncing module sources (42 files)...

[2023-03-11T08:22:05.102Z] Syncing 42 files from . to .garden/build/app (and removing any extraneous files)

[2023-03-11T08:22:05.118Z] Syncing module sources (42 files)... → Done (took 0.1 sec)

[2023-03-11T08:22:05.123Z] Getting build status for v-c684a0c14a...

[2023-03-11T08:22:05.129Z] Spawning '/Users/brennanwalsh/.garden/tools/docker/23842c62b99af05f/docker/docker images app:v-c684a0c14a -q' in /Users/brennanwalsh/Sites/Sandbox/proj

[2023-03-11T08:22:05.365Z] Kubernetes: Getting API resource info for group networking.k8s.io/v1

[2023-03-11T08:22:05.392Z] Kubernetes: Getting API resource info for group apps/v1

[2023-03-11T08:22:05.392Z] Kubernetes: Getting API resource info for group v1

[2023-03-11T08:22:05.520Z] Building version v-c684a0c14a...

[2023-03-11T08:22:05.617Z] All resources missing from cluster

[2023-03-11T08:22:05.618Z] Getting currently deployed resource statuses...

[2023-03-11T08:22:05.618Z] All resources missing from cluster

[2023-03-11T08:22:05.648Z] Comparing expected and deployed resources...

[2023-03-11T08:22:05.649Z] All resources match.

[2023-03-11T08:22:05.656Z] Deploying version v-a957583129...

[2023-03-11T08:22:05.657Z] Deploying version v-a957583129... → Already deployed

[2023-03-11T08:22:05.668Z] Started proxy to database/database:5432 on localhost:5432

[2023-03-11T08:22:05.670Z] Port forward: postgres://localhost:5432 → database:5432 (database)

[2023-03-11T08:22:05.738Z] Building app:v-c684a0c14a...

[2023-03-11T08:22:05.739Z] Spawning '/Users/brennanwalsh/.garden/tools/docker/23842c62b99af05f/docker/docker build -t app:v-c684a0c14a --build-arg GARDEN_MODULE_VERSION=v-c684a0c14a --target app --file /Users/brennanwalsh/Sites/Sandbox/proj/.garden/build/app/Dockerfile /Users/brennanwalsh/Sites/Sandbox/proj/.garden/build/app' in /Users/brennanwalsh/Sites/Sandbox/proj/.garden/build/app

[2023-03-11T08:22:06.085Z] [local-docker]: #1 [internal] load build definition from Dockerfile

[2023-03-11T08:22:06.086Z] [local-docker]: #1 sha256:0b593ea6c42e062b382bd8d66de3665d01b4a9fa505d1f9d8e74386de1d91eff

[2023-03-11T08:22:06.086Z] [local-docker]: #1 transferring dockerfile: 2.24kB done

[2023-03-11T08:22:06.087Z] [local-docker]: #1 DONE 0.0s

[2023-03-11T08:22:06.087Z] [local-docker]: 

[2023-03-11T08:22:06.087Z] [local-docker]: #2 [internal] load .dockerignore

[2023-03-11T08:22:06.087Z] [local-docker]: #2 sha256:e6686a0980ddeac5093ffa0e5a710d66175d77ae75aa91700081e99e05ebe9a0

[2023-03-11T08:22:06.088Z] [local-docker]: #2 transferring context: 2B done

[2023-03-11T08:22:06.088Z] [local-docker]: #2 DONE 0.0s

[2023-03-11T08:22:06.088Z] [local-docker]: 

[2023-03-11T08:22:06.088Z] [local-docker]: #3 resolve image config for docker.io/docker/dockerfile:1.4

[2023-03-11T08:22:06.088Z] [local-docker]: #3 sha256:9ea865748483b1f4f52c8c6ec970fc4927717bff340cfc4c224a179f2ef026ca

[2023-03-11T08:22:06.826Z] [local-docker]: #3 DONE 0.6s

[2023-03-11T08:22:06.828Z] [local-docker]: 

[2023-03-11T08:22:06.829Z] [local-docker]: #4 docker-image://docker.io/docker/dockerfile:1.4@sha256:9ba7531bd80fb0a858632727cf7a112fbfd19b17e94c4e84ced81e24ef1a0dbc

[2023-03-11T08:22:06.829Z] [local-docker]: #4 sha256:66a0e12aa5cbc2eaf894e26a8df172f6c2bc232ebfb59d1ecf39b78f65e274a5

[2023-03-11T08:22:06.829Z] [local-docker]: #4 CACHED

[2023-03-11T08:22:06.968Z] [local-docker]: 

[2023-03-11T08:22:06.971Z] [local-docker]: #6 [internal] load build definition from Dockerfile

[2023-03-11T08:22:06.971Z] [local-docker]: #6 sha256:03b377242a669bf17f10af29a2fc68d53b90336ab9570ab2a681c27b4bb1a737

[2023-03-11T08:22:06.971Z] [local-docker]: #6 DONE 0.0s

[2023-03-11T08:22:06.971Z] [local-docker]: 

[2023-03-11T08:22:06.972Z] [local-docker]: #5 [internal] load .dockerignore

[2023-03-11T08:22:06.972Z] [local-docker]: #5 sha256:5b907cc39fcd743bfa460d14e44591c45c4db67fb862262b63ccb672f1782445

[2023-03-11T08:22:06.973Z] [local-docker]: #5 DONE 0.0s

[2023-03-11T08:22:06.973Z] [local-docker]: 

[2023-03-11T08:22:06.973Z] [local-docker]: #10 [internal] load metadata for docker.io/library/node:18-alpine

[2023-03-11T08:22:06.974Z] [local-docker]: #10 sha256:5ee8ea8626137e4a4e007f934eed3f693a5155be1152f5d3acaa7750c4ab9271

[2023-03-11T08:22:07.421Z] [local-docker]: #10 ...

[2023-03-11T08:22:07.421Z] [local-docker]: 

[2023-03-11T08:22:07.421Z] [local-docker]: #8 [internal] load metadata for docker.io/composer/composer:2-bin

[2023-03-11T08:22:07.421Z] [local-docker]: #8 sha256:0157127993e94986bf7244f58161f892c2a73d68ca607376ce01228a4b15af94

[2023-03-11T08:22:07.421Z] [local-docker]: #8 DONE 0.5s

[2023-03-11T08:22:07.571Z] [local-docker]: 

[2023-03-11T08:22:07.571Z] [local-docker]: #9 [internal] load metadata for docker.io/mlocati/php-extension-installer:latest

[2023-03-11T08:22:07.572Z] [local-docker]: #9 sha256:94077f4fbf3dc80fac21037ef28c4efd7bb825c5c89e9942beb2f1d9b8b41fa8

[2023-03-11T08:22:07.572Z] [local-docker]: #9 DONE 0.7s

[2023-03-11T08:22:07.572Z] [local-docker]: 

[2023-03-11T08:22:07.572Z] [local-docker]: #7 [internal] load metadata for docker.io/library/php:8.2-fpm-alpine

[2023-03-11T08:22:07.572Z] [local-docker]: #7 sha256:44689ef69613d66cf16d0f373113eeb2a28b44062abfad4887f556b2769a254a

[2023-03-11T08:22:07.874Z] [local-docker]: #7 DONE 1.0s

[2023-03-11T08:22:07.874Z] [local-docker]: 

[2023-03-11T08:22:07.875Z] [local-docker]: #10 [internal] load metadata for docker.io/library/node:18-alpine

[2023-03-11T08:22:07.875Z] [local-docker]: #10 sha256:5ee8ea8626137e4a4e007f934eed3f693a5155be1152f5d3acaa7750c4ab9271

[2023-03-11T08:22:07.998Z] [local-docker]: #10 DONE 1.1s

[2023-03-11T08:22:07.999Z] [local-docker]: 

[2023-03-11T08:22:07.999Z] [local-docker]: #11 [app  1/17] FROM docker.io/library/php:8.2-fpm-alpine@sha256:dae174052d1e0b75ad37594c14ae24dd0dd27041162c1a0f3153cc5fbd8114dd

[2023-03-11T08:22:07.999Z] [local-docker]: #11 sha256:c8b8abe9ffa9ace47b1dd437fe1e5b6c4c3c29f3b2a36206077be3e1bebdfacf

[2023-03-11T08:22:08.003Z] [local-docker]: #11 DONE 0.0s

[2023-03-11T08:22:08.004Z] [local-docker]: 

[2023-03-11T08:22:08.004Z] [local-docker]: #17 [nodejs 1/1] FROM docker.io/library/node:18-alpine@sha256:f605fcd5254d0e398e04d93c7b11e2aec2a6e1aeb7da1f99bc40cd101dd8cde4

[2023-03-11T08:22:08.004Z] [local-docker]: #17 sha256:77827acad3ab054ff93ffd715ab8f0981aade8229dcaeded9e58cbe516c4faa8

[2023-03-11T08:22:08.004Z] [local-docker]: #17 DONE 0.0s

[2023-03-11T08:22:08.004Z] [local-docker]: 

[2023-03-11T08:22:08.004Z] [local-docker]: #13 [php_extension_installer 1/1] FROM docker.io/mlocati/php-extension-installer:latest@sha256:87b296530ee351d9a0978b8ed851446157cf866f9a81f542c5be542bc014b9b9

[2023-03-11T08:22:08.005Z] [local-docker]: #13 sha256:c492f9007d3fd2e49ff18d44af67bebfef5055e05fbe4c609f91b7eafa5fc987

[2023-03-11T08:22:08.005Z] [local-docker]: #13 DONE 0.0s

[2023-03-11T08:22:08.006Z] [local-docker]: 

[2023-03-11T08:22:08.006Z] [local-docker]: #15 [composer 1/1] FROM docker.io/composer/composer:2-bin@sha256:6a8b987cd68b8c38863bf05cba6a5776ddd2f6753a20b83e12a1d6ae4827d4a5

[2023-03-11T08:22:08.006Z] [local-docker]: #15 sha256:8c34a4d8dc3e231d106045a6ef0ea462d0bdc4458c87e80455b2b46bb3b21851

[2023-03-11T08:22:08.007Z] [local-docker]: #15 DONE 0.0s

[2023-03-11T08:22:08.007Z] [local-docker]: 

[2023-03-11T08:22:08.007Z] [local-docker]: #23 [internal] load build context

[2023-03-11T08:22:08.007Z] [local-docker]: #23 sha256:840f642f49dac466ba94c753b4ea9d6115bf6daab7e65e209d6dacb1a37489cf

[2023-03-11T08:22:08.007Z] [local-docker]: #23 transferring context: 2.46kB 0.0s done

[2023-03-11T08:22:08.007Z] [local-docker]: #23 DONE 0.0s

[2023-03-11T08:22:08.007Z] [local-docker]: 

[2023-03-11T08:22:08.007Z] [local-docker]: #19 [app  6/17] COPY --from=nodejs --link /usr/local/lib/node_modules /usr/local/lib/node_modules

[2023-03-11T08:22:08.008Z] [local-docker]: #19 sha256:5d04446ebf5c26d43d583fde8a941e8090fc97606134a709aef0ffb153d226f4

[2023-03-11T08:22:08.008Z] [local-docker]: #19 CACHED

[2023-03-11T08:22:08.008Z] [local-docker]: 

[2023-03-11T08:22:08.008Z] [local-docker]: #16 [app  4/17] COPY --from=composer --link /composer /usr/bin/

[2023-03-11T08:22:08.008Z] [local-docker]: #16 sha256:a01b7a374a2de9af02942b85832dc40d504bd00ef2bb79184bf5eca09c5652e3

[2023-03-11T08:22:08.008Z] [local-docker]: #16 CACHED

[2023-03-11T08:22:08.008Z] [local-docker]: 

[2023-03-11T08:22:08.008Z] [local-docker]: #22 [app  9/17] RUN install-php-extensions intl zip apcu opcache pdo_pgsql;

[2023-03-11T08:22:08.008Z] [local-docker]: #22 sha256:7787ca72319e5b7fa2d0adfc641c2f5c9a2086cf944649aa74be2d8b172f2391

[2023-03-11T08:22:08.008Z] [local-docker]: #22 CACHED

[2023-03-11T08:22:08.008Z] [local-docker]: 

[2023-03-11T08:22:08.008Z] [local-docker]: #21 [app  8/17] RUN apk add --no-cache bash make;

[2023-03-11T08:22:08.008Z] [local-docker]: #21 sha256:b5cfbc4cecc95f7dd77e510cfcecc3a1482cf9b0ca93601c0e42cac9e7928caa

[2023-03-11T08:22:08.008Z] [local-docker]: #21 CACHED

[2023-03-11T08:22:08.008Z] [local-docker]: 

[2023-03-11T08:22:08.008Z] [local-docker]: #26 [app 12/17] RUN mv "/usr/local/etc/php/php.ini-development" "/usr/local/etc/php/php.ini"

[2023-03-11T08:22:08.008Z] [local-docker]: #26 sha256:02c810e4aa050193f3c487593abfc4ccafa60e654e67adf1963779174981971f

[2023-03-11T08:22:08.009Z] [local-docker]: #26 CACHED

[2023-03-11T08:22:08.009Z] [local-docker]: 

[2023-03-11T08:22:08.009Z] [local-docker]: #18 [app  5/17] COPY --from=nodejs --link /usr/local/bin/node /usr/local/bin/

[2023-03-11T08:22:08.009Z] [local-docker]: #18 sha256:4b4b8beb4324af52aef95d0d0e697dce54e15cb631d0466c1ab135833aeb62f5

[2023-03-11T08:22:08.009Z] [local-docker]: #18 CACHED

[2023-03-11T08:22:08.009Z] [local-docker]: 

[2023-03-11T08:22:08.009Z] [local-docker]: #28 [app 14/17] RUN chmod +x ./bin/console;

[2023-03-11T08:22:08.009Z] [local-docker]: #28 sha256:4d3bcd7b6b4172b26a09b5039e70b0d7b90175f82ed3187cb6ae7ca26ad27772

[2023-03-11T08:22:08.009Z] [local-docker]: #28 CACHED

[2023-03-11T08:22:08.009Z] [local-docker]: 

[2023-03-11T08:22:08.009Z] [local-docker]: #24 [app 10/17] COPY --link ./app/etc/conf.d/app.ini /usr/local/etc/php/conf.d/

[2023-03-11T08:22:08.009Z] [local-docker]: #24 sha256:133ec9874afbc558864af7939925c2a3e56f55993bc487de4fa72cfa2bae5689

[2023-03-11T08:22:08.009Z] [local-docker]: #24 CACHED

[2023-03-11T08:22:08.009Z] [local-docker]: 

[2023-03-11T08:22:08.009Z] [local-docker]: #25 [app 11/17] COPY --link ./app/etc/php-fpm.d/zz-docker.conf /usr/local/etc/php-fpm.d/zz-docker.conf

[2023-03-11T08:22:08.009Z] [local-docker]: #25 sha256:a5919abdca8ca883709c603a125b86a296db49940dd187143c9e8f7557dd0d85

[2023-03-11T08:22:08.010Z] [local-docker]: #25 CACHED

[2023-03-11T08:22:08.010Z] [local-docker]: 

[2023-03-11T08:22:08.010Z] [local-docker]: #20 [app  7/17] RUN ln -s /usr/local/lib/node_modules/npm/bin/npm-cli.js /usr/local/bin/npm

[2023-03-11T08:22:08.010Z] [local-docker]: #20 sha256:76be8c7fb6bdd7647fe4c8b0823a4758ecdeff890997354560f614c046b2296c

[2023-03-11T08:22:08.010Z] [local-docker]: #20 CACHED

[2023-03-11T08:22:08.010Z] [local-docker]: 

[2023-03-11T08:22:08.010Z] [local-docker]: #14 [app  3/17] COPY --from=php_extension_installer --link /usr/bin/install-php-extensions /usr/bin/

[2023-03-11T08:22:08.010Z] [local-docker]: #14 sha256:0d903561b793c7c94444be6cb0c4827a74de697e4283aa54cb1163945e160cc3

[2023-03-11T08:22:08.010Z] [local-docker]: #14 CACHED

[2023-03-11T08:22:08.010Z] [local-docker]: 

[2023-03-11T08:22:08.010Z] [local-docker]: #12 [app  2/17] WORKDIR /srv/app

[2023-03-11T08:22:08.010Z] [local-docker]: #12 sha256:3200e88b4ae95031bc133099fb5786f7fe13b65a2abce90f7e2b9cd2ae4e8a0c

[2023-03-11T08:22:08.010Z] [local-docker]: #12 CACHED

[2023-03-11T08:22:08.010Z] [local-docker]: 

[2023-03-11T08:22:08.010Z] [local-docker]: #29 [app 15/17] COPY --link ./app/etc/docker-entrypoint ./app/etc/wait-for-it ./app/etc/docker-healthcheck /usr/local/bin/

[2023-03-11T08:22:08.011Z] [local-docker]: #29 sha256:cbf5c5ceb502f6ec89f084525d5ec39b44eea235ec269f1ee32e28ce1cb5c2cb

[2023-03-11T08:22:08.011Z] [local-docker]: #29 CACHED

[2023-03-11T08:22:08.011Z] [local-docker]: 

[2023-03-11T08:22:08.011Z] [local-docker]: #27 [app 13/17] COPY --link ./app/bin ./bin

[2023-03-11T08:22:08.011Z] [local-docker]: #27 sha256:2f0cf5dab3c45c2552fd9c7ab14f5e7c24731c93040a579850a5483d230f1f27

[2023-03-11T08:22:08.011Z] [local-docker]: #27 CACHED

[2023-03-11T08:22:08.011Z] [local-docker]: 

[2023-03-11T08:22:08.011Z] [local-docker]: #30 [app 16/17] RUN chmod +x /usr/local/bin/docker-entrypoint; 		chmod +x /usr/local/bin/wait-for-it; 		chmod +x /usr/local/bin/docker-healthcheck;

[2023-03-11T08:22:08.011Z] [local-docker]: #30 sha256:f9360c9677f689dd61605d64960597506dd1ba485d8b8daeb666192c7e790015

[2023-03-11T08:22:08.011Z] [local-docker]: #30 CACHED

[2023-03-11T08:22:08.011Z] [local-docker]: 

[2023-03-11T08:22:08.011Z] [local-docker]: #31 [app 17/17] COPY --link  ./app .

[2023-03-11T08:22:08.011Z] [local-docker]: #31 sha256:a9de5f6c04c474a2a2752c9e64acacfaf8b3c891a434567ffcc8d85d48999401

[2023-03-11T08:22:08.011Z] [local-docker]: #31 DONE 0.0s

[2023-03-11T08:22:08.031Z] [local-docker]: 

[2023-03-11T08:22:08.031Z] [local-docker]: #32 exporting to image

[2023-03-11T08:22:08.031Z] [local-docker]: #32 sha256:e8c613e07b0b7ff33893b694f7759a10d42e180f2b4dc349fb57dc6b71dcab00

[2023-03-11T08:22:08.031Z] [local-docker]: #32 exporting layers 0.0s done

[2023-03-11T08:22:08.031Z] [local-docker]: #32 writing image sha256:b40975926d0f3b8b3f7f72f2d87dfbcb751eee68620bf8d6ef6235d23ac2789c done

[2023-03-11T08:22:08.031Z] [local-docker]: #32 naming to docker.io/library/app:v-c684a0c14a done

[2023-03-11T08:22:08.031Z] [local-docker]: #32 DONE 0.0s

[2023-03-11T08:22:08.037Z] Building app:v-c684a0c14a... → Done (took 2.9 sec)

[2023-03-11T08:22:08.058Z] Syncing module sources (3 files)...

[2023-03-11T08:22:08.066Z] Deploying version v-bba308aeb7...

[2023-03-11T08:22:08.093Z] Syncing 3 files from . to .garden/build/server (and removing any extraneous files)

[2023-03-11T08:22:08.094Z] Kubernetes: Getting API resource info for group batch/v1

[2023-03-11T08:22:08.095Z] Kubernetes: Getting API resource info for group batch/v1beta1

[2023-03-11T08:22:08.095Z] Kubernetes: Getting API resource info for group extensions/v1beta1

[2023-03-11T08:22:08.292Z] Syncing module sources (3 files)... → Done (took 0.2 sec)

[2023-03-11T08:22:08.300Z] Getting build status for v-a848a8a596...

[2023-03-11T08:22:08.309Z] Spawning '/Users/brennanwalsh/.garden/tools/docker/23842c62b99af05f/docker/docker images server:v-a848a8a596 -q' in /Users/brennanwalsh/Sites/Sandbox/proj

[2023-03-11T08:22:08.474Z] Building version v-a848a8a596...

[2023-03-11T08:22:08.594Z] Building server:v-a848a8a596...

[2023-03-11T08:22:08.595Z] Spawning '/Users/brennanwalsh/.garden/tools/docker/23842c62b99af05f/docker/docker build -t server:v-a848a8a596 --build-arg GARDEN_MODULE_VERSION=v-a848a8a596 --target server --file /Users/brennanwalsh/Sites/Sandbox/proj/.garden/build/server/Dockerfile /Users/brennanwalsh/Sites/Sandbox/proj/.garden/build/server' in /Users/brennanwalsh/Sites/Sandbox/proj/.garden/build/server

[2023-03-11T08:22:09.254Z] [local-docker]: #1 [internal] load build definition from Dockerfile

[2023-03-11T08:22:09.255Z] [local-docker]: #1 sha256:d14fdd4615ae6472fd7d3c6e79d781c8e3d31d73cf90e25e94f27737a8fcb346

[2023-03-11T08:22:09.255Z] [local-docker]: #1 transferring dockerfile: 2.24kB done

[2023-03-11T08:22:09.255Z] [local-docker]: #1 DONE 0.0s

[2023-03-11T08:22:09.255Z] [local-docker]: 

[2023-03-11T08:22:09.255Z] [local-docker]: #2 [internal] load .dockerignore

[2023-03-11T08:22:09.256Z] [local-docker]: #2 sha256:55eaf3d2f730dbcabdbbcd7b168606f26010389bf324b727c403182e08ba53ff

[2023-03-11T08:22:09.256Z] [local-docker]: #2 transferring context: 2B done

[2023-03-11T08:22:09.256Z] [local-docker]: #2 DONE 0.0s

[2023-03-11T08:22:09.278Z] Waiting for resources to be ready...

[2023-03-11T08:22:09.278Z] [kubernetes-plugin]: Waiting for resources to be ready...

[2023-03-11T08:22:09.370Z] [local-docker]: 

[2023-03-11T08:22:09.370Z] [local-docker]: #3 resolve image config for docker.io/docker/dockerfile:1.4

[2023-03-11T08:22:09.370Z] [local-docker]: #3 sha256:9ea865748483b1f4f52c8c6ec970fc4927717bff340cfc4c224a179f2ef026ca

[2023-03-11T08:22:09.974Z] [local-docker]: #3 DONE 0.5s

[2023-03-11T08:22:09.975Z] [local-docker]: 

[2023-03-11T08:22:09.975Z] [local-docker]: #4 docker-image://docker.io/docker/dockerfile:1.4@sha256:9ba7531bd80fb0a858632727cf7a112fbfd19b17e94c4e84ced81e24ef1a0dbc

[2023-03-11T08:22:09.976Z] [local-docker]: #4 sha256:66a0e12aa5cbc2eaf894e26a8df172f6c2bc232ebfb59d1ecf39b78f65e274a5

[2023-03-11T08:22:09.976Z] [local-docker]: #4 CACHED

[2023-03-11T08:22:10.722Z] [local-docker]: 

[2023-03-11T08:22:10.735Z] [local-docker]: #5 [internal] load .dockerignore

[2023-03-11T08:22:10.736Z] [local-docker]: #5 sha256:1f475d78ab081ab4d66f61d74445ec07e5f183a04f681ee0ef049e3c7cff4fa1

[2023-03-11T08:22:10.736Z] [local-docker]: #5 DONE 0.0s

[2023-03-11T08:22:10.736Z] [local-docker]: 

[2023-03-11T08:22:10.736Z] [local-docker]: #6 [internal] load build definition from Dockerfile

[2023-03-11T08:22:10.736Z] [local-docker]: #6 sha256:800676dce18d3ee66ceb7064953810c3e93195ebbc85bff38f6a91e04b906765

[2023-03-11T08:22:10.737Z] [local-docker]: #6 DONE 0.0s

[2023-03-11T08:22:10.737Z] [local-docker]: 

[2023-03-11T08:22:10.737Z] [local-docker]: #7 [internal] load metadata for docker.io/library/caddy:2.6-alpine

[2023-03-11T08:22:10.737Z] [local-docker]: #7 sha256:b5c2bfb54074ace1ac2676cd0cfcdd7bf608114053735ecb316464b673ee88af

[2023-03-11T08:22:11.525Z] Status of Deployment app is "deploying"

[2023-03-11T08:22:11.527Z] [kubernetes-plugin]: Status of Deployment app is "deploying"

[2023-03-11T08:22:11.533Z] Deployment/app: Created container app

[2023-03-11T08:22:11.533Z] [kubernetes-plugin]: Deployment/app: Created container app

[2023-03-11T08:22:11.534Z] Status of Service app is "ready"

[2023-03-11T08:22:11.534Z] [kubernetes-plugin]: Status of Service app is "ready"

[2023-03-11T08:22:11.620Z] [local-docker]: #7 ...

[2023-03-11T08:22:11.620Z] [local-docker]: 

[2023-03-11T08:22:11.620Z] [local-docker]: #8 [auth] library/caddy:pull token for registry-1.docker.io

[2023-03-11T08:22:11.620Z] [local-docker]: #8 sha256:1864e98309c948fcb4447d6028518c286e44e85b08bd6d5a0dc20726a047e3df

[2023-03-11T08:22:11.620Z] [local-docker]: #8 DONE 0.0s

[2023-03-11T08:22:11.770Z] [local-docker]: 

[2023-03-11T08:22:11.771Z] [local-docker]: #7 [internal] load metadata for docker.io/library/caddy:2.6-alpine

[2023-03-11T08:22:11.771Z] [local-docker]: #7 sha256:b5c2bfb54074ace1ac2676cd0cfcdd7bf608114053735ecb316464b673ee88af

[2023-03-11T08:22:12.687Z] [local-docker]: #7 DONE 2.0s

[2023-03-11T08:22:12.778Z] [local-docker]: 

[2023-03-11T08:22:12.779Z] [local-docker]: #9 [server 1/4] FROM docker.io/library/caddy:2.6-alpine@sha256:3f4414616d9141c4fbd9f66641d9b91a3b67833dd4145738c536dee584db5314

[2023-03-11T08:22:12.779Z] [local-docker]: #9 sha256:7512f525f983f4aa77728146b3cf48a3abfc49a3375957ea816cc1eb65fd60fa

[2023-03-11T08:22:12.780Z] [local-docker]: #9 resolve docker.io/library/caddy:2.6-alpine@sha256:3f4414616d9141c4fbd9f66641d9b91a3b67833dd4145738c536dee584db5314 done

[2023-03-11T08:22:12.781Z] [local-docker]: #9 DONE 0.0s

[2023-03-11T08:22:12.782Z] [local-docker]: 

[2023-03-11T08:22:12.782Z] [local-docker]: #11 [internal] load build context

[2023-03-11T08:22:12.782Z] [local-docker]: #11 sha256:16067b06bb9f6fb4f958465530d3ce146240f339cdc2c05f9aabe1ca756d2fe2

[2023-03-11T08:22:12.782Z] [local-docker]: #11 transferring context: 484B done

[2023-03-11T08:22:12.782Z] [local-docker]: #11 DONE 0.0s

[2023-03-11T08:22:12.782Z] [local-docker]: 

[2023-03-11T08:22:12.783Z] [local-docker]: #10 [server 2/4] WORKDIR /srv/app

[2023-03-11T08:22:12.783Z] [local-docker]: #10 sha256:4f4cee17ac54c82763d359b937a28ab3630c941c21b6bf24e4c1ec8c8eecfc5b

[2023-03-11T08:22:12.784Z] [local-docker]: #10 CACHED

[2023-03-11T08:22:12.784Z] [local-docker]: 

[2023-03-11T08:22:12.784Z] [local-docker]: #12 [server 3/4] COPY --link ./server/Caddyfile /etc/caddy/Caddyfile

[2023-03-11T08:22:12.784Z] [local-docker]: #12 sha256:86516ada2089fa3a81f5b4c8951f78f707ee349198f27d26ee99de2a0ce0c71c

[2023-03-11T08:22:12.784Z] [local-docker]: #12 CACHED

[2023-03-11T08:22:12.785Z] [local-docker]: 

[2023-03-11T08:22:12.785Z] [local-docker]: #13 [server 4/4] COPY --link ./app/public public

[2023-03-11T08:22:12.785Z] [local-docker]: #13 sha256:a2e3ffe0f82545d3497c685e21b923299aedea6d7a06d8bc9cd9dd5343bb0bab

[2023-03-11T08:22:12.785Z] [local-docker]: #13 DONE 0.0s

[2023-03-11T08:22:12.785Z] [local-docker]: 

[2023-03-11T08:22:12.785Z] [local-docker]: #14 exporting to image

[2023-03-11T08:22:12.785Z] [local-docker]: #14 sha256:e8c613e07b0b7ff33893b694f7759a10d42e180f2b4dc349fb57dc6b71dcab00

[2023-03-11T08:22:12.785Z] [local-docker]: #14 exporting layers 0.0s done

[2023-03-11T08:22:12.786Z] [local-docker]: #14 writing image sha256:caaa95ac6847e675371d2912aa68ba308a4c8e0d1f5ca8473bd5562d03e8abe4

[2023-03-11T08:22:12.789Z] [local-docker]: #14 writing image sha256:caaa95ac6847e675371d2912aa68ba308a4c8e0d1f5ca8473bd5562d03e8abe4 done

[2023-03-11T08:22:12.790Z] [local-docker]: #14 naming to docker.io/library/server:v-a848a8a596 done

[2023-03-11T08:22:12.790Z] [local-docker]: #14 DONE 0.0s

[2023-03-11T08:22:12.817Z] Building server:v-a848a8a596... → Done (took 4.5 sec)

[2023-03-11T08:22:12.832Z] Deploying version v-1e8ae4d703...

[2023-03-11T08:22:12.868Z] Kubernetes: Getting API resource info for group batch/v1beta1

[2023-03-11T08:22:12.871Z] Kubernetes: Getting API resource info for group extensions/v1beta1

[2023-03-11T08:22:14.178Z] Status of Deployment app is "ready"

[2023-03-11T08:22:14.180Z] [kubernetes-plugin]: Status of Deployment app is "ready"

[2023-03-11T08:22:14.181Z] Status of Service app is "ready"

[2023-03-11T08:22:14.181Z] [kubernetes-plugin]: Status of Service app is "ready"

[2023-03-11T08:22:14.182Z] [kubernetes-plugin]: Resources ready

[2023-03-11T08:22:14.195Z] Resources ready

[2023-03-11T08:22:14.325Z] Getting currently deployed resource statuses...

[2023-03-11T08:22:14.373Z] Comparing expected and deployed resources...

[2023-03-11T08:22:14.379Z] All resources match.

[2023-03-11T08:22:14.401Z] Deploying version v-bba308aeb7... → Done (took 6.3 sec)

[2023-03-11T08:22:14.411Z] Started proxy to app/app:80 on localhost:54930

[2023-03-11T08:22:14.416Z] Port forward: http://localhost:54930 → app:80 (app)

[2023-03-11T08:22:14.632Z] Waiting for resources to be ready...

[2023-03-11T08:22:14.633Z] [kubernetes-plugin]: Waiting for resources to be ready...

[2023-03-11T08:22:16.882Z] Status of Deployment server is "deploying"

[2023-03-11T08:22:16.883Z] [kubernetes-plugin]: Status of Deployment server is "deploying"

[2023-03-11T08:22:16.892Z] Deployment/server: Started container server

[2023-03-11T08:22:16.892Z] [kubernetes-plugin]: Deployment/server: Started container server

[2023-03-11T08:22:16.892Z] Status of Service server is "ready"

[2023-03-11T08:22:16.892Z] [kubernetes-plugin]: Status of Service server is "ready"

[2023-03-11T08:22:16.892Z] Status of Ingress server-0 is "ready"

[2023-03-11T08:22:16.892Z] [kubernetes-plugin]: Status of Ingress server-0 is "ready"

[2023-03-11T08:22:19.438Z] Status of Deployment server is "ready"

[2023-03-11T08:22:19.438Z] [kubernetes-plugin]: Status of Deployment server is "ready"

[2023-03-11T08:22:19.439Z] Status of Service server is "ready"

[2023-03-11T08:22:19.439Z] [kubernetes-plugin]: Status of Service server is "ready"

[2023-03-11T08:22:19.439Z] Status of Ingress server-0 is "ready"

[2023-03-11T08:22:19.439Z] [kubernetes-plugin]: Status of Ingress server-0 is "ready"

[2023-03-11T08:22:19.439Z] [kubernetes-plugin]: Resources ready

[2023-03-11T08:22:19.445Z] Resources ready

[2023-03-11T08:22:19.477Z] Getting currently deployed resource statuses...

[2023-03-11T08:22:19.504Z] Comparing expected and deployed resources...

[2023-03-11T08:22:19.507Z] All resources match.

[2023-03-11T08:22:19.513Z] Deploying version v-1e8ae4d703... → Done (took 6.7 sec)

[2023-03-11T08:22:19.523Z] Ingress: http://todone.local

[2023-03-11T08:22:19.530Z] Started proxy to server/server:80 on localhost:54988

[2023-03-11T08:22:19.536Z] Port forward: http://localhost:54988 → server:80 (http)

[2023-03-11T08:22:19.552Z] Watcher: Watching paths /Users/brennanwalsh/Sites/Sandbox/proj

[2023-03-11T08:22:19.557Z] Watcher: Starting FSWatcher

[2023-03-11T08:22:19.564Z] Waiting for code changes...

[2023-03-11T08:22:21.553Z] Starting port forward to server/server:80

[2023-03-11T08:22:21.573Z] Forwarding local port 54999 to Service/server port 80

[2023-03-11T08:22:22.588Z] Successfully started port forward to server/server:80

[2023-03-11T08:22:22.590Z] Connecting to server/server:80 port forward at localhost:54999

[2023-03-11T08:22:22.591Z] Connecting to server/server:80 port forward at localhost:54999

[2023-03-11T08:22:22.592Z] Connecting to server/server:80 port forward at localhost:54999

[2023-03-11T08:22:22.743Z] Connection from undefined:undefined ended

[2023-03-11T08:23:07.016Z] Error reading safe directories from the .gitconfig: Error: Command "git config --get-all safe.directory" failed with code 1:

[2023-03-11T08:23:07.185Z] Getting status...

[2023-03-11T08:23:07.892Z] Using current context: docker-desktop

[2023-03-11T08:23:07.939Z] An attempt to get kind version failed with Error: Command "kind version" failed with code ENOENT:

[2023-03-11T08:23:07.954Z] Getting status... → Cached

[2023-03-11T08:23:07.957Z] Run with --force-refresh to force a refresh of provider statuses.

[2023-03-11T08:23:07.960Z] Scanning project root at /Users/brennanwalsh/Sites/Sandbox/proj
→ Includes: **/*garden.y*ml
→ Excludes: .garden/**/*,.git,.gitmodules,.garden/**/*,debug-info*/**

[2023-03-11T08:23:08.107Z] Found 2 files in project root /Users/brennanwalsh/Sites/Sandbox/proj

[2023-03-11T08:23:08.141Z] Resolving 3 modules...

[2023-03-11T08:23:08.178Z] Scanning module root at /Users/brennanwalsh/Sites/Sandbox/proj
→ Includes: ./Dockerfile,./app
→ Excludes: (none)

[2023-03-11T08:23:08.294Z] Found 42 files in module root /Users/brennanwalsh/Sites/Sandbox/proj

[2023-03-11T08:23:08.309Z] Scanning module root at /Users/brennanwalsh/Sites/Sandbox/proj
→ Includes: ./Dockerfile,./server,./app/public
→ Excludes: (none)

[2023-03-11T08:23:08.409Z] Found 3 files in module root /Users/brennanwalsh/Sites/Sandbox/proj

[2023-03-11T08:23:08.422Z] Resolving 3 modules... → Done

[2023-03-11T08:23:08.425Z] Module configuration changed, reloading...

[2023-03-11T08:23:08.426Z] Watcher: Clearing handlers

[2023-03-11T08:23:08.628Z] Error reading safe directories from the .gitconfig: Error: Command "git config --get-all safe.directory" failed with code 1:

[2023-03-11T08:23:08.732Z] ━━━━━━━━━━━━━━━━━━━━━━━━━━━━━━━━━━━━━━━━━━━━━━━━━━━━━━━━━━━━━━━━━━━━━━━━━━━━━━━━
🌍  Running in namespace wagregistry-brennanwalsh in environment local
━━━━━━━━━━━━━━━━━━━━━━━━━━━━━━━━━━━━━━━━━━━━━━━━━━━━━━━━━━━━━━━━━━━━━━━━━━━━━━━━


[2023-03-11T08:23:08.749Z] Garden dashboard running at http://localhost:9777?key=hgt2qjqc7qofkrvwr1w7qevi

[2023-03-11T08:23:08.757Z] Getting status...

[2023-03-11T08:23:09.255Z] Using current context: docker-desktop

[2023-03-11T08:23:09.317Z] An attempt to get kind version failed with Error: Command "kind version" failed with code ENOENT:

[2023-03-11T08:23:09.332Z] Getting status... → Cached

[2023-03-11T08:23:09.335Z] Run with --force-refresh to force a refresh of provider statuses.

[2023-03-11T08:23:09.338Z] Scanning project root at /Users/brennanwalsh/Sites/Sandbox/proj
→ Includes: **/*garden.y*ml
→ Excludes: .garden/**/*,.git,.gitmodules,.garden/**/*,debug-info*/**

[2023-03-11T08:23:09.541Z] Found 2 files in project root /Users/brennanwalsh/Sites/Sandbox/proj

[2023-03-11T08:23:09.569Z] Resolving 3 modules...

[2023-03-11T08:23:09.588Z] Scanning module root at /Users/brennanwalsh/Sites/Sandbox/proj
→ Includes: ./Dockerfile,./app
→ Excludes: (none)

[2023-03-11T08:23:09.707Z] Found 42 files in module root /Users/brennanwalsh/Sites/Sandbox/proj

[2023-03-11T08:23:09.720Z] Scanning module root at /Users/brennanwalsh/Sites/Sandbox/proj
→ Includes: ./Dockerfile,./server,./app/public
→ Excludes: (none)

[2023-03-11T08:23:09.823Z] Found 3 files in module root /Users/brennanwalsh/Sites/Sandbox/proj

[2023-03-11T08:23:09.835Z] Resolving 3 modules... → Done

[2023-03-11T08:23:09.842Z] Processing...

[2023-03-11T08:23:09.862Z] Syncing 0 files from . to .garden/build/database (and removing any extraneous files)

[2023-03-11T08:23:09.903Z] Getting build status for v-b8ece8345c...

[2023-03-11T08:23:09.909Z] Getting build status for v-b8ece8345c... → Already built

[2023-03-11T08:23:09.912Z] Syncing module sources (42 files)...

[2023-03-11T08:23:09.914Z] Syncing 42 files from . to .garden/build/app (and removing any extraneous files)

[2023-03-11T08:23:09.940Z] Getting currently deployed resource statuses...

[2023-03-11T08:23:09.941Z] Getting currently deployed resource statuses...

[2023-03-11T08:23:09.966Z] Getting currently deployed resource statuses...

[2023-03-11T08:23:09.989Z] Syncing module sources (42 files)... → Done (took 0.1 sec)

[2023-03-11T08:23:09.993Z] Getting build status for v-c684a0c14a...

[2023-03-11T08:23:09.998Z] Comparing expected and deployed resources...

[2023-03-11T08:23:09.999Z] Comparing expected and deployed resources...

[2023-03-11T08:23:09.999Z] All resources match.

[2023-03-11T08:23:09.999Z] All resources match.

[2023-03-11T08:23:10.000Z] Spawning '/Users/brennanwalsh/.garden/tools/docker/23842c62b99af05f/docker/docker images app:v-c684a0c14a -q' in /Users/brennanwalsh/Sites/Sandbox/proj

[2023-03-11T08:23:10.079Z] Deploying version v-a957583129...

[2023-03-11T08:23:10.082Z] Deploying version v-a957583129... → Already deployed

[2023-03-11T08:23:10.090Z] Port forward: postgres://localhost:5432 → database:5432 (database)

[2023-03-11T08:23:10.094Z] Comparing expected and deployed resources...

[2023-03-11T08:23:10.096Z] Resource server is not a superset of deployed resource

[2023-03-11T08:23:10.485Z] Image app:v-c684a0c14a already exists

[2023-03-11T08:23:10.490Z] Getting build status for v-c684a0c14a... → Already built

[2023-03-11T08:23:10.491Z] Syncing module sources (3 files)...

[2023-03-11T08:23:10.496Z] Deploying version v-bba308aeb7...

[2023-03-11T08:23:10.501Z] Deploying version v-bba308aeb7... → Already deployed

[2023-03-11T08:23:10.502Z] Syncing 3 files from . to .garden/build/server (and removing any extraneous files)

[2023-03-11T08:23:10.506Z] Port forward: http://localhost:54930 → app:80 (app)

[2023-03-11T08:23:10.510Z] Syncing module sources (3 files)... → Done (took 0 sec)

[2023-03-11T08:23:10.515Z] Getting build status for v-1692538c38...

[2023-03-11T08:23:10.519Z] Spawning '/Users/brennanwalsh/.garden/tools/docker/23842c62b99af05f/docker/docker images server:v-1692538c38 -q' in /Users/brennanwalsh/Sites/Sandbox/proj

[2023-03-11T08:23:10.620Z] Building version v-1692538c38...

[2023-03-11T08:23:10.893Z] Building server:v-1692538c38...

[2023-03-11T08:23:10.894Z] Spawning '/Users/brennanwalsh/.garden/tools/docker/23842c62b99af05f/docker/docker build -t server:v-1692538c38 --build-arg GARDEN_MODULE_VERSION=v-1692538c38 --target server --file /Users/brennanwalsh/Sites/Sandbox/proj/.garden/build/server/Dockerfile /Users/brennanwalsh/Sites/Sandbox/proj/.garden/build/server' in /Users/brennanwalsh/Sites/Sandbox/proj/.garden/build/server

[2023-03-11T08:23:11.388Z] [local-docker]: #1 [internal] load build definition from Dockerfile

[2023-03-11T08:23:11.388Z] [local-docker]: #1 sha256:ffcd9f23f7b8efd5d2a4755b55cacc3d7a8842a97aa193a20de365048735c416

[2023-03-11T08:23:11.389Z] [local-docker]: #1 transferring dockerfile: 37B done

[2023-03-11T08:23:11.389Z] [local-docker]: #1 DONE 0.0s

[2023-03-11T08:23:11.389Z] [local-docker]: 

[2023-03-11T08:23:11.389Z] [local-docker]: #2 [internal] load .dockerignore

[2023-03-11T08:23:11.389Z] [local-docker]: #2 sha256:54c0ae49fa28d981999ca883ab8f4243858fce7a731589fe8168e3093c070fb9

[2023-03-11T08:23:11.389Z] [local-docker]: #2 transferring context: 2B done

[2023-03-11T08:23:11.390Z] [local-docker]: #2 DONE 0.0s

[2023-03-11T08:23:11.390Z] [local-docker]: 

[2023-03-11T08:23:11.390Z] [local-docker]: #3 resolve image config for docker.io/docker/dockerfile:1.4

[2023-03-11T08:23:11.390Z] [local-docker]: #3 sha256:9ea865748483b1f4f52c8c6ec970fc4927717bff340cfc4c224a179f2ef026ca
