
[2023-03-11T08:23:15.701Z] Scanning project root at /Users/brennanwalsh/Sites/Sandbox/proj
→ Includes: **/*garden.y*ml
→ Excludes: .garden/**/*,.git,.gitmodules,.garden/**/*,debug-info*/**

[2023-03-11T08:23:15.907Z] Found 2 files in project root /Users/brennanwalsh/Sites/Sandbox/proj

[2023-03-11T08:23:16.062Z] Getting status...

[2023-03-11T08:23:17.502Z] Using current context: docker-desktop

[2023-03-11T08:23:17.542Z] An attempt to get kind version failed with Error: Command "kind version" failed with code ENOENT:

[2023-03-11T08:23:17.568Z] Getting status... → Cached

[2023-03-11T08:23:17.569Z] Run with --force-refresh to force a refresh of provider statuses.

[2023-03-11T08:23:17.571Z] Resolving 3 modules...

[2023-03-11T08:23:17.634Z] Scanning module root at /Users/brennanwalsh/Sites/Sandbox/proj
→ Includes: ./Dockerfile,./app
→ Excludes: (none)

[2023-03-11T08:23:17.767Z] Found 42 files in module root /Users/brennanwalsh/Sites/Sandbox/proj

[2023-03-11T08:23:17.799Z] Scanning module root at /Users/brennanwalsh/Sites/Sandbox/proj
→ Includes: ./Dockerfile,./server,./app/public
→ Excludes: (none)

[2023-03-11T08:23:17.889Z] Found 3 files in module root /Users/brennanwalsh/Sites/Sandbox/proj

[2023-03-11T08:23:17.905Z] Resolving 3 modules... → Done

[2023-03-11T08:23:17.927Z] Processing...

[2023-03-11T08:23:17.950Z] Syncing 0 files from . to .garden/build/database (and removing any extraneous files)

[2023-03-11T08:23:18.013Z] Getting build status for v-b8ece8345c...

[2023-03-11T08:23:18.021Z] Getting build status for v-b8ece8345c... → Already built

[2023-03-11T08:23:18.024Z] Syncing module sources (42 files)...

[2023-03-11T08:23:18.043Z] Syncing 42 files from . to .garden/build/app (and removing any extraneous files)

[2023-03-11T08:23:18.076Z] Kubernetes: Getting API resource info for group apps/v1

[2023-03-11T08:23:18.077Z] Kubernetes: Getting API resource info for group v1

[2023-03-11T08:23:18.102Z] Kubernetes: Getting API resource info for group networking.k8s.io/v1

[2023-03-11T08:23:18.172Z] Syncing module sources (42 files)... → Done (took 0.1 sec)

[2023-03-11T08:23:18.175Z] Getting build status for v-c684a0c14a...

[2023-03-11T08:23:18.185Z] Spawning '/Users/brennanwalsh/.garden/tools/docker/23842c62b99af05f/docker/docker images app:v-c684a0c14a -q' in /Users/brennanwalsh/Sites/Sandbox/proj

[2023-03-11T08:23:18.246Z] Getting currently deployed resource statuses...

[2023-03-11T08:23:18.246Z] Getting currently deployed resource statuses...

[2023-03-11T08:23:18.292Z] Getting currently deployed resource statuses...

[2023-03-11T08:23:18.319Z] Comparing expected and deployed resources...

[2023-03-11T08:23:18.320Z] Comparing expected and deployed resources...

[2023-03-11T08:23:18.321Z] All resources match.

[2023-03-11T08:23:18.322Z] All resources match.

[2023-03-11T08:23:18.330Z] Deploying version v-a957583129...

[2023-03-11T08:23:18.332Z] Deploying version v-a957583129... → Already deployed

[2023-03-11T08:23:18.346Z] Comparing expected and deployed resources...

[2023-03-11T08:23:18.347Z] Resource server is not a superset of deployed resource

[2023-03-11T08:23:18.352Z] Started proxy to database/database:5432 on localhost:5432

[2023-03-11T08:23:18.354Z] Port forward: postgres://localhost:5432 → database:5432 (database)

[2023-03-11T08:23:18.522Z] Image app:v-c684a0c14a already exists

[2023-03-11T08:23:18.525Z] Getting build status for v-c684a0c14a... → Already built

[2023-03-11T08:23:18.533Z] Syncing module sources (3 files)...

[2023-03-11T08:23:18.541Z] Deploying version v-bba308aeb7...

[2023-03-11T08:23:18.542Z] Deploying version v-bba308aeb7... → Already deployed

[2023-03-11T08:23:18.543Z] Syncing 3 files from . to .garden/build/server (and removing any extraneous files)

[2023-03-11T08:23:18.551Z] Started proxy to app/app:80 on localhost:55306

[2023-03-11T08:23:18.553Z] Port forward: http://localhost:55306 → app:80 (app)

[2023-03-11T08:23:18.558Z] Syncing module sources (3 files)... → Done (took 0 sec)

[2023-03-11T08:23:18.560Z] Getting build status for v-1692538c38...

[2023-03-11T08:23:18.565Z] Spawning '/Users/brennanwalsh/.garden/tools/docker/23842c62b99af05f/docker/docker images server:v-1692538c38 -q' in /Users/brennanwalsh/Sites/Sandbox/proj

[2023-03-11T08:23:18.653Z] Building version v-1692538c38...

[2023-03-11T08:23:18.823Z] Building server:v-1692538c38...

[2023-03-11T08:23:18.825Z] Spawning '/Users/brennanwalsh/.garden/tools/docker/23842c62b99af05f/docker/docker build -t server:v-1692538c38 --build-arg GARDEN_MODULE_VERSION=v-1692538c38 --target server --file /Users/brennanwalsh/Sites/Sandbox/proj/.garden/build/server/Dockerfile /Users/brennanwalsh/Sites/Sandbox/proj/.garden/build/server' in /Users/brennanwalsh/Sites/Sandbox/proj/.garden/build/server

[2023-03-11T08:23:19.196Z] [local-docker]: #1 [internal] load build definition from Dockerfile

[2023-03-11T08:23:19.197Z] [local-docker]: #1 sha256:f3aa30034805cc8b307819b9b1a37674ece666a5e8cd9b84d425b69d16f03cd1

[2023-03-11T08:23:19.198Z] [local-docker]: #1 transferring dockerfile: 37B done

[2023-03-11T08:23:19.198Z] [local-docker]: #1 DONE 0.0s

[2023-03-11T08:23:19.198Z] [local-docker]: 

[2023-03-11T08:23:19.199Z] [local-docker]: #2 [internal] load .dockerignore

[2023-03-11T08:23:19.199Z] [local-docker]: #2 sha256:8093592a392b9dff35cd506533100e20369996a925b29bb1e11ff0891249a424

[2023-03-11T08:23:19.199Z] [local-docker]: #2 transferring context: 2B done

[2023-03-11T08:23:19.199Z] [local-docker]: #2 DONE 0.0s

[2023-03-11T08:23:19.199Z] [local-docker]: 

[2023-03-11T08:23:19.200Z] [local-docker]: #3 resolve image config for docker.io/docker/dockerfile:1.4

[2023-03-11T08:23:19.200Z] [local-docker]: #3 sha256:9ea865748483b1f4f52c8c6ec970fc4927717bff340cfc4c224a179f2ef026ca

[2023-03-11T08:23:19.951Z] [local-docker]: #3 DONE 0.7s

[2023-03-11T08:23:19.952Z] [local-docker]: 

[2023-03-11T08:23:19.952Z] [local-docker]: #4 docker-image://docker.io/docker/dockerfile:1.4@sha256:9ba7531bd80fb0a858632727cf7a112fbfd19b17e94c4e84ced81e24ef1a0dbc

[2023-03-11T08:23:19.952Z] [local-docker]: #4 sha256:66a0e12aa5cbc2eaf894e26a8df172f6c2bc232ebfb59d1ecf39b78f65e274a5

[2023-03-11T08:23:19.952Z] [local-docker]: #4 CACHED

[2023-03-11T08:23:20.235Z] [local-docker]: 

[2023-03-11T08:23:20.235Z] [local-docker]: #5 [internal] load .dockerignore

[2023-03-11T08:23:20.235Z] [local-docker]: #5 sha256:190125f9c3e95e3d785a7a6bbe33365d5d7e14207d6ef52ee0df973073607489

[2023-03-11T08:23:20.235Z] [local-docker]: #5 DONE 0.0s

[2023-03-11T08:23:20.235Z] [local-docker]: 

[2023-03-11T08:23:20.235Z] [local-docker]: #6 [internal] load build definition from Dockerfile

[2023-03-11T08:23:20.235Z] [local-docker]: #6 sha256:a3e7f741fec7dbfe9f7efda8b80308f025fd747ee17b450b483b22b2aa8ff2f1

[2023-03-11T08:23:20.235Z] [local-docker]: #6 DONE 0.0s

[2023-03-11T08:23:20.235Z] [local-docker]: 

[2023-03-11T08:23:20.235Z] [local-docker]: #7 [internal] load metadata for docker.io/library/caddy:2.6-alpine

[2023-03-11T08:23:20.236Z] [local-docker]: #7 sha256:b5c2bfb54074ace1ac2676cd0cfcdd7bf608114053735ecb316464b673ee88af

[2023-03-11T08:23:20.682Z] [local-docker]: #7 DONE 0.6s

[2023-03-11T08:23:20.782Z] [local-docker]: 

[2023-03-11T08:23:20.783Z] [local-docker]: #8 [server 1/4] FROM docker.io/library/caddy:2.6-alpine@sha256:3f4414616d9141c4fbd9f66641d9b91a3b67833dd4145738c536dee584db5314

[2023-03-11T08:23:20.783Z] [local-docker]: #8 sha256:7512f525f983f4aa77728146b3cf48a3abfc49a3375957ea816cc1eb65fd60fa

[2023-03-11T08:23:20.783Z] [local-docker]: #8 resolve docker.io/library/caddy:2.6-alpine@sha256:3f4414616d9141c4fbd9f66641d9b91a3b67833dd4145738c536dee584db5314 0.0s done

[2023-03-11T08:23:20.785Z] [local-docker]: #8 DONE 0.0s

[2023-03-11T08:23:20.785Z] [local-docker]: 

[2023-03-11T08:23:20.785Z] [local-docker]: #10 [internal] load build context

[2023-03-11T08:23:20.785Z] [local-docker]: #10 sha256:850c7cfaaa0be938934936bd728504851aebeb3ef0760d350cf7b6c6cf90baa3

[2023-03-11T08:23:20.785Z] [local-docker]: #10 transferring context: 277B done

[2023-03-11T08:23:20.785Z] [local-docker]: #10 DONE 0.0s

[2023-03-11T08:23:20.785Z] [local-docker]: 

[2023-03-11T08:23:20.785Z] [local-docker]: #9 [server 2/4] WORKDIR /srv/app

[2023-03-11T08:23:20.785Z] [local-docker]: #9 sha256:4f4cee17ac54c82763d359b937a28ab3630c941c21b6bf24e4c1ec8c8eecfc5b

[2023-03-11T08:23:20.785Z] [local-docker]: #9 CACHED

[2023-03-11T08:23:20.785Z] [local-docker]: 

[2023-03-11T08:23:20.786Z] [local-docker]: #11 [server 3/4] COPY --link ./server/Caddyfile /etc/caddy/Caddyfile

[2023-03-11T08:23:20.786Z] [local-docker]: #11 sha256:8179ca6dc46a4df2958c4ba2cc7257a06f5ed3b95f55d67b032cee53d92f054b

[2023-03-11T08:23:20.786Z] [local-docker]: #11 DONE 0.0s

[2023-03-11T08:23:20.786Z] [local-docker]: 

[2023-03-11T08:23:20.786Z] [local-docker]: #12 [server 4/4] COPY --link ./app/public public

[2023-03-11T08:23:20.786Z] [local-docker]: #12 sha256:4e3cc7482ea31506dd607b95b99ea5d7199e12b3bc9b1029c39a73ef8b71dd66

[2023-03-11T08:23:20.786Z] [local-docker]: #12 DONE 0.0s

[2023-03-11T08:23:20.787Z] [local-docker]: 

[2023-03-11T08:23:20.787Z] [local-docker]: #13 exporting to image

[2023-03-11T08:23:20.787Z] [local-docker]: #13 sha256:e8c613e07b0b7ff33893b694f7759a10d42e180f2b4dc349fb57dc6b71dcab00

[2023-03-11T08:23:20.787Z] [local-docker]: #13 exporting layers 0.0s done

[2023-03-11T08:23:20.787Z] [local-docker]: #13 writing image sha256:820b3bc94687aebf5ac7556cc61de24514d76eba5ca38d28824fecc0f4b26ff6 done

[2023-03-11T08:23:20.787Z] [local-docker]: #13 naming to docker.io/library/server:v-1692538c38 done

[2023-03-11T08:23:20.787Z] [local-docker]: #13 DONE 0.0s

[2023-03-11T08:23:20.793Z] Building server:v-1692538c38... → Done (took 2.2 sec)

[2023-03-11T08:23:20.798Z] Deploying version v-12cc4af591...

[2023-03-11T08:23:20.825Z] Kubernetes: Getting API resource info for group batch/v1

[2023-03-11T08:23:20.826Z] Kubernetes: Getting API resource info for group batch/v1beta1

[2023-03-11T08:23:20.827Z] Kubernetes: Getting API resource info for group extensions/v1beta1

[2023-03-11T08:23:21.870Z] Waiting for resources to be ready...

[2023-03-11T08:23:21.871Z] [kubernetes-plugin]: Waiting for resources to be ready...

[2023-03-11T08:23:24.267Z] Status of Deployment server is "deploying"

[2023-03-11T08:23:24.268Z] [kubernetes-plugin]: Status of Deployment server is "deploying"

[2023-03-11T08:23:24.275Z] Deployment/server: Created container server

[2023-03-11T08:23:24.276Z] [kubernetes-plugin]: Deployment/server: Created container server

[2023-03-11T08:23:24.276Z] Status of Service server is "ready"

[2023-03-11T08:23:24.276Z] [kubernetes-plugin]: Status of Service server is "ready"

[2023-03-11T08:23:24.276Z] Status of Ingress server-0 is "ready"

[2023-03-11T08:23:24.276Z] [kubernetes-plugin]: Status of Ingress server-0 is "ready"

[2023-03-11T08:23:26.862Z] Status of Deployment server is "ready"

[2023-03-11T08:23:26.862Z] [kubernetes-plugin]: Status of Deployment server is "ready"

[2023-03-11T08:23:26.862Z] Status of Service server is "ready"

[2023-03-11T08:23:26.863Z] [kubernetes-plugin]: Status of Service server is "ready"

[2023-03-11T08:23:26.863Z] Status of Ingress server-0 is "ready"

[2023-03-11T08:23:26.863Z] [kubernetes-plugin]: Status of Ingress server-0 is "ready"

[2023-03-11T08:23:26.863Z] [kubernetes-plugin]: Resources ready

[2023-03-11T08:23:26.872Z] Resources ready

[2023-03-11T08:23:26.907Z] Getting currently deployed resource statuses...

[2023-03-11T08:23:26.933Z] Comparing expected and deployed resources...

[2023-03-11T08:23:26.936Z] All resources match.

[2023-03-11T08:23:26.946Z] Deploying version v-12cc4af591... → Done (took 6.1 sec)

[2023-03-11T08:23:26.950Z] Ingress: http://todone.local

[2023-03-11T08:23:26.966Z] Started proxy to server/server:80 on localhost:55390

[2023-03-11T08:23:26.970Z] Port forward: http://localhost:55390 → server:80 (http)

[2023-03-11T08:23:26.978Z] Watcher: Watching paths /Users/brennanwalsh/Sites/Sandbox/proj

[2023-03-11T08:23:26.981Z] Watcher: Starting FSWatcher

[2023-03-11T08:23:26.986Z] Waiting for code changes...

[2023-03-11T08:23:41.777Z] Starting port forward to server/server:80

[2023-03-11T08:23:41.810Z] Forwarding local port 55462 to Service/server port 80

[2023-03-11T08:23:42.650Z] Successfully started port forward to server/server:80

[2023-03-11T08:23:42.652Z] Connecting to server/server:80 port forward at localhost:55462

[2023-03-11T08:23:42.655Z] Connecting to server/server:80 port forward at localhost:55462

[2023-03-11T08:23:42.655Z] Connecting to server/server:80 port forward at localhost:55462

[2023-03-11T08:23:43.247Z] Connection from ::1:55460 ended

[2023-03-11T08:23:43.890Z] Connection from ::1:55461 ended
