
[2023-03-11T08:27:38.882Z] Scanning project root at /Users/brennanwalsh/Sites/Sandbox/proj
→ Includes: **/*garden.y*ml
→ Excludes: .garden/**/*,.git,.gitmodules,.garden/**/*,debug-info*/**

[2023-03-11T08:27:39.009Z] Found 2 files in project root /Users/brennanwalsh/Sites/Sandbox/proj

[2023-03-11T08:27:39.160Z] Getting status...

[2023-03-11T08:27:40.680Z] Using current context: docker-desktop

[2023-03-11T08:27:40.701Z] An attempt to get kind version failed with Error: Command "kind version" failed with code ENOENT:

[2023-03-11T08:27:40.725Z] Getting status... → Cached

[2023-03-11T08:27:40.726Z] Run with --force-refresh to force a refresh of provider statuses.

[2023-03-11T08:27:40.728Z] Resolving 3 modules...

[2023-03-11T08:27:40.792Z] Scanning module root at /Users/brennanwalsh/Sites/Sandbox/proj
→ Includes: ./Dockerfile,./app
→ Excludes: (none)

[2023-03-11T08:27:40.977Z] Found 42 files in module root /Users/brennanwalsh/Sites/Sandbox/proj

[2023-03-11T08:27:41.039Z] Scanning module root at /Users/brennanwalsh/Sites/Sandbox/proj
→ Includes: ./Dockerfile,./server,./app/public
→ Excludes: (none)

[2023-03-11T08:27:41.182Z] Found 3 files in module root /Users/brennanwalsh/Sites/Sandbox/proj

[2023-03-11T08:27:41.203Z] Resolving 3 modules... → Done

[2023-03-11T08:27:41.224Z] Processing...

[2023-03-11T08:27:41.252Z] Syncing 0 files from . to .garden/build/database (and removing any extraneous files)

[2023-03-11T08:27:41.313Z] Getting build status for v-b8ece8345c...

[2023-03-11T08:27:41.321Z] Getting build status for v-b8ece8345c... → Already built

[2023-03-11T08:27:41.323Z] Syncing module sources (42 files)...

[2023-03-11T08:27:41.339Z] Syncing 42 files from . to .garden/build/app (and removing any extraneous files)

[2023-03-11T08:27:41.349Z] Syncing module sources (42 files)... → Done (took 0 sec)

[2023-03-11T08:27:41.350Z] Getting build status for v-c684a0c14a...

[2023-03-11T08:27:41.353Z] Spawning '/Users/brennanwalsh/.garden/tools/docker/23842c62b99af05f/docker/docker images app:v-c684a0c14a -q' in /Users/brennanwalsh/Sites/Sandbox/proj

[2023-03-11T08:27:41.654Z] Kubernetes: Getting API resource info for group networking.k8s.io/v1

[2023-03-11T08:27:41.666Z] Kubernetes: Getting API resource info for group apps/v1

[2023-03-11T08:27:41.667Z] Kubernetes: Getting API resource info for group v1

[2023-03-11T08:27:41.775Z] Image app:v-c684a0c14a already exists

[2023-03-11T08:27:41.778Z] Getting build status for v-c684a0c14a... → Already built

[2023-03-11T08:27:41.783Z] Syncing module sources (3 files)...

[2023-03-11T08:27:41.785Z] Syncing 3 files from . to .garden/build/server (and removing any extraneous files)

[2023-03-11T08:27:41.790Z] Getting currently deployed resource statuses...

[2023-03-11T08:27:41.790Z] Getting currently deployed resource statuses...

[2023-03-11T08:27:41.836Z] Getting currently deployed resource statuses...

[2023-03-11T08:27:41.869Z] Comparing expected and deployed resources...

[2023-03-11T08:27:41.872Z] Comparing expected and deployed resources...

[2023-03-11T08:27:41.872Z] All resources match.

[2023-03-11T08:27:41.872Z] All resources match.

[2023-03-11T08:27:41.885Z] Deploying version v-2106fd84f6...

[2023-03-11T08:27:41.887Z] Deploying version v-2106fd84f6... → Already deployed

[2023-03-11T08:27:41.888Z] Deploying version v-a957583129...

[2023-03-11T08:27:41.889Z] Deploying version v-a957583129... → Already deployed

[2023-03-11T08:27:41.912Z] Comparing expected and deployed resources...

[2023-03-11T08:27:41.913Z] Resource server is not a superset of deployed resource

[2023-03-11T08:27:41.918Z] Syncing module sources (3 files)... → Done (took 0.1 sec)

[2023-03-11T08:27:41.922Z] Getting build status for v-8e26e662bd...

[2023-03-11T08:27:41.933Z] Spawning '/Users/brennanwalsh/.garden/tools/docker/23842c62b99af05f/docker/docker images server:v-8e26e662bd -q' in /Users/brennanwalsh/Sites/Sandbox/proj

[2023-03-11T08:27:42.032Z] Started proxy to database/database:5432 on localhost:5432

[2023-03-11T08:27:42.032Z] Started proxy to app/app:9000 on localhost:9000

[2023-03-11T08:27:42.034Z] Port forward: postgres://localhost:5432 → database:5432 (database)

[2023-03-11T08:27:42.036Z] Port forward: localhost:9000 → app:9000 (app)

[2023-03-11T08:27:42.075Z] Building version v-8e26e662bd...

[2023-03-11T08:27:42.426Z] Building server:v-8e26e662bd...

[2023-03-11T08:27:42.428Z] Spawning '/Users/brennanwalsh/.garden/tools/docker/23842c62b99af05f/docker/docker build -t server:v-8e26e662bd --build-arg GARDEN_MODULE_VERSION=v-8e26e662bd --target server --file /Users/brennanwalsh/Sites/Sandbox/proj/.garden/build/server/Dockerfile /Users/brennanwalsh/Sites/Sandbox/proj/.garden/build/server' in /Users/brennanwalsh/Sites/Sandbox/proj/.garden/build/server

[2023-03-11T08:27:43.175Z] [local-docker]: #1 [internal] load build definition from Dockerfile

[2023-03-11T08:27:43.177Z] [local-docker]: #1 sha256:30e4c055210d13157f3ef1eb841c7b367bf4134585900db2bd091a8da9b44d1b

[2023-03-11T08:27:43.177Z] [local-docker]: #1 transferring dockerfile: 37B done

[2023-03-11T08:27:43.177Z] [local-docker]: #1 DONE 0.0s

[2023-03-11T08:27:43.177Z] [local-docker]: 

[2023-03-11T08:27:43.177Z] [local-docker]: #2 [internal] load .dockerignore

[2023-03-11T08:27:43.178Z] [local-docker]: #2 sha256:764f7e0e87a0203cfc8cb7b510c88f3df6599fb06a09b2019dd963229d25e080

[2023-03-11T08:27:43.178Z] [local-docker]: #2 transferring context: 2B done

[2023-03-11T08:27:43.178Z] [local-docker]: #2 DONE 0.0s

[2023-03-11T08:27:43.178Z] [local-docker]: 

[2023-03-11T08:27:43.178Z] [local-docker]: #3 resolve image config for docker.io/docker/dockerfile:1.4

[2023-03-11T08:27:43.178Z] [local-docker]: #3 sha256:9ea865748483b1f4f52c8c6ec970fc4927717bff340cfc4c224a179f2ef026ca

[2023-03-11T08:27:43.925Z] [local-docker]: #3 ...

[2023-03-11T08:27:43.925Z] [local-docker]: 

[2023-03-11T08:27:43.925Z] [local-docker]: #4 [auth] docker/dockerfile:pull token for registry-1.docker.io

[2023-03-11T08:27:43.925Z] [local-docker]: #4 sha256:c098a4b15dd59f00354558d3164b87e0923c53b0ac2b60312770d474dd055b7e

[2023-03-11T08:27:43.925Z] [local-docker]: #4 DONE 0.0s

[2023-03-11T08:27:44.085Z] [local-docker]: 

[2023-03-11T08:27:44.085Z] [local-docker]: #3 resolve image config for docker.io/docker/dockerfile:1.4

[2023-03-11T08:27:44.085Z] [local-docker]: #3 sha256:9ea865748483b1f4f52c8c6ec970fc4927717bff340cfc4c224a179f2ef026ca

[2023-03-11T08:27:44.840Z] [local-docker]: #3 DONE 1.6s

[2023-03-11T08:27:44.840Z] [local-docker]: 

[2023-03-11T08:27:44.841Z] [local-docker]: #5 docker-image://docker.io/docker/dockerfile:1.4@sha256:9ba7531bd80fb0a858632727cf7a112fbfd19b17e94c4e84ced81e24ef1a0dbc

[2023-03-11T08:27:44.841Z] [local-docker]: #5 sha256:66a0e12aa5cbc2eaf894e26a8df172f6c2bc232ebfb59d1ecf39b78f65e274a5

[2023-03-11T08:27:44.841Z] [local-docker]: #5 CACHED

[2023-03-11T08:27:45.102Z] [local-docker]: 

[2023-03-11T08:27:45.102Z] [local-docker]: #6 [internal] load .dockerignore

[2023-03-11T08:27:45.102Z] [local-docker]: #6 sha256:3db9f4a4fcb662a63daeba1cd0c2a88686ce1110a56ee516adf4bb23be3a9d94

[2023-03-11T08:27:45.102Z] [local-docker]: #6 DONE 0.0s

[2023-03-11T08:27:45.102Z] [local-docker]: 

[2023-03-11T08:27:45.102Z] [local-docker]: #7 [internal] load build definition from Dockerfile

[2023-03-11T08:27:45.102Z] [local-docker]: #7 sha256:bd7704773d731443a79e4ba6fa3757f90cc7a1b6cbec1b129cdc60f36a8b4048

[2023-03-11T08:27:45.102Z] [local-docker]: #7 DONE 0.0s

[2023-03-11T08:27:45.102Z] [local-docker]: 

[2023-03-11T08:27:45.102Z] [local-docker]: #8 [internal] load metadata for docker.io/library/caddy:2.6-alpine

[2023-03-11T08:27:45.103Z] [local-docker]: #8 sha256:b5c2bfb54074ace1ac2676cd0cfcdd7bf608114053735ecb316464b673ee88af

[2023-03-11T08:27:45.403Z] [local-docker]: #8 ...

[2023-03-11T08:27:45.403Z] [local-docker]: 

[2023-03-11T08:27:45.403Z] [local-docker]: #9 [auth] library/caddy:pull token for registry-1.docker.io

[2023-03-11T08:27:45.403Z] [local-docker]: #9 sha256:1785564764bdd0666fe363275838e23b04d8662d4877cb36e40d4dbad5ee6e3c

[2023-03-11T08:27:45.403Z] [local-docker]: #9 DONE 0.0s

[2023-03-11T08:27:45.553Z] [local-docker]: 

[2023-03-11T08:27:45.553Z] [local-docker]: #8 [internal] load metadata for docker.io/library/caddy:2.6-alpine

[2023-03-11T08:27:45.554Z] [local-docker]: #8 sha256:b5c2bfb54074ace1ac2676cd0cfcdd7bf608114053735ecb316464b673ee88af

[2023-03-11T08:27:45.805Z] [local-docker]: #8 DONE 0.8s

[2023-03-11T08:27:45.806Z] [local-docker]: 

[2023-03-11T08:27:45.806Z] [local-docker]: #10 [server 1/4] FROM docker.io/library/caddy:2.6-alpine@sha256:3f4414616d9141c4fbd9f66641d9b91a3b67833dd4145738c536dee584db5314

[2023-03-11T08:27:45.806Z] [local-docker]: #10 sha256:7512f525f983f4aa77728146b3cf48a3abfc49a3375957ea816cc1eb65fd60fa

[2023-03-11T08:27:45.808Z] [local-docker]: #10 resolve docker.io/library/caddy:2.6-alpine@sha256:3f4414616d9141c4fbd9f66641d9b91a3b67833dd4145738c536dee584db5314 done

[2023-03-11T08:27:45.809Z] [local-docker]: #10 DONE 0.0s

[2023-03-11T08:27:45.809Z] [local-docker]: 

[2023-03-11T08:27:45.809Z] [local-docker]: #12 [internal] load build context

[2023-03-11T08:27:45.809Z] [local-docker]: #12 sha256:413177423f84de4aa82438b30d570088c0798cc1c5168b01db3a942aa19f9671

[2023-03-11T08:27:45.809Z] [local-docker]: #12 transferring context: 279B done

[2023-03-11T08:27:45.809Z] [local-docker]: #12 DONE 0.0s

[2023-03-11T08:27:45.854Z] [local-docker]: 

[2023-03-11T08:27:45.855Z] [local-docker]: #11 [server 2/4] WORKDIR /srv/app

[2023-03-11T08:27:45.855Z] [local-docker]: #11 sha256:4f4cee17ac54c82763d359b937a28ab3630c941c21b6bf24e4c1ec8c8eecfc5b

[2023-03-11T08:27:45.855Z] [local-docker]: #11 CACHED

[2023-03-11T08:27:45.855Z] [local-docker]: 

[2023-03-11T08:27:45.855Z] [local-docker]: #13 [server 3/4] COPY --link ./server/Caddyfile /etc/caddy/Caddyfile

[2023-03-11T08:27:45.856Z] [local-docker]: #13 sha256:6ded667448498028ae2f175fce51c3139ecda4c2723e2924706c37bbc2ba42c5

[2023-03-11T08:27:45.856Z] [local-docker]: #13 DONE 0.0s

[2023-03-11T08:27:45.856Z] [local-docker]: 

[2023-03-11T08:27:45.857Z] [local-docker]: #14 [server 4/4] COPY --link ./app/public public

[2023-03-11T08:27:45.857Z] [local-docker]: #14 sha256:39a77ecc16783e44780ebfb5adf2c5dd869ffa467828a5672ee5b2a45dea6ee3

[2023-03-11T08:27:45.857Z] [local-docker]: #14 DONE 0.0s

[2023-03-11T08:27:45.861Z] [local-docker]: 

[2023-03-11T08:27:45.862Z] [local-docker]: #15 exporting to image

[2023-03-11T08:27:45.862Z] [local-docker]: #15 sha256:e8c613e07b0b7ff33893b694f7759a10d42e180f2b4dc349fb57dc6b71dcab00

[2023-03-11T08:27:45.862Z] [local-docker]: #15 exporting layers 0.0s done

[2023-03-11T08:27:45.862Z] [local-docker]: #15 writing image sha256:01ed32a73dc4a5c3ca05a1979d4e4801e1be5e6948aaa8e04ad9acd0187fd3af done

[2023-03-11T08:27:45.863Z] [local-docker]: #15 naming to docker.io/library/server:v-8e26e662bd done

[2023-03-11T08:27:45.863Z] [local-docker]: #15 DONE 0.0s

[2023-03-11T08:27:45.874Z] Building server:v-8e26e662bd... → Done (took 4 sec)

[2023-03-11T08:27:45.883Z] Deploying version v-097291880d...

[2023-03-11T08:27:45.914Z] Kubernetes: Getting API resource info for group batch/v1

[2023-03-11T08:27:45.914Z] Kubernetes: Getting API resource info for group batch/v1beta1

[2023-03-11T08:27:45.915Z] Kubernetes: Getting API resource info for group extensions/v1beta1

[2023-03-11T08:27:46.924Z] Waiting for resources to be ready...

[2023-03-11T08:27:46.926Z] [kubernetes-plugin]: Waiting for resources to be ready...

[2023-03-11T08:27:49.169Z] Status of Deployment server is "deploying"

[2023-03-11T08:27:49.171Z] [kubernetes-plugin]: Status of Deployment server is "deploying"

[2023-03-11T08:27:49.181Z] Deployment/server: Started container server

[2023-03-11T08:27:49.182Z] [kubernetes-plugin]: Deployment/server: Started container server

[2023-03-11T08:27:49.182Z] Status of Service server is "ready"

[2023-03-11T08:27:49.182Z] [kubernetes-plugin]: Status of Service server is "ready"

[2023-03-11T08:27:49.182Z] Status of Ingress server-0 is "ready"

[2023-03-11T08:27:49.182Z] [kubernetes-plugin]: Status of Ingress server-0 is "ready"

[2023-03-11T08:27:51.782Z] Status of Deployment server is "ready"

[2023-03-11T08:27:51.783Z] [kubernetes-plugin]: Status of Deployment server is "ready"

[2023-03-11T08:27:51.783Z] Status of Service server is "ready"

[2023-03-11T08:27:51.783Z] [kubernetes-plugin]: Status of Service server is "ready"

[2023-03-11T08:27:51.783Z] Status of Ingress server-0 is "ready"

[2023-03-11T08:27:51.784Z] [kubernetes-plugin]: Status of Ingress server-0 is "ready"

[2023-03-11T08:27:51.784Z] [kubernetes-plugin]: Resources ready

[2023-03-11T08:27:51.787Z] Resources ready

[2023-03-11T08:27:51.834Z] Getting currently deployed resource statuses...

[2023-03-11T08:27:51.879Z] Comparing expected and deployed resources...

[2023-03-11T08:27:51.885Z] All resources match.

[2023-03-11T08:27:51.899Z] Deploying version v-097291880d... → Done (took 6 sec)

[2023-03-11T08:27:51.904Z] Ingress: http://todone.local

[2023-03-11T08:27:51.922Z] Started proxy to server/server:80 on localhost:56831

[2023-03-11T08:27:51.928Z] Port forward: http://localhost:56831 → server:80 (http)

[2023-03-11T08:27:51.940Z] Watcher: Watching paths /Users/brennanwalsh/Sites/Sandbox/proj

[2023-03-11T08:27:51.944Z] Watcher: Starting FSWatcher

[2023-03-11T08:27:51.948Z] Waiting for code changes...

[2023-03-11T08:27:54.674Z] Starting port forward to server/server:80

[2023-03-11T08:27:54.716Z] Forwarding local port 56846 to Service/server port 80

[2023-03-11T08:27:55.665Z] Successfully started port forward to server/server:80

[2023-03-11T08:27:55.668Z] Connecting to server/server:80 port forward at localhost:56846

[2023-03-11T08:27:55.672Z] Connecting to server/server:80 port forward at localhost:56846

[2023-03-11T08:27:55.677Z] Connecting to server/server:80 port forward at localhost:56846

[2023-03-11T08:29:11.843Z] Error reading safe directories from the .gitconfig: Error: Command "git config --get-all safe.directory" failed with code 1:

[2023-03-11T08:29:12.035Z] Getting status...
