
[2023-03-11T08:58:32.330Z] Scanning project root at /Users/brennanwalsh/Sites/Sandbox/proj
→ Includes: **/*garden.y*ml
→ Excludes: .garden/**/*,.git,.gitmodules,.garden/**/*,debug-info*/**

[2023-03-11T08:58:32.451Z] Found 2 files in project root /Users/brennanwalsh/Sites/Sandbox/proj

[2023-03-11T08:58:32.600Z] Getting status...

[2023-03-11T08:58:34.088Z] Using current context: docker-desktop

[2023-03-11T08:58:34.142Z] An attempt to get kind version failed with Error: Command "kind version" failed with code ENOENT:

[2023-03-11T08:58:34.166Z] Getting status... → Cached

[2023-03-11T08:58:34.167Z] Run with --force-refresh to force a refresh of provider statuses.

[2023-03-11T08:58:34.171Z] Resolving 3 modules...

[2023-03-11T08:58:34.251Z] Scanning module root at /Users/brennanwalsh/Sites/Sandbox/proj
→ Includes: ./Dockerfile,./app
→ Excludes: (none)

[2023-03-11T08:58:34.471Z] Found 42 files in module root /Users/brennanwalsh/Sites/Sandbox/proj

[2023-03-11T08:58:34.510Z] Scanning module root at /Users/brennanwalsh/Sites/Sandbox/proj
→ Includes: ./Dockerfile,./server,./app/public
→ Excludes: (none)

[2023-03-11T08:58:34.602Z] Found 3 files in module root /Users/brennanwalsh/Sites/Sandbox/proj

[2023-03-11T08:58:34.621Z] Resolving 3 modules... → Done

[2023-03-11T08:58:34.643Z] Processing...

[2023-03-11T08:58:34.667Z] Syncing 0 files from . to .garden/build/database (and removing any extraneous files)

[2023-03-11T08:58:34.726Z] Getting build status for v-b8ece8345c...

[2023-03-11T08:58:34.734Z] Getting build status for v-b8ece8345c... → Already built

[2023-03-11T08:58:34.737Z] Syncing module sources (42 files)...

[2023-03-11T08:58:34.757Z] Syncing 42 files from . to .garden/build/app (and removing any extraneous files)

[2023-03-11T08:58:34.794Z] Kubernetes: Getting API resource info for group apps/v1

[2023-03-11T08:58:34.795Z] Kubernetes: Getting API resource info for group v1

[2023-03-11T08:58:34.811Z] Kubernetes: Getting API resource info for group networking.k8s.io/v1

[2023-03-11T08:58:34.870Z] Syncing module sources (42 files)... → Done (took 0.1 sec)

[2023-03-11T08:58:34.876Z] Getting build status for v-c684a0c14a...

[2023-03-11T08:58:34.923Z] Spawning '/Users/brennanwalsh/.garden/tools/docker/23842c62b99af05f/docker/docker images app:v-c684a0c14a -q' in /Users/brennanwalsh/Sites/Sandbox/proj

[2023-03-11T08:58:34.993Z] Getting currently deployed resource statuses...

[2023-03-11T08:58:34.995Z] Getting currently deployed resource statuses...

[2023-03-11T08:58:35.039Z] Getting currently deployed resource statuses...

[2023-03-11T08:58:35.067Z] Comparing expected and deployed resources...

[2023-03-11T08:58:35.068Z] All resources match.

[2023-03-11T08:58:35.069Z] Comparing expected and deployed resources...

[2023-03-11T08:58:35.069Z] All resources match.

[2023-03-11T08:58:35.080Z] Deploying version v-a957583129...

[2023-03-11T08:58:35.081Z] Deploying version v-a957583129... → Already deployed

[2023-03-11T08:58:35.098Z] Comparing expected and deployed resources...

[2023-03-11T08:58:35.099Z] Resource server is not a superset of deployed resource

[2023-03-11T08:58:35.105Z] Started proxy to database/database:5432 on localhost:5432

[2023-03-11T08:58:35.107Z] Port forward: postgres://localhost:5432 → database:5432 (database)

[2023-03-11T08:58:35.356Z] Image app:v-c684a0c14a already exists

[2023-03-11T08:58:35.359Z] Getting build status for v-c684a0c14a... → Already built

[2023-03-11T08:58:35.367Z] Syncing module sources (3 files)...

[2023-03-11T08:58:35.372Z] Deploying version v-2106fd84f6...

[2023-03-11T08:58:35.373Z] Deploying version v-2106fd84f6... → Already deployed

[2023-03-11T08:58:35.374Z] Syncing 3 files from . to .garden/build/server (and removing any extraneous files)

[2023-03-11T08:58:35.382Z] Started proxy to app/app:9000 on localhost:9000

[2023-03-11T08:58:35.384Z] Port forward: localhost:9000 → app:9000 (app)

[2023-03-11T08:58:35.390Z] Syncing module sources (3 files)... → Done (took 0 sec)

[2023-03-11T08:58:35.392Z] Getting build status for v-be0b00ca98...

[2023-03-11T08:58:35.402Z] Spawning '/Users/brennanwalsh/.garden/tools/docker/23842c62b99af05f/docker/docker images server:v-be0b00ca98 -q' in /Users/brennanwalsh/Sites/Sandbox/proj

[2023-03-11T08:58:35.515Z] Building version v-be0b00ca98...

[2023-03-11T08:58:35.798Z] Building server:v-be0b00ca98...

[2023-03-11T08:58:35.800Z] Spawning '/Users/brennanwalsh/.garden/tools/docker/23842c62b99af05f/docker/docker build -t server:v-be0b00ca98 --build-arg GARDEN_MODULE_VERSION=v-be0b00ca98 --target server --file /Users/brennanwalsh/Sites/Sandbox/proj/.garden/build/server/Dockerfile /Users/brennanwalsh/Sites/Sandbox/proj/.garden/build/server' in /Users/brennanwalsh/Sites/Sandbox/proj/.garden/build/server

[2023-03-11T08:58:36.201Z] [local-docker]: #1 [internal] load build definition from Dockerfile

[2023-03-11T08:58:36.202Z] [local-docker]: #1 sha256:4645b3eb5efc4a17425ecbfd3a682cd7001a9ea74f40de9e5e47e0d1bab4602a

[2023-03-11T08:58:36.202Z] [local-docker]: #1 transferring dockerfile: 37B done

[2023-03-11T08:58:36.202Z] [local-docker]: #1 DONE 0.0s

[2023-03-11T08:58:36.203Z] [local-docker]: 

[2023-03-11T08:58:36.203Z] [local-docker]: #2 [internal] load .dockerignore

[2023-03-11T08:58:36.203Z] [local-docker]: #2 sha256:b20b7fa1b7a7db0d075cea83808d7c05fcadd74b020952ef94de1e7b43a558a8

[2023-03-11T08:58:36.203Z] [local-docker]: #2 transferring context: 2B done

[2023-03-11T08:58:36.203Z] [local-docker]: #2 DONE 0.0s

[2023-03-11T08:58:36.203Z] [local-docker]: 

[2023-03-11T08:58:36.203Z] [local-docker]: #3 resolve image config for docker.io/docker/dockerfile:1.4

[2023-03-11T08:58:36.203Z] [local-docker]: #3 sha256:9ea865748483b1f4f52c8c6ec970fc4927717bff340cfc4c224a179f2ef026ca

[2023-03-11T08:58:37.404Z] [local-docker]: #3 ...

[2023-03-11T08:58:37.405Z] [local-docker]: 

[2023-03-11T08:58:37.405Z] [local-docker]: #4 [auth] docker/dockerfile:pull token for registry-1.docker.io

[2023-03-11T08:58:37.405Z] [local-docker]: #4 sha256:1874b12a6c1cfdedea0b29d5d83e678a247e98110e4b07a5d6f2ffafca20df45

[2023-03-11T08:58:37.405Z] [local-docker]: #4 DONE 0.0s

[2023-03-11T08:58:37.565Z] [local-docker]: 

[2023-03-11T08:58:37.566Z] [local-docker]: #3 resolve image config for docker.io/docker/dockerfile:1.4

[2023-03-11T08:58:37.566Z] [local-docker]: #3 sha256:9ea865748483b1f4f52c8c6ec970fc4927717bff340cfc4c224a179f2ef026ca

[2023-03-11T08:58:38.025Z] [local-docker]: #3 DONE 1.7s

[2023-03-11T08:58:38.025Z] [local-docker]: 

[2023-03-11T08:58:38.026Z] [local-docker]: #5 docker-image://docker.io/docker/dockerfile:1.4@sha256:9ba7531bd80fb0a858632727cf7a112fbfd19b17e94c4e84ced81e24ef1a0dbc

[2023-03-11T08:58:38.026Z] [local-docker]: #5 sha256:66a0e12aa5cbc2eaf894e26a8df172f6c2bc232ebfb59d1ecf39b78f65e274a5

[2023-03-11T08:58:38.026Z] [local-docker]: #5 CACHED

[2023-03-11T08:58:38.176Z] [local-docker]: 

[2023-03-11T08:58:38.176Z] [local-docker]: #7 [internal] load build definition from Dockerfile

[2023-03-11T08:58:38.177Z] [local-docker]: #7 sha256:8a153da43c7f1ca8cea49813ea766c773399ac4fde2f13b3931a66bf0ea44ad7

[2023-03-11T08:58:38.177Z] [local-docker]: #7 DONE 0.0s

[2023-03-11T08:58:38.177Z] [local-docker]: 

[2023-03-11T08:58:38.177Z] [local-docker]: #6 [internal] load .dockerignore

[2023-03-11T08:58:38.178Z] [local-docker]: #6 sha256:7acd91b9479a8862dac142564362aa6f0b30bcbde6af9f3cd2f573b9bafee112

[2023-03-11T08:58:38.178Z] [local-docker]: #6 DONE 0.0s

[2023-03-11T08:58:38.178Z] [local-docker]: 

[2023-03-11T08:58:38.178Z] [local-docker]: #8 [internal] load metadata for docker.io/library/caddy:2.6-alpine

[2023-03-11T08:58:38.178Z] [local-docker]: #8 sha256:b5c2bfb54074ace1ac2676cd0cfcdd7bf608114053735ecb316464b673ee88af

[2023-03-11T08:58:38.778Z] [local-docker]: #8 ...

[2023-03-11T08:58:38.778Z] [local-docker]: 

[2023-03-11T08:58:38.778Z] [local-docker]: #9 [auth] library/caddy:pull token for registry-1.docker.io

[2023-03-11T08:58:38.779Z] [local-docker]: #9 sha256:8721386d2249cbac3a74bddf8598e2ecde347c84c60ce8ee6f319955d8f6e591

[2023-03-11T08:58:38.779Z] [local-docker]: #9 DONE 0.0s

[2023-03-11T08:58:38.929Z] [local-docker]: 

[2023-03-11T08:58:38.929Z] [local-docker]: #8 [internal] load metadata for docker.io/library/caddy:2.6-alpine

[2023-03-11T08:58:38.929Z] [local-docker]: #8 sha256:b5c2bfb54074ace1ac2676cd0cfcdd7bf608114053735ecb316464b673ee88af

[2023-03-11T08:58:39.037Z] [local-docker]: #8 DONE 0.9s

[2023-03-11T08:58:39.037Z] [local-docker]: 

[2023-03-11T08:58:39.037Z] [local-docker]: #14 [server 1/4] FROM docker.io/library/caddy:2.6-alpine@sha256:3f4414616d9141c4fbd9f66641d9b91a3b67833dd4145738c536dee584db5314

[2023-03-11T08:58:39.037Z] [local-docker]: #14 sha256:7512f525f983f4aa77728146b3cf48a3abfc49a3375957ea816cc1eb65fd60fa

[2023-03-11T08:58:39.038Z] [local-docker]: #14 resolve docker.io/library/caddy:2.6-alpine@sha256:3f4414616d9141c4fbd9f66641d9b91a3b67833dd4145738c536dee584db5314 done

[2023-03-11T08:58:39.038Z] [local-docker]: #14 DONE 0.0s

[2023-03-11T08:58:39.038Z] [local-docker]: 

[2023-03-11T08:58:39.038Z] [local-docker]: #11 [internal] load build context

[2023-03-11T08:58:39.038Z] [local-docker]: #11 sha256:57c702445b22e891947d170fb986f5160888b4a609be74cfc6d57af73c39dc94

[2023-03-11T08:58:39.039Z] [local-docker]: #11 transferring context: 285B done

[2023-03-11T08:58:39.039Z] [local-docker]: #11 DONE 0.0s

[2023-03-11T08:58:39.039Z] [local-docker]: 

[2023-03-11T08:58:39.039Z] [local-docker]: #10 [server 2/4] WORKDIR /srv/app

[2023-03-11T08:58:39.039Z] [local-docker]: #10 sha256:4f4cee17ac54c82763d359b937a28ab3630c941c21b6bf24e4c1ec8c8eecfc5b

[2023-03-11T08:58:39.039Z] [local-docker]: #10 CACHED

[2023-03-11T08:58:39.039Z] [local-docker]: 

[2023-03-11T08:58:39.039Z] [local-docker]: #12 [server 3/4] COPY --link ./server/Caddyfile /etc/caddy/Caddyfile

[2023-03-11T08:58:39.039Z] [local-docker]: #12 sha256:7b93189b46794612beacaaba3c6f0cf0e7f3aa2c87c9bb11ba15854ef70c9d11

[2023-03-11T08:58:39.039Z] [local-docker]: #12 DONE 0.0s

[2023-03-11T08:58:39.039Z] [local-docker]: 

[2023-03-11T08:58:39.039Z] [local-docker]: #13 [server 4/4] COPY --link ./app/public public

[2023-03-11T08:58:39.039Z] [local-docker]: #13 sha256:e75c8aafdea0d1b6960be3eefb1d10ef2a50ee8377ed68564b98c09e02854446

[2023-03-11T08:58:39.039Z] [local-docker]: #13 DONE 0.0s

[2023-03-11T08:58:39.063Z] [local-docker]: 

[2023-03-11T08:58:39.064Z] [local-docker]: #15 exporting to image

[2023-03-11T08:58:39.064Z] [local-docker]: #15 sha256:e8c613e07b0b7ff33893b694f7759a10d42e180f2b4dc349fb57dc6b71dcab00

[2023-03-11T08:58:39.064Z] [local-docker]: #15 exporting layers 0.0s done

[2023-03-11T08:58:39.064Z] [local-docker]: #15 writing image sha256:7820470aad0361044243ff5f3f412e84eca823d103a9b934e086fdd246c7669d done

[2023-03-11T08:58:39.064Z] [local-docker]: #15 naming to docker.io/library/server:v-be0b00ca98 done

[2023-03-11T08:58:39.064Z] [local-docker]: #15 DONE 0.0s

[2023-03-11T08:58:39.072Z] Building server:v-be0b00ca98... → Done (took 3.7 sec)

[2023-03-11T08:58:39.078Z] Deploying version v-af85da595c...

[2023-03-11T08:58:39.104Z] Kubernetes: Getting API resource info for group batch/v1

[2023-03-11T08:58:39.105Z] Kubernetes: Getting API resource info for group batch/v1beta1

[2023-03-11T08:58:39.106Z] Kubernetes: Getting API resource info for group extensions/v1beta1

[2023-03-11T08:58:40.302Z] Waiting for resources to be ready...

[2023-03-11T08:58:40.303Z] [kubernetes-plugin]: Waiting for resources to be ready...

[2023-03-11T08:58:42.563Z] Status of Deployment server is "deploying"

[2023-03-11T08:58:42.566Z] [kubernetes-plugin]: Status of Deployment server is "deploying"

[2023-03-11T08:58:42.574Z] Deployment/server: Started container server

[2023-03-11T08:58:42.574Z] [kubernetes-plugin]: Deployment/server: Started container server

[2023-03-11T08:58:42.575Z] Status of Service server is "ready"

[2023-03-11T08:58:42.575Z] [kubernetes-plugin]: Status of Service server is "ready"

[2023-03-11T08:58:42.575Z] Status of Ingress server-0 is "ready"

[2023-03-11T08:58:42.587Z] [kubernetes-plugin]: Status of Ingress server-0 is "ready"

[2023-03-11T08:58:45.178Z] Status of Deployment server is "ready"

[2023-03-11T08:58:45.178Z] [kubernetes-plugin]: Status of Deployment server is "ready"

[2023-03-11T08:58:45.178Z] Status of Service server is "ready"

[2023-03-11T08:58:45.178Z] [kubernetes-plugin]: Status of Service server is "ready"

[2023-03-11T08:58:45.178Z] Status of Ingress server-0 is "ready"

[2023-03-11T08:58:45.178Z] [kubernetes-plugin]: Status of Ingress server-0 is "ready"

[2023-03-11T08:58:45.178Z] [kubernetes-plugin]: Resources ready

[2023-03-11T08:58:45.186Z] Resources ready

[2023-03-11T08:58:45.214Z] Getting currently deployed resource statuses...

[2023-03-11T08:58:45.238Z] Comparing expected and deployed resources...

[2023-03-11T08:58:45.240Z] All resources match.

[2023-03-11T08:58:45.255Z] Deploying version v-af85da595c... → Done (took 6.2 sec)

[2023-03-11T08:58:45.260Z] Ingress: http://todone.local

[2023-03-11T08:58:45.269Z] Started proxy to server/server:80 on localhost:49226

[2023-03-11T08:58:45.272Z] Port forward: http://localhost:49226 → server:80 (http)

[2023-03-11T08:58:45.279Z] Watcher: Watching paths /Users/brennanwalsh/Sites/Sandbox/proj

[2023-03-11T08:58:45.281Z] Watcher: Starting FSWatcher

[2023-03-11T08:58:45.285Z] Waiting for code changes...

[2023-03-11T08:58:46.933Z] Starting port forward to server/server:80

[2023-03-11T08:58:46.960Z] Forwarding local port 49237 to Service/server port 80

[2023-03-11T08:58:47.728Z] Successfully started port forward to server/server:80

[2023-03-11T08:58:47.729Z] Connecting to server/server:80 port forward at localhost:49237

[2023-03-11T08:58:47.731Z] Connecting to server/server:80 port forward at localhost:49237

[2023-03-11T08:58:47.731Z] Connecting to server/server:80 port forward at localhost:49237
