
[2023-03-11T13:20:02.691Z] Scanning project root at /Users/brennanwalsh/Sites/Sandbox/proj
→ Includes: **/*garden.y*ml
→ Excludes: .garden/**/*,.git,.gitmodules,.garden/**/*,debug-info*/**

[2023-03-11T13:20:02.835Z] Found 2 files in project root /Users/brennanwalsh/Sites/Sandbox/proj

[2023-03-11T13:20:02.975Z] Getting status...

[2023-03-11T13:20:04.549Z] Using current context: docker-desktop

[2023-03-11T13:20:04.607Z] An attempt to get kind version failed with Error: Command "kind version" failed with code ENOENT:

[2023-03-11T13:20:04.742Z] Kubernetes: Getting API resource info for group networking.k8s.io/v1

[2023-03-11T13:20:04.786Z] Initializing...

[2023-03-11T13:20:05.000Z] Error reading safe directories from the .gitconfig: Error: Command "git config --get-all safe.directory" failed with code 1:

[2023-03-11T13:20:05.184Z] Getting status...

[2023-03-11T13:20:05.630Z] An attempt to get kind version failed with Error: Command "kind version" failed with code ENOENT:

[2023-03-11T13:20:05.686Z] Getting status... → Done

[2023-03-11T13:20:05.691Z] Scanning project root at /opt/homebrew/Cellar/garden-cli/0.12.52/libexec/static/kubernetes/system
→ Includes: **/*garden.y*ml
→ Excludes: ../../../../../../../../../Users/brennanwalsh/Sites/Sandbox/proj/.garden/kubernetes.garden/**/*,.git,.gitmodules,.garden/**/*,debug-info*/**

[2023-03-11T13:20:05.816Z] Found 11 files in project root /opt/homebrew/Cellar/garden-cli/0.12.52/libexec/static/kubernetes/system

[2023-03-11T13:20:05.946Z] Resolving 11 modules...

[2023-03-11T13:20:06.118Z] Resolving 11 modules... → Done

[2023-03-11T13:20:06.133Z] Kubernetes: Getting API resource info for group apps/v1

[2023-03-11T13:20:06.133Z] Kubernetes: Getting API resource info for group v1

[2023-03-11T13:20:06.181Z] Getting currently deployed resource statuses...

[2023-03-11T13:20:06.210Z] Comparing expected and deployed resources...

[2023-03-11T13:20:06.211Z] All resources match.

[2023-03-11T13:20:06.875Z] Initializing...

[2023-03-11T13:20:06.885Z] Getting status... → Done

[2023-03-11T13:20:06.886Z] Resolving 3 modules...

[2023-03-11T13:20:06.927Z] Scanning module root at /Users/brennanwalsh/Sites/Sandbox/proj
→ Includes: ./Dockerfile,./app
→ Excludes: (none)

[2023-03-11T13:20:07.046Z] Found 43 files in module root /Users/brennanwalsh/Sites/Sandbox/proj

[2023-03-11T13:20:07.062Z] Scanning module root at /Users/brennanwalsh/Sites/Sandbox/proj
→ Includes: ./Dockerfile,./server,./app/public
→ Excludes: (none)

[2023-03-11T13:20:07.154Z] Found 3 files in module root /Users/brennanwalsh/Sites/Sandbox/proj

[2023-03-11T13:20:07.163Z] Resolving 3 modules... → Done

[2023-03-11T13:20:07.182Z] Processing...

[2023-03-11T13:20:07.199Z] Syncing 0 files from . to .garden/build/database (and removing any extraneous files)

[2023-03-11T13:20:07.236Z] Getting build status for v-b8ece8345c...

[2023-03-11T13:20:07.240Z] Getting build status for v-b8ece8345c... → Already built

[2023-03-11T13:20:07.241Z] Syncing module sources (43 files)...

[2023-03-11T13:20:07.242Z] Syncing 43 files from . to .garden/build/app (and removing any extraneous files)

[2023-03-11T13:20:07.268Z] Getting currently deployed resource statuses...

[2023-03-11T13:20:07.268Z] Getting currently deployed resource statuses...

[2023-03-11T13:20:07.301Z] Getting currently deployed resource statuses...

[2023-03-11T13:20:07.332Z] Comparing expected and deployed resources...

[2023-03-11T13:20:07.333Z] Comparing expected and deployed resources...

[2023-03-11T13:20:07.334Z] Resource app is not a superset of deployed resource

[2023-03-11T13:20:07.339Z] All resources match.

[2023-03-11T13:20:07.349Z] Deploying version v-a957583129...

[2023-03-11T13:20:07.351Z] Deploying version v-a957583129... → Already deployed

[2023-03-11T13:20:07.364Z] Syncing module sources (43 files)... → Done (took 0.1 sec)

[2023-03-11T13:20:07.367Z] Getting build status for v-35835f6875...

[2023-03-11T13:20:07.369Z] Comparing expected and deployed resources...

[2023-03-11T13:20:07.371Z] Resource server is not a superset of deployed resource

[2023-03-11T13:20:07.375Z] Started proxy to database/database:5432 on localhost:5432

[2023-03-11T13:20:07.378Z] Port forward: postgres://localhost:5432 → database:5432 (database)

[2023-03-11T13:20:07.380Z] Spawning '/Users/brennanwalsh/.garden/tools/docker/23842c62b99af05f/docker/docker images app:v-35835f6875 -q' in /Users/brennanwalsh/Sites/Sandbox/proj

[2023-03-11T13:20:07.848Z] Building version v-35835f6875...

[2023-03-11T13:20:08.113Z] Building app:v-35835f6875...

[2023-03-11T13:20:08.114Z] Spawning '/Users/brennanwalsh/.garden/tools/docker/23842c62b99af05f/docker/docker build -t app:v-35835f6875 --build-arg GARDEN_MODULE_VERSION=v-35835f6875 --target app --file /Users/brennanwalsh/Sites/Sandbox/proj/.garden/build/app/Dockerfile /Users/brennanwalsh/Sites/Sandbox/proj/.garden/build/app' in /Users/brennanwalsh/Sites/Sandbox/proj/.garden/build/app

[2023-03-11T13:20:08.509Z] [local-docker]: #1 [internal] load build definition from Dockerfile

[2023-03-11T13:20:08.510Z] [local-docker]: #1 sha256:ea6a816284b0ab5f8e3c0fd30b67d5eb4d31774a722c982e5fe5ef1cfbffaaaa

[2023-03-11T13:20:08.510Z] [local-docker]: #1 transferring dockerfile: 2.24kB done

[2023-03-11T13:20:08.511Z] [local-docker]: #1 DONE 0.0s

[2023-03-11T13:20:08.511Z] [local-docker]: 

[2023-03-11T13:20:08.511Z] [local-docker]: #2 [internal] load .dockerignore

[2023-03-11T13:20:08.511Z] [local-docker]: #2 sha256:5694b3de4099a6903ada82dee0956d943223822d60ee61e3897e51bde3ef4b74

[2023-03-11T13:20:08.512Z] [local-docker]: #2 transferring context: 2B done

[2023-03-11T13:20:08.512Z] [local-docker]: #2 DONE 0.0s

[2023-03-11T13:20:08.512Z] [local-docker]: 

[2023-03-11T13:20:08.512Z] [local-docker]: #3 resolve image config for docker.io/docker/dockerfile:1.4

[2023-03-11T13:20:08.512Z] [local-docker]: #3 sha256:9ea865748483b1f4f52c8c6ec970fc4927717bff340cfc4c224a179f2ef026ca

[2023-03-11T13:20:09.967Z] [local-docker]: #3 ...

[2023-03-11T13:20:09.967Z] [local-docker]: 

[2023-03-11T13:20:09.968Z] [local-docker]: #4 [auth] docker/dockerfile:pull token for registry-1.docker.io

[2023-03-11T13:20:09.968Z] [local-docker]: #4 sha256:1d0ea20f1781bb1d4caa70b2e65f17b3d43df2c4f39c12ebf70d0101f3010541

[2023-03-11T13:20:09.968Z] [local-docker]: #4 DONE 0.0s

[2023-03-11T13:20:10.116Z] [local-docker]: 

[2023-03-11T13:20:10.116Z] [local-docker]: #3 resolve image config for docker.io/docker/dockerfile:1.4

[2023-03-11T13:20:10.116Z] [local-docker]: #3 sha256:9ea865748483b1f4f52c8c6ec970fc4927717bff340cfc4c224a179f2ef026ca

[2023-03-11T13:20:10.419Z] [local-docker]: #3 DONE 1.8s

[2023-03-11T13:20:10.420Z] [local-docker]: 

[2023-03-11T13:20:10.421Z] [local-docker]: #5 docker-image://docker.io/docker/dockerfile:1.4@sha256:9ba7531bd80fb0a858632727cf7a112fbfd19b17e94c4e84ced81e24ef1a0dbc

[2023-03-11T13:20:10.421Z] [local-docker]: #5 sha256:66a0e12aa5cbc2eaf894e26a8df172f6c2bc232ebfb59d1ecf39b78f65e274a5

[2023-03-11T13:20:10.422Z] [local-docker]: #5 CACHED

[2023-03-11T13:20:10.675Z] [local-docker]: 

[2023-03-11T13:20:10.676Z] [local-docker]: #6 [internal] load build definition from Dockerfile

[2023-03-11T13:20:10.676Z] [local-docker]: #6 sha256:764559a566f61285a63f6dd0c657147a7ebca3aa3033dd608bc2860e503dddd3

[2023-03-11T13:20:10.676Z] [local-docker]: #6 DONE 0.0s

[2023-03-11T13:20:10.676Z] [local-docker]: 

[2023-03-11T13:20:10.676Z] [local-docker]: #7 [internal] load .dockerignore

[2023-03-11T13:20:10.676Z] [local-docker]: #7 sha256:8b79381719c9ebd1282f8570dfa302646ab4748e0aa8e0acfe991e4fe74a07d7

[2023-03-11T13:20:10.677Z] [local-docker]: #7 DONE 0.0s

[2023-03-11T13:20:10.677Z] [local-docker]: 

[2023-03-11T13:20:10.677Z] [local-docker]: #11 [internal] load metadata for docker.io/library/node:18-alpine

[2023-03-11T13:20:10.677Z] [local-docker]: #11 sha256:5ee8ea8626137e4a4e007f934eed3f693a5155be1152f5d3acaa7750c4ab9271

[2023-03-11T13:20:11.732Z] [local-docker]: #11 ...

[2023-03-11T13:20:11.732Z] [local-docker]: 

[2023-03-11T13:20:11.732Z] [local-docker]: #12 [auth] library/php:pull token for registry-1.docker.io

[2023-03-11T13:20:11.732Z] [local-docker]: #12 sha256:d7df719b4bca60b7918d21616cf1d7b3cc70762f55720d82c4b3ae0948a27254

[2023-03-11T13:20:11.732Z] [local-docker]: #12 DONE 0.0s

[2023-03-11T13:20:11.865Z] [local-docker]: 

[2023-03-11T13:20:11.865Z] [local-docker]: #8 [internal] load metadata for docker.io/library/php:8.2-fpm-alpine

[2023-03-11T13:20:11.865Z] [local-docker]: #8 sha256:44689ef69613d66cf16d0f373113eeb2a28b44062abfad4887f556b2769a254a

[2023-03-11T13:20:11.865Z] [local-docker]: #8 DONE 1.3s

[2023-03-11T13:20:11.865Z] [local-docker]: 

[2023-03-11T13:20:11.865Z] [local-docker]: #10 [internal] load metadata for docker.io/composer/composer:2-bin

[2023-03-11T13:20:11.865Z] [local-docker]: #10 sha256:0157127993e94986bf7244f58161f892c2a73d68ca607376ce01228a4b15af94

[2023-03-11T13:20:12.208Z] [local-docker]: #10 ...

[2023-03-11T13:20:12.210Z] [local-docker]: 

[2023-03-11T13:20:12.210Z] [local-docker]: #13 [auth] composer/composer:pull token for registry-1.docker.io

[2023-03-11T13:20:12.210Z] [local-docker]: #13 sha256:4561a06301ff6617433c4d034a2fbd82cae78c6872ae3d87dc8a3c9b884a46ca

[2023-03-11T13:20:12.210Z] [local-docker]: #13 DONE 0.0s

[2023-03-11T13:20:12.210Z] [local-docker]: 

[2023-03-11T13:20:12.210Z] [local-docker]: #14 [auth] mlocati/php-extension-installer:pull token for registry-1.docker.io

[2023-03-11T13:20:12.210Z] [local-docker]: #14 sha256:8ae2901c7664f66639551d476cac2cc623e3e00fbc2c5b1820a77a8cd38e71b4

[2023-03-11T13:20:12.210Z] [local-docker]: #14 DONE 0.0s

[2023-03-11T13:20:12.210Z] [local-docker]: 

[2023-03-11T13:20:12.210Z] [local-docker]: #15 [auth] library/node:pull token for registry-1.docker.io

[2023-03-11T13:20:12.211Z] [local-docker]: #15 sha256:7739bf5150552eb376ce566626b424351067495be86a3f6261fdf84935be1a77

[2023-03-11T13:20:12.211Z] [local-docker]: #15 DONE 0.0s

[2023-03-11T13:20:12.325Z] [local-docker]: 

[2023-03-11T13:20:12.327Z] [local-docker]: #9 [internal] load metadata for docker.io/mlocati/php-extension-installer:latest

[2023-03-11T13:20:12.329Z] [local-docker]: #9 sha256:94077f4fbf3dc80fac21037ef28c4efd7bb825c5c89e9942beb2f1d9b8b41fa8

[2023-03-11T13:20:12.464Z] [local-docker]: #9 ...

[2023-03-11T13:20:12.465Z] [local-docker]: 

[2023-03-11T13:20:12.466Z] [local-docker]: #11 [internal] load metadata for docker.io/library/node:18-alpine

[2023-03-11T13:20:12.466Z] [local-docker]: #11 sha256:5ee8ea8626137e4a4e007f934eed3f693a5155be1152f5d3acaa7750c4ab9271

[2023-03-11T13:20:12.466Z] [local-docker]: #11 DONE 1.8s

[2023-03-11T13:20:12.466Z] [local-docker]: 

[2023-03-11T13:20:12.466Z] [local-docker]: #10 [internal] load metadata for docker.io/composer/composer:2-bin

[2023-03-11T13:20:12.466Z] [local-docker]: #10 sha256:0157127993e94986bf7244f58161f892c2a73d68ca607376ce01228a4b15af94

[2023-03-11T13:20:12.466Z] [local-docker]: #10 DONE 1.9s

[2023-03-11T13:20:12.589Z] [local-docker]: 

[2023-03-11T13:20:12.590Z] [local-docker]: #9 [internal] load metadata for docker.io/mlocati/php-extension-installer:latest

[2023-03-11T13:20:12.590Z] [local-docker]: #9 sha256:94077f4fbf3dc80fac21037ef28c4efd7bb825c5c89e9942beb2f1d9b8b41fa8

[2023-03-11T13:20:12.590Z] [local-docker]: #9 DONE 2.0s

[2023-03-11T13:20:12.591Z] [local-docker]: 

[2023-03-11T13:20:12.591Z] [local-docker]: #16 [app  1/17] FROM docker.io/library/php:8.2-fpm-alpine@sha256:dae174052d1e0b75ad37594c14ae24dd0dd27041162c1a0f3153cc5fbd8114dd

[2023-03-11T13:20:12.591Z] [local-docker]: #16 sha256:c8b8abe9ffa9ace47b1dd437fe1e5b6c4c3c29f3b2a36206077be3e1bebdfacf

[2023-03-11T13:20:12.592Z] [local-docker]: #16 DONE 0.0s

[2023-03-11T13:20:12.592Z] [local-docker]: 

[2023-03-11T13:20:12.592Z] [local-docker]: #22 [nodejs 1/1] FROM docker.io/library/node:18-alpine@sha256:f605fcd5254d0e398e04d93c7b11e2aec2a6e1aeb7da1f99bc40cd101dd8cde4

[2023-03-11T13:20:12.593Z] [local-docker]: #22 sha256:77827acad3ab054ff93ffd715ab8f0981aade8229dcaeded9e58cbe516c4faa8

[2023-03-11T13:20:12.593Z] [local-docker]: #22 DONE 0.0s

[2023-03-11T13:20:12.593Z] [local-docker]: 

[2023-03-11T13:20:12.593Z] [local-docker]: #18 [php_extension_installer 1/1] FROM docker.io/mlocati/php-extension-installer:latest@sha256:87b296530ee351d9a0978b8ed851446157cf866f9a81f542c5be542bc014b9b9

[2023-03-11T13:20:12.594Z] [local-docker]: #18 sha256:c492f9007d3fd2e49ff18d44af67bebfef5055e05fbe4c609f91b7eafa5fc987

[2023-03-11T13:20:12.594Z] [local-docker]: #18 DONE 0.0s

[2023-03-11T13:20:12.594Z] [local-docker]: 

[2023-03-11T13:20:12.598Z] [local-docker]: #20 [composer 1/1] FROM docker.io/composer/composer:2-bin@sha256:6a8b987cd68b8c38863bf05cba6a5776ddd2f6753a20b83e12a1d6ae4827d4a5

[2023-03-11T13:20:12.598Z] [local-docker]: #20 sha256:8c34a4d8dc3e231d106045a6ef0ea462d0bdc4458c87e80455b2b46bb3b21851

[2023-03-11T13:20:12.599Z] [local-docker]: #20 DONE 0.0s

[2023-03-11T13:20:12.599Z] [local-docker]: 

[2023-03-11T13:20:12.599Z] [local-docker]: #28 [internal] load build context

[2023-03-11T13:20:12.600Z] [local-docker]: #28 sha256:806e8b0f2f9ba77a26e3b060fac3cb0a15e259a2df83e15dc7f213361d5718a7

[2023-03-11T13:20:12.609Z] [local-docker]: #28 transferring context: 8.65kB done

[2023-03-11T13:20:12.610Z] [local-docker]: #28 DONE 0.0s

[2023-03-11T13:20:12.610Z] [local-docker]: 

[2023-03-11T13:20:12.610Z] [local-docker]: #25 [app  7/17] RUN ln -s /usr/local/lib/node_modules/npm/bin/npm-cli.js /usr/local/bin/npm

[2023-03-11T13:20:12.610Z] [local-docker]: #25 sha256:76be8c7fb6bdd7647fe4c8b0823a4758ecdeff890997354560f614c046b2296c

[2023-03-11T13:20:12.610Z] [local-docker]: #25 CACHED

[2023-03-11T13:20:12.610Z] [local-docker]: 

[2023-03-11T13:20:12.610Z] [local-docker]: #19 [app  3/17] COPY --from=php_extension_installer --link /usr/bin/install-php-extensions /usr/bin/

[2023-03-11T13:20:12.611Z] [local-docker]: #19 sha256:0d903561b793c7c94444be6cb0c4827a74de697e4283aa54cb1163945e160cc3

[2023-03-11T13:20:12.611Z] [local-docker]: #19 CACHED

[2023-03-11T13:20:12.611Z] [local-docker]: 

[2023-03-11T13:20:12.611Z] [local-docker]: #32 [app 13/17] COPY --link ./app/bin ./bin

[2023-03-11T13:20:12.611Z] [local-docker]: #32 sha256:52c6b02a01890e1ac939a6a2987e72260b122f7cd69db6822c688cc444d72fb4

[2023-03-11T13:20:12.611Z] [local-docker]: #32 CACHED

[2023-03-11T13:20:12.611Z] [local-docker]: 

[2023-03-11T13:20:12.611Z] [local-docker]: #23 [app  5/17] COPY --from=nodejs --link /usr/local/bin/node /usr/local/bin/

[2023-03-11T13:20:12.611Z] [local-docker]: #23 sha256:4b4b8beb4324af52aef95d0d0e697dce54e15cb631d0466c1ab135833aeb62f5

[2023-03-11T13:20:12.611Z] [local-docker]: #23 CACHED

[2023-03-11T13:20:12.612Z] [local-docker]: 

[2023-03-11T13:20:12.612Z] [local-docker]: #30 [app 11/17] COPY --link ./app/etc/php-fpm.d/zz-docker.conf /usr/local/etc/php-fpm.d/zz-docker.conf

[2023-03-11T13:20:12.612Z] [local-docker]: #30 sha256:3687dbcb25c7c2c0306173101146ef14734d78d63696b9c04bfe50f78017e0e2

[2023-03-11T13:20:12.612Z] [local-docker]: #30 CACHED

[2023-03-11T13:20:12.612Z] [local-docker]: 

[2023-03-11T13:20:12.612Z] [local-docker]: #24 [app  6/17] COPY --from=nodejs --link /usr/local/lib/node_modules /usr/local/lib/node_modules

[2023-03-11T13:20:12.612Z] [local-docker]: #24 sha256:5d04446ebf5c26d43d583fde8a941e8090fc97606134a709aef0ffb153d226f4

[2023-03-11T13:20:12.612Z] [local-docker]: #24 CACHED

[2023-03-11T13:20:12.612Z] [local-docker]: 

[2023-03-11T13:20:12.612Z] [local-docker]: #31 [app 12/17] RUN mv "/usr/local/etc/php/php.ini-development" "/usr/local/etc/php/php.ini"

[2023-03-11T13:20:12.613Z] [local-docker]: #31 sha256:70072329e1a2067b54e766e0fefeced2889a300bbd99da622997b3a30e779729

[2023-03-11T13:20:12.613Z] [local-docker]: #31 CACHED

[2023-03-11T13:20:12.613Z] [local-docker]: 

[2023-03-11T13:20:12.613Z] [local-docker]: #33 [app 14/17] RUN chmod +x ./bin/console;

[2023-03-11T13:20:12.613Z] [local-docker]: #33 sha256:f2b7a2c8ee7f41bdc2f227fce6ec5127edc9b765571d228b151b7956b1df6b62

[2023-03-11T13:20:12.613Z] [local-docker]: #33 CACHED

[2023-03-11T13:20:12.613Z] [local-docker]: 

[2023-03-11T13:20:12.613Z] [local-docker]: #26 [app  8/17] RUN apk add --no-cache bash make;

[2023-03-11T13:20:12.613Z] [local-docker]: #26 sha256:b5cfbc4cecc95f7dd77e510cfcecc3a1482cf9b0ca93601c0e42cac9e7928caa

[2023-03-11T13:20:12.613Z] [local-docker]: #26 CACHED

[2023-03-11T13:20:12.613Z] [local-docker]: 

[2023-03-11T13:20:12.613Z] [local-docker]: #34 [app 15/17] COPY --link ./app/etc/docker-entrypoint ./app/etc/wait-for-it ./app/etc/docker-healthcheck /usr/local/bin/

[2023-03-11T13:20:12.613Z] [local-docker]: #34 sha256:fff823e915a1cd280c2c3b1b8d1e5c340d8da3a70cf56d7e603c5fa4e0180e0e

[2023-03-11T13:20:12.614Z] [local-docker]: #34 CACHED

[2023-03-11T13:20:12.614Z] [local-docker]: 

[2023-03-11T13:20:12.614Z] [local-docker]: #27 [app  9/17] RUN install-php-extensions intl zip apcu opcache pdo_pgsql;

[2023-03-11T13:20:12.614Z] [local-docker]: #27 sha256:7787ca72319e5b7fa2d0adfc641c2f5c9a2086cf944649aa74be2d8b172f2391

[2023-03-11T13:20:12.614Z] [local-docker]: #27 CACHED

[2023-03-11T13:20:12.614Z] [local-docker]: 

[2023-03-11T13:20:12.614Z] [local-docker]: #21 [app  4/17] COPY --from=composer --link /composer /usr/bin/

[2023-03-11T13:20:12.614Z] [local-docker]: #21 sha256:a01b7a374a2de9af02942b85832dc40d504bd00ef2bb79184bf5eca09c5652e3

[2023-03-11T13:20:12.614Z] [local-docker]: #21 CACHED

[2023-03-11T13:20:12.614Z] [local-docker]: 

[2023-03-11T13:20:12.614Z] [local-docker]: #29 [app 10/17] COPY --link ./app/etc/conf.d/app.ini /usr/local/etc/php/conf.d/

[2023-03-11T13:20:12.614Z] [local-docker]: #29 sha256:70e04014ac357e9ecc60e8079c14396f683eeefcb79ca73d23e4d2845b1f0221

[2023-03-11T13:20:12.614Z] [local-docker]: #29 CACHED

[2023-03-11T13:20:12.615Z] [local-docker]: 

[2023-03-11T13:20:12.616Z] [local-docker]: #17 [app  2/17] WORKDIR /srv/app

[2023-03-11T13:20:12.616Z] [local-docker]: #17 sha256:3200e88b4ae95031bc133099fb5786f7fe13b65a2abce90f7e2b9cd2ae4e8a0c

[2023-03-11T13:20:12.616Z] [local-docker]: #17 CACHED

[2023-03-11T13:20:12.616Z] [local-docker]: 

[2023-03-11T13:20:12.616Z] [local-docker]: #35 [app 16/17] RUN chmod +x /usr/local/bin/docker-entrypoint; 		chmod +x /usr/local/bin/wait-for-it; 		chmod +x /usr/local/bin/docker-healthcheck;

[2023-03-11T13:20:12.616Z] [local-docker]: #35 sha256:c83225518e34b4e89d61dbefa54edb3173acdce461974d61ec50b8e47ee4b042

[2023-03-11T13:20:12.617Z] [local-docker]: #35 CACHED

[2023-03-11T13:20:12.617Z] [local-docker]: 

[2023-03-11T13:20:12.617Z] [local-docker]: #36 [app 17/17] COPY --link  ./app .

[2023-03-11T13:20:12.617Z] [local-docker]: #36 sha256:ec212e9c59aedd7bee4f2462648f8cbceb18aa6d99ca146490def907610bfd62

[2023-03-11T13:20:12.617Z] [local-docker]: #36 DONE 0.0s

[2023-03-11T13:20:12.650Z] [local-docker]: 

[2023-03-11T13:20:12.650Z] [local-docker]: #37 exporting to image

[2023-03-11T13:20:12.651Z] [local-docker]: #37 sha256:e8c613e07b0b7ff33893b694f7759a10d42e180f2b4dc349fb57dc6b71dcab00

[2023-03-11T13:20:12.652Z] [local-docker]: #37 exporting layers 0.0s done

[2023-03-11T13:20:12.652Z] [local-docker]: #37 writing image sha256:95ff71e2b07c5f7b2df0dd585fc55471363ea99528a0f6774feaf05c3296231f done

[2023-03-11T13:20:12.652Z] [local-docker]: #37 naming to docker.io/library/app:v-35835f6875 done

[2023-03-11T13:20:12.652Z] [local-docker]: #37 DONE 0.1s

[2023-03-11T13:20:12.674Z] Building app:v-35835f6875... → Done (took 5.3 sec)

[2023-03-11T13:20:12.689Z] Syncing module sources (3 files)...

[2023-03-11T13:20:12.696Z] Deploying version v-d04afbc049...

[2023-03-11T13:20:12.744Z] Syncing 3 files from . to .garden/build/server (and removing any extraneous files)

[2023-03-11T13:20:12.747Z] Kubernetes: Getting API resource info for group batch/v1

[2023-03-11T13:20:12.749Z] Kubernetes: Getting API resource info for group batch/v1beta1

[2023-03-11T13:20:12.750Z] Kubernetes: Getting API resource info for group extensions/v1beta1

[2023-03-11T13:20:12.941Z] Syncing module sources (3 files)... → Done (took 0.3 sec)

[2023-03-11T13:20:12.953Z] Getting build status for v-c851c6ac32...

[2023-03-11T13:20:13.027Z] Spawning '/Users/brennanwalsh/.garden/tools/docker/23842c62b99af05f/docker/docker images server:v-c851c6ac32 -q' in /Users/brennanwalsh/Sites/Sandbox/proj

[2023-03-11T13:20:13.180Z] Building version v-c851c6ac32...

[2023-03-11T13:20:13.390Z] Building server:v-c851c6ac32...

[2023-03-11T13:20:13.394Z] Spawning '/Users/brennanwalsh/.garden/tools/docker/23842c62b99af05f/docker/docker build -t server:v-c851c6ac32 --build-arg GARDEN_MODULE_VERSION=v-c851c6ac32 --target server --file /Users/brennanwalsh/Sites/Sandbox/proj/.garden/build/server/Dockerfile /Users/brennanwalsh/Sites/Sandbox/proj/.garden/build/server' in /Users/brennanwalsh/Sites/Sandbox/proj/.garden/build/server

[2023-03-11T13:20:13.911Z] [local-docker]: #2 [internal] load .dockerignore

[2023-03-11T13:20:13.913Z] [local-docker]: #2 sha256:33a6f724dc7acae6fdd3c2a5c634bb0e114607690a090157a452c89cf762fda2

[2023-03-11T13:20:13.914Z] [local-docker]: #2 transferring context:

[2023-03-11T13:20:14.057Z] [local-docker]: #2 transferring context: 2B done

[2023-03-11T13:20:14.057Z] [local-docker]: #2 DONE 0.1s

[2023-03-11T13:20:14.057Z] [local-docker]: 

[2023-03-11T13:20:14.057Z] [local-docker]: #1 [internal] load build definition from Dockerfile

[2023-03-11T13:20:14.057Z] [local-docker]: #1 sha256:c97aa6e40c7bba4da7b4b996c05983c95b57d86b021aabab893c58086d31c461

[2023-03-11T13:20:14.058Z] [local-docker]: #1 transferring dockerfile: 37B done

[2023-03-11T13:20:14.058Z] [local-docker]: #1 DONE 0.1s

[2023-03-11T13:20:14.070Z] Waiting for resources to be ready...

[2023-03-11T13:20:14.071Z] [kubernetes-plugin]: Waiting for resources to be ready...

[2023-03-11T13:20:14.206Z] [local-docker]: 

[2023-03-11T13:20:14.206Z] [local-docker]: #3 resolve image config for docker.io/docker/dockerfile:1.4

[2023-03-11T13:20:14.206Z] [local-docker]: #3 sha256:9ea865748483b1f4f52c8c6ec970fc4927717bff340cfc4c224a179f2ef026ca

[2023-03-11T13:20:14.961Z] [local-docker]: #3 DONE 0.7s

[2023-03-11T13:20:14.961Z] [local-docker]: 

[2023-03-11T13:20:14.961Z] [local-docker]: #4 docker-image://docker.io/docker/dockerfile:1.4@sha256:9ba7531bd80fb0a858632727cf7a112fbfd19b17e94c4e84ced81e24ef1a0dbc

[2023-03-11T13:20:14.961Z] [local-docker]: #4 sha256:66a0e12aa5cbc2eaf894e26a8df172f6c2bc232ebfb59d1ecf39b78f65e274a5

[2023-03-11T13:20:14.961Z] [local-docker]: #4 CACHED

[2023-03-11T13:20:15.230Z] [local-docker]: 

[2023-03-11T13:20:15.231Z] [local-docker]: #5 [internal] load build definition from Dockerfile

[2023-03-11T13:20:15.231Z] [local-docker]: #5 sha256:35a3699cff7c670c2eddc2f91da4a84a6d3e44813f36d0c12ac3628d270f1648

[2023-03-11T13:20:15.231Z] [local-docker]: #5 DONE 0.0s

[2023-03-11T13:20:15.381Z] [local-docker]: 

[2023-03-11T13:20:15.382Z] [local-docker]: #6 [internal] load .dockerignore

[2023-03-11T13:20:15.382Z] [local-docker]: #6 sha256:d47dcb3d1f0b26ceefe9e8da62511d23e7b377a49ee6482e70f0d61836ce898c

[2023-03-11T13:20:15.382Z] [local-docker]: #6 DONE 0.0s

[2023-03-11T13:20:15.383Z] [local-docker]: 

[2023-03-11T13:20:15.384Z] [local-docker]: #7 [internal] load metadata for docker.io/library/caddy:2.6-alpine

[2023-03-11T13:20:15.384Z] [local-docker]: #7 sha256:b5c2bfb54074ace1ac2676cd0cfcdd7bf608114053735ecb316464b673ee88af

[2023-03-11T13:20:16.133Z] [local-docker]: #7 ...

[2023-03-11T13:20:16.133Z] [local-docker]: 

[2023-03-11T13:20:16.134Z] [local-docker]: #8 [auth] library/caddy:pull token for registry-1.docker.io

[2023-03-11T13:20:16.134Z] [local-docker]: #8 sha256:9313a20aa2843903bb70d4564e6a5184ff341edb833c505b0f8b74fe4f9574a5

[2023-03-11T13:20:16.134Z] [local-docker]: #8 DONE 0.0s

[2023-03-11T13:20:16.286Z] [local-docker]: 

[2023-03-11T13:20:16.287Z] [local-docker]: #7 [internal] load metadata for docker.io/library/caddy:2.6-alpine

[2023-03-11T13:20:16.287Z] [local-docker]: #7 sha256:b5c2bfb54074ace1ac2676cd0cfcdd7bf608114053735ecb316464b673ee88af

[2023-03-11T13:20:16.308Z] Status of Deployment app is "deploying"

[2023-03-11T13:20:16.308Z] [kubernetes-plugin]: Status of Deployment app is "deploying"

[2023-03-11T13:20:16.315Z] Deployment/app: Started container app

[2023-03-11T13:20:16.315Z] [kubernetes-plugin]: Deployment/app: Started container app

[2023-03-11T13:20:16.316Z] Status of Service app is "ready"

[2023-03-11T13:20:16.316Z] [kubernetes-plugin]: Status of Service app is "ready"

[2023-03-11T13:20:16.882Z] [local-docker]: #7 DONE 1.6s

[2023-03-11T13:20:17.002Z] [local-docker]: 

[2023-03-11T13:20:17.003Z] [local-docker]: #9 [server 1/4] FROM docker.io/library/caddy:2.6-alpine@sha256:3f4414616d9141c4fbd9f66641d9b91a3b67833dd4145738c536dee584db5314

[2023-03-11T13:20:17.003Z] [local-docker]: #9 sha256:7512f525f983f4aa77728146b3cf48a3abfc49a3375957ea816cc1eb65fd60fa

[2023-03-11T13:20:17.003Z] [local-docker]: #9 resolve docker.io/library/caddy:2.6-alpine@sha256:3f4414616d9141c4fbd9f66641d9b91a3b67833dd4145738c536dee584db5314 0.0s done

[2023-03-11T13:20:17.003Z] [local-docker]: #9 DONE 0.0s

[2023-03-11T13:20:17.004Z] [local-docker]: 

[2023-03-11T13:20:17.004Z] [local-docker]: #11 [internal] load build context

[2023-03-11T13:20:17.004Z] [local-docker]: #11 sha256:3797e798eee126b3a9704ad24843e0d66ecc6376bbbf9e87191d56b3b6b6d9bf

[2023-03-11T13:20:17.004Z] [local-docker]: #11 transferring context: 271B 0.0s done

[2023-03-11T13:20:17.006Z] [local-docker]: #11 DONE 0.0s

[2023-03-11T13:20:17.006Z] [local-docker]: 

[2023-03-11T13:20:17.006Z] [local-docker]: #10 [server 2/4] WORKDIR /srv/app

[2023-03-11T13:20:17.006Z] [local-docker]: #10 sha256:4f4cee17ac54c82763d359b937a28ab3630c941c21b6bf24e4c1ec8c8eecfc5b

[2023-03-11T13:20:17.006Z] [local-docker]: #10 CACHED

[2023-03-11T13:20:17.007Z] [local-docker]: 

[2023-03-11T13:20:17.007Z] [local-docker]: #12 [server 3/4] COPY --link ./server/Caddyfile /etc/caddy/Caddyfile

[2023-03-11T13:20:17.007Z] [local-docker]: #12 sha256:00f853dc3888588ae7ae7f3abac9bd9a78dbebe2f2f7f2d83332112418c36b61

[2023-03-11T13:20:17.007Z] [local-docker]: #12 DONE 0.1s

[2023-03-11T13:20:17.110Z] [local-docker]: 

[2023-03-11T13:20:17.110Z] [local-docker]: #13 [server 4/4] COPY --link ./app/public public

[2023-03-11T13:20:17.110Z] [local-docker]: #13 sha256:0851b1b1ed29592b736bea4a4835451ed0b86ff9068a93da62e71c9b812372fa

[2023-03-11T13:20:17.110Z] [local-docker]: #13 DONE 0.1s

[2023-03-11T13:20:17.162Z] [local-docker]: 

[2023-03-11T13:20:17.163Z] [local-docker]: #14 exporting to image

[2023-03-11T13:20:17.163Z] [local-docker]: #14 sha256:e8c613e07b0b7ff33893b694f7759a10d42e180f2b4dc349fb57dc6b71dcab00

[2023-03-11T13:20:17.163Z] [local-docker]: #14 exporting layers 0.0s done

[2023-03-11T13:20:17.163Z] [local-docker]: #14 writing image sha256:faf29aabdc4588b7e0b0fb4814ddd634e65f5ebe780fe21c53e8d149d79c24dc done

[2023-03-11T13:20:17.163Z] [local-docker]: #14 naming to docker.io/library/server:v-c851c6ac32 done

[2023-03-11T13:20:17.163Z] [local-docker]: #14 DONE 0.0s

[2023-03-11T13:20:17.181Z] Building server:v-c851c6ac32... → Done (took 4.2 sec)

[2023-03-11T13:20:17.195Z] Deploying version v-ba04e925a4...

[2023-03-11T13:20:17.222Z] Kubernetes: Getting API resource info for group batch/v1beta1

[2023-03-11T13:20:17.222Z] Kubernetes: Getting API resource info for group extensions/v1beta1

[2023-03-11T13:20:18.219Z] Waiting for resources to be ready...

[2023-03-11T13:20:18.221Z] [kubernetes-plugin]: Waiting for resources to be ready...

[2023-03-11T13:20:18.910Z] Status of Deployment app is "ready"

[2023-03-11T13:20:18.911Z] [kubernetes-plugin]: Status of Deployment app is "ready"

[2023-03-11T13:20:18.912Z] Status of Service app is "ready"

[2023-03-11T13:20:18.912Z] [kubernetes-plugin]: Status of Service app is "ready"

[2023-03-11T13:20:18.912Z] [kubernetes-plugin]: Resources ready

[2023-03-11T13:20:18.919Z] Resources ready

[2023-03-11T13:20:18.995Z] Getting currently deployed resource statuses...

[2023-03-11T13:20:19.045Z] Comparing expected and deployed resources...

[2023-03-11T13:20:19.048Z] All resources match.

[2023-03-11T13:20:19.055Z] Deploying version v-d04afbc049... → Done (took 6.4 sec)

[2023-03-11T13:20:19.075Z] Started proxy to app/app:80 on localhost:63032

[2023-03-11T13:20:19.081Z] Port forward: http://localhost:63032 → app:80 (app)

[2023-03-11T13:20:20.465Z] Status of Deployment server is "deploying"

[2023-03-11T13:20:20.466Z] [kubernetes-plugin]: Status of Deployment server is "deploying"

[2023-03-11T13:20:20.473Z] Deployment/server: Created container server

[2023-03-11T13:20:20.474Z] [kubernetes-plugin]: Deployment/server: Created container server

[2023-03-11T13:20:20.474Z] Status of Service server is "ready"

[2023-03-11T13:20:20.474Z] [kubernetes-plugin]: Status of Service server is "ready"

[2023-03-11T13:20:20.474Z] Status of Ingress server-0 is "ready"

[2023-03-11T13:20:20.474Z] [kubernetes-plugin]: Status of Ingress server-0 is "ready"

[2023-03-11T13:20:23.028Z] Status of Deployment server is "ready"

[2023-03-11T13:20:23.028Z] [kubernetes-plugin]: Status of Deployment server is "ready"

[2023-03-11T13:20:23.028Z] Status of Service server is "ready"

[2023-03-11T13:20:23.029Z] [kubernetes-plugin]: Status of Service server is "ready"

[2023-03-11T13:20:23.029Z] Status of Ingress server-0 is "ready"

[2023-03-11T13:20:23.029Z] [kubernetes-plugin]: Status of Ingress server-0 is "ready"

[2023-03-11T13:20:23.029Z] [kubernetes-plugin]: Resources ready

[2023-03-11T13:20:23.036Z] Resources ready

[2023-03-11T13:20:23.079Z] Getting currently deployed resource statuses...

[2023-03-11T13:20:23.142Z] Comparing expected and deployed resources...

[2023-03-11T13:20:23.145Z] All resources match.

[2023-03-11T13:20:23.154Z] Deploying version v-ba04e925a4... → Done (took 6 sec)

[2023-03-11T13:20:23.160Z] Ingress: http://todone.garden

[2023-03-11T13:20:23.168Z] Started proxy to server/server:80 on localhost:63071

[2023-03-11T13:20:23.173Z] Port forward: http://localhost:63071 → server:80 (http)

[2023-03-11T13:20:23.181Z] Watcher: Watching paths /Users/brennanwalsh/Sites/Sandbox/proj

[2023-03-11T13:20:23.184Z] Watcher: Starting FSWatcher

[2023-03-11T13:20:23.189Z] Waiting for code changes...

[2023-03-11T13:23:50.783Z] Error reading safe directories from the .gitconfig: Error: Command "git config --get-all safe.directory" failed with code 1:

[2023-03-11T13:23:50.920Z] Getting status...

[2023-03-11T13:23:51.655Z] Using current context: docker-desktop

[2023-03-11T13:23:51.719Z] An attempt to get kind version failed with Error: Command "kind version" failed with code ENOENT:

[2023-03-11T13:23:51.736Z] Getting status... → Cached

[2023-03-11T13:23:51.738Z] Run with --force-refresh to force a refresh of provider statuses.

[2023-03-11T13:23:51.743Z] Scanning project root at /Users/brennanwalsh/Sites/Sandbox/proj
→ Includes: **/*garden.y*ml
→ Excludes: .garden/**/*,.git,.gitmodules,.garden/**/*,debug-info*/**

[2023-03-11T13:23:51.887Z] Found 2 files in project root /Users/brennanwalsh/Sites/Sandbox/proj

[2023-03-11T13:23:51.923Z] Resolving 3 modules...

[2023-03-11T13:23:51.959Z] Scanning module root at /Users/brennanwalsh/Sites/Sandbox/proj
→ Includes: ./Dockerfile,./app
→ Excludes: (none)

[2023-03-11T13:23:52.060Z] Found 43 files in module root /Users/brennanwalsh/Sites/Sandbox/proj

[2023-03-11T13:23:52.078Z] Scanning module root at /Users/brennanwalsh/Sites/Sandbox/proj
→ Includes: ./Dockerfile,./server,./app/public
→ Excludes: (none)

[2023-03-11T13:23:52.178Z] Found 3 files in module root /Users/brennanwalsh/Sites/Sandbox/proj

[2023-03-11T13:23:52.190Z] Resolving 3 modules... → Done

[2023-03-11T13:23:52.192Z] Module configuration changed, reloading...

[2023-03-11T13:23:52.193Z] Watcher: Clearing handlers

[2023-03-11T13:23:52.367Z] Error reading safe directories from the .gitconfig: Error: Command "git config --get-all safe.directory" failed with code 1:

[2023-03-11T13:23:52.462Z] ━━━━━━━━━━━━━━━━━━━━━━━━━━━━━━━━━━━━━━━━━━━━━━━━━━━━━━━━━━━━━━━━━━━━━━━━━━━━━━━━
🌍  Running in namespace wagregistry-brennanwalsh in environment local
━━━━━━━━━━━━━━━━━━━━━━━━━━━━━━━━━━━━━━━━━━━━━━━━━━━━━━━━━━━━━━━━━━━━━━━━━━━━━━━━


[2023-03-11T13:23:52.482Z] Garden dashboard running at http://localhost:9777?key=yc1khf82mqopmsl0p2o4k3zs

[2023-03-11T13:23:52.490Z] Getting status...

[2023-03-11T13:23:52.992Z] Using current context: docker-desktop

[2023-03-11T13:23:53.028Z] An attempt to get kind version failed with Error: Command "kind version" failed with code ENOENT:

[2023-03-11T13:23:53.041Z] Getting status... → Cached

[2023-03-11T13:23:53.044Z] Run with --force-refresh to force a refresh of provider statuses.

[2023-03-11T13:23:53.045Z] Scanning project root at /Users/brennanwalsh/Sites/Sandbox/proj
→ Includes: **/*garden.y*ml
→ Excludes: .garden/**/*,.git,.gitmodules,.garden/**/*,debug-info*/**

[2023-03-11T13:23:53.187Z] Found 2 files in project root /Users/brennanwalsh/Sites/Sandbox/proj

[2023-03-11T13:23:53.208Z] Resolving 3 modules...

[2023-03-11T13:23:53.228Z] Scanning module root at /Users/brennanwalsh/Sites/Sandbox/proj
→ Includes: ./Dockerfile,./app
→ Excludes: (none)

[2023-03-11T13:23:53.331Z] Found 43 files in module root /Users/brennanwalsh/Sites/Sandbox/proj

[2023-03-11T13:23:53.345Z] Scanning module root at /Users/brennanwalsh/Sites/Sandbox/proj
→ Includes: ./Dockerfile,./server,./app/public
→ Excludes: (none)

[2023-03-11T13:23:53.443Z] Found 3 files in module root /Users/brennanwalsh/Sites/Sandbox/proj

[2023-03-11T13:23:53.452Z] Resolving 3 modules... → Done

[2023-03-11T13:23:53.459Z] Processing...

[2023-03-11T13:23:53.481Z] Syncing 0 files from . to .garden/build/database (and removing any extraneous files)

[2023-03-11T13:23:53.512Z] Getting build status for v-b8ece8345c...

[2023-03-11T13:23:53.517Z] Getting build status for v-b8ece8345c... → Already built

[2023-03-11T13:23:53.520Z] Syncing module sources (43 files)...

[2023-03-11T13:23:53.521Z] Syncing 43 files from . to .garden/build/app (and removing any extraneous files)

[2023-03-11T13:23:53.550Z] Syncing module sources (43 files)... → Done (took 0 sec)

[2023-03-11T13:23:53.554Z] Getting build status for v-35835f6875...

[2023-03-11T13:23:53.561Z] Spawning '/Users/brennanwalsh/.garden/tools/docker/23842c62b99af05f/docker/docker images app:v-35835f6875 -q' in /Users/brennanwalsh/Sites/Sandbox/proj

[2023-03-11T13:23:53.603Z] Getting currently deployed resource statuses...

[2023-03-11T13:23:53.603Z] Resource(s) Ingress/server-1 missing from cluster

[2023-03-11T13:23:53.603Z] Getting currently deployed resource statuses...

[2023-03-11T13:23:53.640Z] Comparing expected and deployed resources...

[2023-03-11T13:23:53.641Z] All resources match.

[2023-03-11T13:23:53.642Z] Comparing expected and deployed resources...

[2023-03-11T13:23:53.643Z] All resources match.

[2023-03-11T13:23:53.651Z] Deploying version v-a957583129...

[2023-03-11T13:23:53.654Z] Deploying version v-a957583129... → Already deployed

[2023-03-11T13:23:53.660Z] Port forward: postgres://localhost:5432 → database:5432 (database)

[2023-03-11T13:23:54.006Z] Image app:v-35835f6875 already exists

[2023-03-11T13:23:54.011Z] Getting build status for v-35835f6875... → Already built

[2023-03-11T13:23:54.013Z] Syncing module sources (3 files)...

[2023-03-11T13:23:54.018Z] Deploying version v-d04afbc049...

[2023-03-11T13:23:54.023Z] Deploying version v-d04afbc049... → Already deployed

[2023-03-11T13:23:54.023Z] Syncing 3 files from . to .garden/build/server (and removing any extraneous files)

[2023-03-11T13:23:54.031Z] Port forward: http://localhost:63032 → app:80 (app)

[2023-03-11T13:23:54.034Z] Syncing module sources (3 files)... → Done (took 0 sec)

[2023-03-11T13:23:54.039Z] Getting build status for v-c851c6ac32...

[2023-03-11T13:23:54.043Z] Spawning '/Users/brennanwalsh/.garden/tools/docker/23842c62b99af05f/docker/docker images server:v-c851c6ac32 -q' in /Users/brennanwalsh/Sites/Sandbox/proj

[2023-03-11T13:23:54.170Z] Image server:v-c851c6ac32 already exists

[2023-03-11T13:23:54.175Z] Getting build status for v-c851c6ac32... → Already built

[2023-03-11T13:23:54.180Z] Deploying version v-9783530db4...

[2023-03-11T13:23:54.187Z] Kubernetes: Getting API resource info for group batch/v1beta1

[2023-03-11T13:23:54.188Z] Kubernetes: Getting API resource info for group extensions/v1beta1

[2023-03-11T13:23:54.807Z] Waiting for resources to be ready...

[2023-03-11T13:23:54.808Z] [kubernetes-plugin]: Waiting for resources to be ready...

[2023-03-11T13:23:56.885Z] Status of Deployment server is "ready"

[2023-03-11T13:23:56.886Z] [kubernetes-plugin]: Status of Deployment server is "ready"

[2023-03-11T13:23:56.886Z] Status of Service server is "ready"

[2023-03-11T13:23:56.886Z] [kubernetes-plugin]: Status of Service server is "ready"

[2023-03-11T13:23:56.886Z] Status of Ingress server-0 is "ready"

[2023-03-11T13:23:56.886Z] [kubernetes-plugin]: Status of Ingress server-0 is "ready"

[2023-03-11T13:23:56.886Z] Status of Ingress server-1 is "ready"

[2023-03-11T13:23:56.886Z] [kubernetes-plugin]: Status of Ingress server-1 is "ready"

[2023-03-11T13:23:56.886Z] [kubernetes-plugin]: Resources ready

[2023-03-11T13:23:56.894Z] Resources ready

[2023-03-11T13:23:56.934Z] Getting currently deployed resource statuses...

[2023-03-11T13:23:56.965Z] Comparing expected and deployed resources...

[2023-03-11T13:23:56.968Z] All resources match.

[2023-03-11T13:23:56.976Z] Deploying version v-9783530db4... → Done (took 2.8 sec)

[2023-03-11T13:23:56.984Z] Ingress: http://todone.garden

[2023-03-11T13:23:56.991Z] Ingress: http://todone.garden

[2023-03-11T13:23:57.006Z] Started proxy to server/server:443 on localhost:63179

[2023-03-11T13:23:57.010Z] Port forward: http://localhost:63071 → server:80 (http)

[2023-03-11T13:23:57.015Z] Port forward: https://localhost:63179 → server:443 (https)

[2023-03-11T13:23:57.018Z] Watcher: Watching paths /Users/brennanwalsh/Sites/Sandbox/proj

[2023-03-11T13:23:57.019Z] Watcher: Using existing FSWatcher

[2023-03-11T13:23:57.019Z] Watcher: Ignoring paths /Users/brennanwalsh/Sites/Sandbox/proj/.garden/**/*, /Users/brennanwalsh/Sites/Sandbox/proj/.git, /Users/brennanwalsh/Sites/Sandbox/proj/.gitmodules, /Users/brennanwalsh/Sites/Sandbox/proj/.garden/**/*, /Users/brennanwalsh/Sites/Sandbox/proj/debug-info*/**, /Users/brennanwalsh/Sites/Sandbox/proj/.DS_Store, /Users/brennanwalsh/Sites/Sandbox/proj/.garden, /Users/brennanwalsh/Sites/Sandbox/proj/.git, /Users/brennanwalsh/Sites/Sandbox/proj/.gitignore, /Users/brennanwalsh/Sites/Sandbox/proj/Dockerfile, /Users/brennanwalsh/Sites/Sandbox/proj/app, /Users/brennanwalsh/Sites/Sandbox/proj/composer.lock, /Users/brennanwalsh/Sites/Sandbox/proj/env.yaml, /Users/brennanwalsh/Sites/Sandbox/proj/phpunit.xml, /Users/brennanwalsh/Sites/Sandbox/proj/project.garden.yaml, /Users/brennanwalsh/Sites/Sandbox/proj/server, /Users/brennanwalsh/Sites/Sandbox/proj/symfony.lock, /Users/brennanwalsh/Sites/Sandbox/proj/var, /Users/brennanwalsh/Sites/Sandbox/proj/vendor, /Users/brennanwalsh/Sites/Sandbox/proj/.DS_Store, /Users/brennanwalsh/Sites/Sandbox/proj/.garden, /Users/brennanwalsh/Sites/Sandbox/proj/.git, /Users/brennanwalsh/Sites/Sandbox/proj/.gitignore, /Users/brennanwalsh/Sites/Sandbox/proj/Dockerfile, /Users/brennanwalsh/Sites/Sandbox/proj/app, /Users/brennanwalsh/Sites/Sandbox/proj/composer.lock, /Users/brennanwalsh/Sites/Sandbox/proj/env.yaml, /Users/brennanwalsh/Sites/Sandbox/proj/phpunit.xml, /Users/brennanwalsh/Sites/Sandbox/proj/project.garden.yaml, /Users/brennanwalsh/Sites/Sandbox/proj/server, /Users/brennanwalsh/Sites/Sandbox/proj/symfony.lock, /Users/brennanwalsh/Sites/Sandbox/proj/var, /Users/brennanwalsh/Sites/Sandbox/proj/vendor, /Users/brennanwalsh/Sites/Sandbox/proj/.DS_Store, /Users/brennanwalsh/Sites/Sandbox/proj/.garden, /Users/brennanwalsh/Sites/Sandbox/proj/.git, /Users/brennanwalsh/Sites/Sandbox/proj/.gitignore, /Users/brennanwalsh/Sites/Sandbox/proj/Dockerfile, /Users/brennanwalsh/Sites/Sandbox/proj/app, /Users/brennanwalsh/Sites/Sandbox/proj/composer.lock, /Users/brennanwalsh/Sites/Sandbox/proj/env.yaml, /Users/brennanwalsh/Sites/Sandbox/proj/phpunit.xml, /Users/brennanwalsh/Sites/Sandbox/proj/project.garden.yaml, /Users/brennanwalsh/Sites/Sandbox/proj/server, /Users/brennanwalsh/Sites/Sandbox/proj/symfony.lock, /Users/brennanwalsh/Sites/Sandbox/proj/var, /Users/brennanwalsh/Sites/Sandbox/proj/vendor

[2023-03-11T13:23:57.020Z] Watcher: Watch /Users/brennanwalsh/Sites/Sandbox/proj

[2023-03-11T13:23:57.025Z] Waiting for code changes...

[2023-03-11T13:24:46.669Z] Error reading safe directories from the .gitconfig: Error: Command "git config --get-all safe.directory" failed with code 1:

[2023-03-11T13:24:46.782Z] Getting status...

[2023-03-11T13:24:47.355Z] Using current context: docker-desktop

[2023-03-11T13:24:47.444Z] An attempt to get kind version failed with Error: Command "kind version" failed with code ENOENT:

[2023-03-11T13:24:47.486Z] Getting status... → Cached

[2023-03-11T13:24:47.490Z] Run with --force-refresh to force a refresh of provider statuses.

[2023-03-11T13:24:47.495Z] Scanning project root at /Users/brennanwalsh/Sites/Sandbox/proj
→ Includes: **/*garden.y*ml
→ Excludes: .garden/**/*,.git,.gitmodules,.garden/**/*,debug-info*/**

[2023-03-11T13:24:47.687Z] Found 2 files in project root /Users/brennanwalsh/Sites/Sandbox/proj

[2023-03-11T13:24:47.725Z] Resolving 3 modules...

[2023-03-11T13:24:47.775Z] Scanning module root at /Users/brennanwalsh/Sites/Sandbox/proj
→ Includes: ./Dockerfile,./app
→ Excludes: (none)

[2023-03-11T13:24:47.955Z] Found 43 files in module root /Users/brennanwalsh/Sites/Sandbox/proj

[2023-03-11T13:24:47.974Z] Scanning module root at /Users/brennanwalsh/Sites/Sandbox/proj
→ Includes: ./Dockerfile,./server,./app/public
→ Excludes: (none)

[2023-03-11T13:24:48.092Z] Found 3 files in module root /Users/brennanwalsh/Sites/Sandbox/proj

[2023-03-11T13:24:48.104Z] Resolving 3 modules... → Done

[2023-03-11T13:24:48.109Z] Module configuration changed, reloading...

[2023-03-11T13:24:48.110Z] Watcher: Clearing handlers

[2023-03-11T13:24:48.326Z] Error reading safe directories from the .gitconfig: Error: Command "git config --get-all safe.directory" failed with code 1:

[2023-03-11T13:24:48.430Z] ━━━━━━━━━━━━━━━━━━━━━━━━━━━━━━━━━━━━━━━━━━━━━━━━━━━━━━━━━━━━━━━━━━━━━━━━━━━━━━━━
🌍  Running in namespace wagregistry-brennanwalsh in environment local
━━━━━━━━━━━━━━━━━━━━━━━━━━━━━━━━━━━━━━━━━━━━━━━━━━━━━━━━━━━━━━━━━━━━━━━━━━━━━━━━


[2023-03-11T13:24:48.442Z] Garden dashboard running at http://localhost:9777?key=yc1khf82mqopmsl0p2o4k3zs

[2023-03-11T13:24:48.451Z] Getting status...

[2023-03-11T13:24:48.913Z] Using current context: docker-desktop

[2023-03-11T13:24:48.991Z] An attempt to get kind version failed with Error: Command "kind version" failed with code ENOENT:

[2023-03-11T13:24:49.012Z] Getting status... → Cached

[2023-03-11T13:24:49.017Z] Run with --force-refresh to force a refresh of provider statuses.

[2023-03-11T13:24:49.021Z] Scanning project root at /Users/brennanwalsh/Sites/Sandbox/proj
→ Includes: **/*garden.y*ml
→ Excludes: .garden/**/*,.git,.gitmodules,.garden/**/*,debug-info*/**

[2023-03-11T13:24:49.213Z] Found 2 files in project root /Users/brennanwalsh/Sites/Sandbox/proj

[2023-03-11T13:24:49.232Z] Resolving 3 modules...

[2023-03-11T13:24:49.249Z] Scanning module root at /Users/brennanwalsh/Sites/Sandbox/proj
→ Includes: ./Dockerfile,./app
→ Excludes: (none)

[2023-03-11T13:24:49.360Z] Found 43 files in module root /Users/brennanwalsh/Sites/Sandbox/proj

[2023-03-11T13:24:49.371Z] Scanning module root at /Users/brennanwalsh/Sites/Sandbox/proj
→ Includes: ./Dockerfile,./server,./app/public
→ Excludes: (none)

[2023-03-11T13:24:49.472Z] Found 3 files in module root /Users/brennanwalsh/Sites/Sandbox/proj

[2023-03-11T13:24:49.482Z] Resolving 3 modules... → Done

[2023-03-11T13:24:49.492Z] Processing...

[2023-03-11T13:24:49.521Z] Syncing 0 files from . to .garden/build/database (and removing any extraneous files)

[2023-03-11T13:24:49.555Z] Getting build status for v-b8ece8345c...

[2023-03-11T13:24:49.564Z] Getting build status for v-b8ece8345c... → Already built

[2023-03-11T13:24:49.567Z] Syncing module sources (43 files)...

[2023-03-11T13:24:49.568Z] Syncing 43 files from . to .garden/build/app (and removing any extraneous files)

[2023-03-11T13:24:49.594Z] Syncing module sources (43 files)... → Done (took 0 sec)

[2023-03-11T13:24:49.599Z] Getting build status for v-35835f6875...

[2023-03-11T13:24:49.604Z] Spawning '/Users/brennanwalsh/.garden/tools/docker/23842c62b99af05f/docker/docker images app:v-35835f6875 -q' in /Users/brennanwalsh/Sites/Sandbox/proj

[2023-03-11T13:24:49.639Z] Getting currently deployed resource statuses...

[2023-03-11T13:24:49.639Z] Getting currently deployed resource statuses...

[2023-03-11T13:24:49.639Z] Getting currently deployed resource statuses...

[2023-03-11T13:24:49.690Z] Comparing expected and deployed resources...

[2023-03-11T13:24:49.692Z] Resource server is not a superset of deployed resource

[2023-03-11T13:24:49.697Z] Comparing expected and deployed resources...

[2023-03-11T13:24:49.697Z] All resources match.

[2023-03-11T13:24:49.697Z] Comparing expected and deployed resources...

[2023-03-11T13:24:49.698Z] All resources match.

[2023-03-11T13:24:49.708Z] Deploying version v-a957583129...

[2023-03-11T13:24:49.713Z] Deploying version v-a957583129... → Already deployed

[2023-03-11T13:24:49.721Z] Port forward: postgres://localhost:5432 → database:5432 (database)

[2023-03-11T13:24:50.040Z] Image app:v-35835f6875 already exists

[2023-03-11T13:24:50.048Z] Getting build status for v-35835f6875... → Already built

[2023-03-11T13:24:50.049Z] Syncing module sources (3 files)...

[2023-03-11T13:24:50.057Z] Deploying version v-d04afbc049...

[2023-03-11T13:24:50.065Z] Deploying version v-d04afbc049... → Already deployed

[2023-03-11T13:24:50.066Z] Syncing 3 files from . to .garden/build/server (and removing any extraneous files)

[2023-03-11T13:24:50.073Z] Port forward: http://localhost:63032 → app:80 (app)

[2023-03-11T13:24:50.076Z] Syncing module sources (3 files)... → Done (took 0 sec)

[2023-03-11T13:24:50.083Z] Getting build status for v-c851c6ac32...

[2023-03-11T13:24:50.086Z] Spawning '/Users/brennanwalsh/.garden/tools/docker/23842c62b99af05f/docker/docker images server:v-c851c6ac32 -q' in /Users/brennanwalsh/Sites/Sandbox/proj

[2023-03-11T13:24:50.230Z] Image server:v-c851c6ac32 already exists

[2023-03-11T13:24:50.237Z] Getting build status for v-c851c6ac32... → Already built

[2023-03-11T13:24:50.244Z] Deploying version v-ba04e925a4...

[2023-03-11T13:24:50.248Z] Kubernetes: Getting API resource info for group batch/v1beta1

[2023-03-11T13:24:50.248Z] Kubernetes: Getting API resource info for group extensions/v1beta1

[2023-03-11T13:24:50.972Z] Waiting for resources to be ready...

[2023-03-11T13:24:50.973Z] [kubernetes-plugin]: Waiting for resources to be ready...

[2023-03-11T13:24:53.021Z] Status of Deployment server is "ready"

[2023-03-11T13:24:53.022Z] [kubernetes-plugin]: Status of Deployment server is "ready"

[2023-03-11T13:24:53.022Z] Status of Service server is "ready"

[2023-03-11T13:24:53.022Z] [kubernetes-plugin]: Status of Service server is "ready"

[2023-03-11T13:24:53.022Z] Status of Ingress server-0 is "ready"

[2023-03-11T13:24:53.022Z] [kubernetes-plugin]: Status of Ingress server-0 is "ready"

[2023-03-11T13:24:53.023Z] [kubernetes-plugin]: Resources ready

[2023-03-11T13:24:53.042Z] Resources ready

[2023-03-11T13:24:53.075Z] Getting currently deployed resource statuses...

[2023-03-11T13:24:53.099Z] Comparing expected and deployed resources...

[2023-03-11T13:24:53.101Z] All resources match.

[2023-03-11T13:24:53.110Z] Deploying version v-ba04e925a4... → Done (took 2.9 sec)

[2023-03-11T13:24:53.122Z] Ingress: http://todone.garden

[2023-03-11T13:24:53.129Z] Port forward: http://localhost:63071 → server:80 (http)

[2023-03-11T13:24:53.136Z] Watcher: Watching paths /Users/brennanwalsh/Sites/Sandbox/proj

[2023-03-11T13:24:53.136Z] Watcher: Using existing FSWatcher

[2023-03-11T13:24:53.136Z] Watcher: Ignoring paths /Users/brennanwalsh/Sites/Sandbox/proj/.garden/**/*, /Users/brennanwalsh/Sites/Sandbox/proj/.git, /Users/brennanwalsh/Sites/Sandbox/proj/.gitmodules, /Users/brennanwalsh/Sites/Sandbox/proj/.garden/**/*, /Users/brennanwalsh/Sites/Sandbox/proj/debug-info*/**, /Users/brennanwalsh/Sites/Sandbox/proj/.DS_Store, /Users/brennanwalsh/Sites/Sandbox/proj/.garden, /Users/brennanwalsh/Sites/Sandbox/proj/.git, /Users/brennanwalsh/Sites/Sandbox/proj/.gitignore, /Users/brennanwalsh/Sites/Sandbox/proj/Dockerfile, /Users/brennanwalsh/Sites/Sandbox/proj/app, /Users/brennanwalsh/Sites/Sandbox/proj/composer.lock, /Users/brennanwalsh/Sites/Sandbox/proj/env.yaml, /Users/brennanwalsh/Sites/Sandbox/proj/phpunit.xml, /Users/brennanwalsh/Sites/Sandbox/proj/project.garden.yaml, /Users/brennanwalsh/Sites/Sandbox/proj/server, /Users/brennanwalsh/Sites/Sandbox/proj/symfony.lock, /Users/brennanwalsh/Sites/Sandbox/proj/var, /Users/brennanwalsh/Sites/Sandbox/proj/vendor, /Users/brennanwalsh/Sites/Sandbox/proj/.DS_Store, /Users/brennanwalsh/Sites/Sandbox/proj/.garden, /Users/brennanwalsh/Sites/Sandbox/proj/.git, /Users/brennanwalsh/Sites/Sandbox/proj/.gitignore, /Users/brennanwalsh/Sites/Sandbox/proj/Dockerfile, /Users/brennanwalsh/Sites/Sandbox/proj/app, /Users/brennanwalsh/Sites/Sandbox/proj/composer.lock, /Users/brennanwalsh/Sites/Sandbox/proj/env.yaml, /Users/brennanwalsh/Sites/Sandbox/proj/phpunit.xml, /Users/brennanwalsh/Sites/Sandbox/proj/project.garden.yaml, /Users/brennanwalsh/Sites/Sandbox/proj/server, /Users/brennanwalsh/Sites/Sandbox/proj/symfony.lock, /Users/brennanwalsh/Sites/Sandbox/proj/var, /Users/brennanwalsh/Sites/Sandbox/proj/vendor, /Users/brennanwalsh/Sites/Sandbox/proj/.DS_Store, /Users/brennanwalsh/Sites/Sandbox/proj/.garden, /Users/brennanwalsh/Sites/Sandbox/proj/.git, /Users/brennanwalsh/Sites/Sandbox/proj/.gitignore, /Users/brennanwalsh/Sites/Sandbox/proj/Dockerfile, /Users/brennanwalsh/Sites/Sandbox/proj/app, /Users/brennanwalsh/Sites/Sandbox/proj/composer.lock, /Users/brennanwalsh/Sites/Sandbox/proj/env.yaml, /Users/brennanwalsh/Sites/Sandbox/proj/phpunit.xml, /Users/brennanwalsh/Sites/Sandbox/proj/project.garden.yaml, /Users/brennanwalsh/Sites/Sandbox/proj/server, /Users/brennanwalsh/Sites/Sandbox/proj/symfony.lock, /Users/brennanwalsh/Sites/Sandbox/proj/var, /Users/brennanwalsh/Sites/Sandbox/proj/vendor

[2023-03-11T13:24:53.137Z] Watcher: Watch /Users/brennanwalsh/Sites/Sandbox/proj

[2023-03-11T13:24:53.147Z] Waiting for code changes...

[2023-03-11T13:26:39.806Z] Error reading safe directories from the .gitconfig: Error: Command "git config --get-all safe.directory" failed with code 1:

[2023-03-11T13:26:39.935Z] Getting status...

[2023-03-11T13:26:40.522Z] Using current context: docker-desktop

[2023-03-11T13:26:40.584Z] An attempt to get kind version failed with Error: Command "kind version" failed with code ENOENT:

[2023-03-11T13:26:40.626Z] Getting status... → Cached

[2023-03-11T13:26:40.633Z] Run with --force-refresh to force a refresh of provider statuses.

[2023-03-11T13:26:40.640Z] Scanning project root at /Users/brennanwalsh/Sites/Sandbox/proj
→ Includes: **/*garden.y*ml
→ Excludes: .garden/**/*,.git,.gitmodules,.garden/**/*,debug-info*/**

[2023-03-11T13:26:40.818Z] Found 1 files in project root /Users/brennanwalsh/Sites/Sandbox/proj

[2023-03-11T13:26:40.855Z] Resolving 3 modules...

[2023-03-11T13:26:40.903Z] Scanning module root at /Users/brennanwalsh/Sites/Sandbox/proj
→ Includes: ./Dockerfile,./app
→ Excludes: (none)

[2023-03-11T13:26:41.050Z] Found 43 files in module root /Users/brennanwalsh/Sites/Sandbox/proj

[2023-03-11T13:26:41.071Z] Scanning module root at /Users/brennanwalsh/Sites/Sandbox/proj
→ Includes: ./Dockerfile,./server,./app/public
→ Excludes: (none)

[2023-03-11T13:26:41.184Z] Found 3 files in module root /Users/brennanwalsh/Sites/Sandbox/proj

[2023-03-11T13:26:41.198Z] Resolving 3 modules... → Done

[2023-03-11T13:26:41.208Z] Project configuration changed, reloading...

[2023-03-11T13:26:41.208Z] Watcher: Clearing handlers

[2023-03-11T13:26:41.387Z] Error reading safe directories from the .gitconfig: Error: Command "git config --get-all safe.directory" failed with code 1:

[2023-03-11T13:26:41.493Z] ━━━━━━━━━━━━━━━━━━━━━━━━━━━━━━━━━━━━━━━━━━━━━━━━━━━━━━━━━━━━━━━━━━━━━━━━━━━━━━━━
🌍  Running in namespace wagregistry-brennanwalsh in environment local
━━━━━━━━━━━━━━━━━━━━━━━━━━━━━━━━━━━━━━━━━━━━━━━━━━━━━━━━━━━━━━━━━━━━━━━━━━━━━━━━


[2023-03-11T13:26:41.513Z] Garden dashboard running at http://localhost:9777?key=yc1khf82mqopmsl0p2o4k3zs

[2023-03-11T13:26:41.525Z] Getting status...

[2023-03-11T13:26:42.013Z] Using current context: docker-desktop

[2023-03-11T13:26:42.081Z] An attempt to get kind version failed with Error: Command "kind version" failed with code ENOENT:

[2023-03-11T13:26:42.096Z] Getting status... → Cached

[2023-03-11T13:26:42.102Z] Run with --force-refresh to force a refresh of provider statuses.

[2023-03-11T13:26:42.105Z] Scanning project root at /Users/brennanwalsh/Sites/Sandbox/proj
→ Includes: **/*garden.y*ml
→ Excludes: .garden/**/*,.git,.gitmodules,.garden/**/*,debug-info*/**

[2023-03-11T13:26:42.251Z] Found 1 files in project root /Users/brennanwalsh/Sites/Sandbox/proj

[2023-03-11T13:26:42.277Z] Resolving 3 modules...

[2023-03-11T13:26:42.297Z] Scanning module root at /Users/brennanwalsh/Sites/Sandbox/proj
→ Includes: ./Dockerfile,./app
→ Excludes: (none)

[2023-03-11T13:26:42.403Z] Found 43 files in module root /Users/brennanwalsh/Sites/Sandbox/proj

[2023-03-11T13:26:42.413Z] Scanning module root at /Users/brennanwalsh/Sites/Sandbox/proj
→ Includes: ./Dockerfile,./server,./app/public
→ Excludes: (none)

[2023-03-11T13:26:42.524Z] Found 3 files in module root /Users/brennanwalsh/Sites/Sandbox/proj

[2023-03-11T13:26:42.535Z] Resolving 3 modules... → Done

[2023-03-11T13:26:42.546Z] Processing...

[2023-03-11T13:26:42.578Z] Syncing 0 files from . to .garden/build/database (and removing any extraneous files)

[2023-03-11T13:26:42.620Z] Getting build status for v-b8ece8345c...

[2023-03-11T13:26:42.630Z] Getting build status for v-b8ece8345c... → Already built

[2023-03-11T13:26:42.633Z] Syncing module sources (43 files)...

[2023-03-11T13:26:42.635Z] Syncing 43 files from . to .garden/build/app (and removing any extraneous files)

[2023-03-11T13:26:42.661Z] Getting currently deployed resource statuses...

[2023-03-11T13:26:42.661Z] Getting currently deployed resource statuses...

[2023-03-11T13:26:42.688Z] Getting currently deployed resource statuses...

[2023-03-11T13:26:42.712Z] Comparing expected and deployed resources...

[2023-03-11T13:26:42.712Z] All resources match.

[2023-03-11T13:26:42.713Z] Comparing expected and deployed resources...

[2023-03-11T13:26:42.714Z] All resources match.

[2023-03-11T13:26:42.725Z] Deploying version v-a957583129...

[2023-03-11T13:26:42.732Z] Deploying version v-a957583129... → Already deployed

[2023-03-11T13:26:42.733Z] Comparing expected and deployed resources...

[2023-03-11T13:26:42.734Z] All resources match.

[2023-03-11T13:26:42.734Z] Syncing module sources (43 files)... → Done (took 0.1 sec)

[2023-03-11T13:26:42.743Z] Getting build status for v-35835f6875...

[2023-03-11T13:26:42.754Z] Port forward: postgres://localhost:5432 → database:5432 (database)

[2023-03-11T13:26:42.758Z] Spawning '/Users/brennanwalsh/.garden/tools/docker/23842c62b99af05f/docker/docker images app:v-35835f6875 -q' in /Users/brennanwalsh/Sites/Sandbox/proj

[2023-03-11T13:26:43.235Z] Image app:v-35835f6875 already exists

[2023-03-11T13:26:43.245Z] Getting build status for v-35835f6875... → Already built

[2023-03-11T13:26:43.247Z] Syncing module sources (3 files)...

[2023-03-11T13:26:43.258Z] Deploying version v-d04afbc049...

[2023-03-11T13:26:43.267Z] Deploying version v-d04afbc049... → Already deployed

[2023-03-11T13:26:43.268Z] Syncing 3 files from . to .garden/build/server (and removing any extraneous files)

[2023-03-11T13:26:43.278Z] Port forward: http://localhost:63032 → app:80 (app)

[2023-03-11T13:26:43.283Z] Syncing module sources (3 files)... → Done (took 0 sec)

[2023-03-11T13:26:43.292Z] Getting build status for v-c851c6ac32...

[2023-03-11T13:26:43.298Z] Spawning '/Users/brennanwalsh/.garden/tools/docker/23842c62b99af05f/docker/docker images server:v-c851c6ac32 -q' in /Users/brennanwalsh/Sites/Sandbox/proj

[2023-03-11T13:26:43.447Z] Image server:v-c851c6ac32 already exists

[2023-03-11T13:26:43.456Z] Getting build status for v-c851c6ac32... → Already built

[2023-03-11T13:26:43.464Z] Deploying version v-ba04e925a4...

[2023-03-11T13:26:43.472Z] Deploying version v-ba04e925a4... → Already deployed

[2023-03-11T13:26:43.481Z] Ingress: http://todone.garden

[2023-03-11T13:26:43.492Z] Port forward: http://localhost:63071 → server:80 (http)

[2023-03-11T13:26:43.496Z] Watcher: Watching paths /Users/brennanwalsh/Sites/Sandbox/proj

[2023-03-11T13:26:43.496Z] Watcher: Using existing FSWatcher

[2023-03-11T13:26:43.496Z] Watcher: Ignoring paths /Users/brennanwalsh/Sites/Sandbox/proj/.garden/**/*, /Users/brennanwalsh/Sites/Sandbox/proj/.git, /Users/brennanwalsh/Sites/Sandbox/proj/.gitmodules, /Users/brennanwalsh/Sites/Sandbox/proj/.garden/**/*, /Users/brennanwalsh/Sites/Sandbox/proj/debug-info*/**, /Users/brennanwalsh/Sites/Sandbox/proj/.DS_Store, /Users/brennanwalsh/Sites/Sandbox/proj/.garden, /Users/brennanwalsh/Sites/Sandbox/proj/.git, /Users/brennanwalsh/Sites/Sandbox/proj/.gitignore, /Users/brennanwalsh/Sites/Sandbox/proj/Dockerfile, /Users/brennanwalsh/Sites/Sandbox/proj/app, /Users/brennanwalsh/Sites/Sandbox/proj/composer.lock, /Users/brennanwalsh/Sites/Sandbox/proj/env.yaml, /Users/brennanwalsh/Sites/Sandbox/proj/phpunit.xml, /Users/brennanwalsh/Sites/Sandbox/proj/server, /Users/brennanwalsh/Sites/Sandbox/proj/symfony.lock, /Users/brennanwalsh/Sites/Sandbox/proj/var, /Users/brennanwalsh/Sites/Sandbox/proj/vendor, /Users/brennanwalsh/Sites/Sandbox/proj/.DS_Store, /Users/brennanwalsh/Sites/Sandbox/proj/.garden, /Users/brennanwalsh/Sites/Sandbox/proj/.git, /Users/brennanwalsh/Sites/Sandbox/proj/.gitignore, /Users/brennanwalsh/Sites/Sandbox/proj/Dockerfile, /Users/brennanwalsh/Sites/Sandbox/proj/app, /Users/brennanwalsh/Sites/Sandbox/proj/composer.lock, /Users/brennanwalsh/Sites/Sandbox/proj/env.yaml, /Users/brennanwalsh/Sites/Sandbox/proj/phpunit.xml, /Users/brennanwalsh/Sites/Sandbox/proj/server, /Users/brennanwalsh/Sites/Sandbox/proj/symfony.lock, /Users/brennanwalsh/Sites/Sandbox/proj/var, /Users/brennanwalsh/Sites/Sandbox/proj/vendor, /Users/brennanwalsh/Sites/Sandbox/proj/.DS_Store, /Users/brennanwalsh/Sites/Sandbox/proj/.garden, /Users/brennanwalsh/Sites/Sandbox/proj/.git, /Users/brennanwalsh/Sites/Sandbox/proj/.gitignore, /Users/brennanwalsh/Sites/Sandbox/proj/Dockerfile, /Users/brennanwalsh/Sites/Sandbox/proj/app, /Users/brennanwalsh/Sites/Sandbox/proj/composer.lock, /Users/brennanwalsh/Sites/Sandbox/proj/env.yaml, /Users/brennanwalsh/Sites/Sandbox/proj/phpunit.xml, /Users/brennanwalsh/Sites/Sandbox/proj/server, /Users/brennanwalsh/Sites/Sandbox/proj/symfony.lock, /Users/brennanwalsh/Sites/Sandbox/proj/var, /Users/brennanwalsh/Sites/Sandbox/proj/vendor

[2023-03-11T13:26:43.497Z] Watcher: Watch /Users/brennanwalsh/Sites/Sandbox/proj

[2023-03-11T13:26:43.505Z] Waiting for code changes...

[2023-03-11T13:26:51.250Z] Error reading safe directories from the .gitconfig: Error: Command "git config --get-all safe.directory" failed with code 1:

[2023-03-11T13:26:51.376Z] Getting status...

[2023-03-11T13:26:51.868Z] Using current context: docker-desktop

[2023-03-11T13:26:51.940Z] An attempt to get kind version failed with Error: Command "kind version" failed with code ENOENT:
