
[2023-03-11T09:02:43.793Z] Scanning project root at /Users/brennanwalsh/Sites/Sandbox/proj
→ Includes: **/*garden.y*ml
→ Excludes: .garden/**/*,.git,.gitmodules,.garden/**/*,debug-info*/**

[2023-03-11T09:02:43.915Z] Found 2 files in project root /Users/brennanwalsh/Sites/Sandbox/proj

[2023-03-11T09:02:44.054Z] Getting status...

[2023-03-11T09:02:45.502Z] Using current context: docker-desktop

[2023-03-11T09:02:45.537Z] An attempt to get kind version failed with Error: Command "kind version" failed with code ENOENT:

[2023-03-11T09:02:45.562Z] Getting status... → Cached

[2023-03-11T09:02:45.564Z] Run with --force-refresh to force a refresh of provider statuses.

[2023-03-11T09:02:45.566Z] Resolving 3 modules...

[2023-03-11T09:02:45.634Z] Scanning module root at /Users/brennanwalsh/Sites/Sandbox/proj
→ Includes: ./Dockerfile,./app
→ Excludes: (none)

[2023-03-11T09:02:45.762Z] Found 42 files in module root /Users/brennanwalsh/Sites/Sandbox/proj

[2023-03-11T09:02:45.779Z] Scanning module root at /Users/brennanwalsh/Sites/Sandbox/proj
→ Includes: ./Dockerfile,./server,./app/public
→ Excludes: (none)

[2023-03-11T09:02:45.949Z] Found 3 files in module root /Users/brennanwalsh/Sites/Sandbox/proj

[2023-03-11T09:02:45.972Z] Resolving 3 modules... → Done

[2023-03-11T09:02:45.985Z] Processing...

[2023-03-11T09:02:46.002Z] Syncing 0 files from . to .garden/build/database (and removing any extraneous files)

[2023-03-11T09:02:46.059Z] Getting build status for v-b8ece8345c...

[2023-03-11T09:02:46.067Z] Getting build status for v-b8ece8345c... → Already built

[2023-03-11T09:02:46.069Z] Syncing module sources (42 files)...

[2023-03-11T09:02:46.088Z] Syncing 42 files from . to .garden/build/app (and removing any extraneous files)

[2023-03-11T09:02:46.097Z] Syncing module sources (42 files)... → Done (took 0 sec)

[2023-03-11T09:02:46.100Z] Getting build status for v-e5c060db16...

[2023-03-11T09:02:46.104Z] Spawning '/Users/brennanwalsh/.garden/tools/docker/23842c62b99af05f/docker/docker images app:v-e5c060db16 -q' in /Users/brennanwalsh/Sites/Sandbox/proj

[2023-03-11T09:02:46.372Z] Kubernetes: Getting API resource info for group apps/v1

[2023-03-11T09:02:46.372Z] Kubernetes: Getting API resource info for group v1

[2023-03-11T09:02:46.416Z] Kubernetes: Getting API resource info for group networking.k8s.io/v1

[2023-03-11T09:02:46.504Z] Getting currently deployed resource statuses...

[2023-03-11T09:02:46.505Z] Getting currently deployed resource statuses...

[2023-03-11T09:02:46.540Z] Image app:v-e5c060db16 already exists

[2023-03-11T09:02:46.543Z] Getting build status for v-e5c060db16... → Already built

[2023-03-11T09:02:46.547Z] Syncing module sources (3 files)...

[2023-03-11T09:02:46.548Z] Syncing 3 files from . to .garden/build/server (and removing any extraneous files)

[2023-03-11T09:02:46.553Z] Getting currently deployed resource statuses...

[2023-03-11T09:02:46.585Z] Comparing expected and deployed resources...

[2023-03-11T09:02:46.586Z] Comparing expected and deployed resources...

[2023-03-11T09:02:46.587Z] All resources match.

[2023-03-11T09:02:46.587Z] All resources match.

[2023-03-11T09:02:46.595Z] Deploying version v-c61403eeeb...

[2023-03-11T09:02:46.596Z] Deploying version v-c61403eeeb... → Already deployed

[2023-03-11T09:02:46.597Z] Deploying version v-a957583129...

[2023-03-11T09:02:46.599Z] Deploying version v-a957583129... → Already deployed

[2023-03-11T09:02:46.623Z] Comparing expected and deployed resources...

[2023-03-11T09:02:46.626Z] Resource server is not a superset of deployed resource

[2023-03-11T09:02:46.632Z] Started proxy to app/app:9000 on localhost:9000

[2023-03-11T09:02:46.633Z] Started proxy to database/database:5432 on localhost:5432

[2023-03-11T09:02:46.636Z] Port forward: localhost:9000 → app:9000 (app)

[2023-03-11T09:02:46.638Z] Port forward: postgres://localhost:5432 → database:5432 (database)

[2023-03-11T09:02:46.649Z] Syncing module sources (3 files)... → Done (took 0.1 sec)

[2023-03-11T09:02:46.652Z] Getting build status for v-83d5379175...

[2023-03-11T09:02:46.656Z] Spawning '/Users/brennanwalsh/.garden/tools/docker/23842c62b99af05f/docker/docker images server:v-83d5379175 -q' in /Users/brennanwalsh/Sites/Sandbox/proj

[2023-03-11T09:02:46.764Z] Building version v-83d5379175...

[2023-03-11T09:02:46.867Z] Building server:v-83d5379175...

[2023-03-11T09:02:46.868Z] Spawning '/Users/brennanwalsh/.garden/tools/docker/23842c62b99af05f/docker/docker build -t server:v-83d5379175 --build-arg GARDEN_MODULE_VERSION=v-83d5379175 --target server --file /Users/brennanwalsh/Sites/Sandbox/proj/.garden/build/server/Dockerfile /Users/brennanwalsh/Sites/Sandbox/proj/.garden/build/server' in /Users/brennanwalsh/Sites/Sandbox/proj/.garden/build/server

[2023-03-11T09:02:47.232Z] [local-docker]: #1 [internal] load build definition from Dockerfile

[2023-03-11T09:02:47.234Z] [local-docker]: #1 sha256:63eda1b0d3a5f84824e58138b5bb897bffcfc7fe3a9a52792ce138109e0635e7

[2023-03-11T09:02:47.234Z] [local-docker]: #1 transferring dockerfile: 37B done

[2023-03-11T09:02:47.234Z] [local-docker]: #1 DONE 0.0s

[2023-03-11T09:02:47.235Z] [local-docker]: 

[2023-03-11T09:02:47.235Z] [local-docker]: #2 [internal] load .dockerignore

[2023-03-11T09:02:47.235Z] [local-docker]: #2 sha256:da7710cafb6069162ebbfd584799100dace5c58fd1e312b6e53f1c69b4d48da8

[2023-03-11T09:02:47.235Z] [local-docker]: #2 transferring context: 2B done

[2023-03-11T09:02:47.235Z] [local-docker]: #2 DONE 0.0s

[2023-03-11T09:02:47.235Z] [local-docker]: 

[2023-03-11T09:02:47.236Z] [local-docker]: #3 resolve image config for docker.io/docker/dockerfile:1.4

[2023-03-11T09:02:47.236Z] [local-docker]: #3 sha256:9ea865748483b1f4f52c8c6ec970fc4927717bff340cfc4c224a179f2ef026ca

[2023-03-11T09:02:48.284Z] [local-docker]: #3 DONE 1.0s

[2023-03-11T09:02:48.285Z] [local-docker]: 

[2023-03-11T09:02:48.285Z] [local-docker]: #4 docker-image://docker.io/docker/dockerfile:1.4@sha256:9ba7531bd80fb0a858632727cf7a112fbfd19b17e94c4e84ced81e24ef1a0dbc

[2023-03-11T09:02:48.285Z] [local-docker]: #4 sha256:66a0e12aa5cbc2eaf894e26a8df172f6c2bc232ebfb59d1ecf39b78f65e274a5

[2023-03-11T09:02:48.285Z] [local-docker]: #4 CACHED

[2023-03-11T09:02:48.586Z] [local-docker]: 

[2023-03-11T09:02:48.586Z] [local-docker]: #6 [internal] load build definition from Dockerfile

[2023-03-11T09:02:48.586Z] [local-docker]: #6 sha256:f1a79fa18eb28b6b3033e1e448913c9de7e33d0c1c2b88dc9a80ccc8ba206245

[2023-03-11T09:02:48.586Z] [local-docker]: #6 DONE 0.0s

[2023-03-11T09:02:48.586Z] [local-docker]: 

[2023-03-11T09:02:48.586Z] [local-docker]: #5 [internal] load .dockerignore

[2023-03-11T09:02:48.586Z] [local-docker]: #5 sha256:ae5bc92a62b274daeafc804885f9b881fe0124c9edc6eeb4602d1659a7a0b8f9

[2023-03-11T09:02:48.586Z] [local-docker]: #5 DONE 0.0s

[2023-03-11T09:02:48.586Z] [local-docker]: 

[2023-03-11T09:02:48.586Z] [local-docker]: #7 [internal] load metadata for docker.io/library/caddy:2.6-alpine

[2023-03-11T09:02:48.586Z] [local-docker]: #7 sha256:b5c2bfb54074ace1ac2676cd0cfcdd7bf608114053735ecb316464b673ee88af

[2023-03-11T09:02:49.009Z] [local-docker]: #7 DONE 0.5s

[2023-03-11T09:02:49.105Z] [local-docker]: 

[2023-03-11T09:02:49.106Z] [local-docker]: #8 [server 1/4] FROM docker.io/library/caddy:2.6-alpine@sha256:3f4414616d9141c4fbd9f66641d9b91a3b67833dd4145738c536dee584db5314

[2023-03-11T09:02:49.106Z] [local-docker]: #8 sha256:7512f525f983f4aa77728146b3cf48a3abfc49a3375957ea816cc1eb65fd60fa

[2023-03-11T09:02:49.106Z] [local-docker]: #8 resolve docker.io/library/caddy:2.6-alpine@sha256:3f4414616d9141c4fbd9f66641d9b91a3b67833dd4145738c536dee584db5314 done

[2023-03-11T09:02:49.107Z] [local-docker]: #8 DONE 0.0s

[2023-03-11T09:02:49.108Z] [local-docker]: 

[2023-03-11T09:02:49.108Z] [local-docker]: #10 [internal] load build context

[2023-03-11T09:02:49.108Z] [local-docker]: #10 sha256:f7b5da02646432b47242e5ec80c6ed33fb11781c1b2f108ae71a65da1446f028

[2023-03-11T09:02:49.108Z] [local-docker]: #10 transferring context: 274B done

[2023-03-11T09:02:49.109Z] [local-docker]: #10 DONE 0.0s

[2023-03-11T09:02:49.109Z] [local-docker]: 

[2023-03-11T09:02:49.109Z] [local-docker]: #9 [server 2/4] WORKDIR /srv/app

[2023-03-11T09:02:49.109Z] [local-docker]: #9 sha256:4f4cee17ac54c82763d359b937a28ab3630c941c21b6bf24e4c1ec8c8eecfc5b

[2023-03-11T09:02:49.109Z] [local-docker]: #9 CACHED

[2023-03-11T09:02:49.110Z] [local-docker]: 

[2023-03-11T09:02:49.110Z] [local-docker]: #11 [server 3/4] COPY --link ./server/Caddyfile /etc/caddy/Caddyfile

[2023-03-11T09:02:49.110Z] [local-docker]: #11 sha256:533b8f68f13badedee7e0e4280703a705723fb895d4f2a24eb760b932515b0c3

[2023-03-11T09:02:49.111Z] [local-docker]: #11 DONE 0.0s

[2023-03-11T09:02:49.111Z] [local-docker]: 

[2023-03-11T09:02:49.112Z] [local-docker]: #12 [server 4/4] COPY --link ./app/public public

[2023-03-11T09:02:49.113Z] [local-docker]: #12 sha256:b7ef8200b8a47a5766ab52fccada91d1e951fc74c6cc9fc8427ab1507f30e014

[2023-03-11T09:02:49.113Z] [local-docker]: #12 DONE 0.0s

[2023-03-11T09:02:49.113Z] [local-docker]: 

[2023-03-11T09:02:49.113Z] [local-docker]: #13 exporting to image

[2023-03-11T09:02:49.113Z] [local-docker]: #13 sha256:e8c613e07b0b7ff33893b694f7759a10d42e180f2b4dc349fb57dc6b71dcab00

[2023-03-11T09:02:49.113Z] [local-docker]: #13 exporting layers 0.0s done

[2023-03-11T09:02:49.113Z] [local-docker]: #13 writing image sha256:e7d3d97da061e1342b4daeef5c9004bd9e7b2d90973fcac807299c920ce009d5 done

[2023-03-11T09:02:49.114Z] [local-docker]: #13 naming to docker.io/library/server:v-83d5379175 done

[2023-03-11T09:02:49.114Z] [local-docker]: #13 DONE 0.0s

[2023-03-11T09:02:49.122Z] Building server:v-83d5379175... → Done (took 2.5 sec)

[2023-03-11T09:02:49.134Z] Deploying version v-f5980f981a...

[2023-03-11T09:02:49.169Z] Kubernetes: Getting API resource info for group batch/v1

[2023-03-11T09:02:49.171Z] Kubernetes: Getting API resource info for group batch/v1beta1

[2023-03-11T09:02:49.171Z] Kubernetes: Getting API resource info for group extensions/v1beta1

[2023-03-11T09:02:50.008Z] Waiting for resources to be ready...

[2023-03-11T09:02:50.009Z] [kubernetes-plugin]: Waiting for resources to be ready...

[2023-03-11T09:02:52.235Z] Status of Deployment server is "deploying"

[2023-03-11T09:02:52.235Z] [kubernetes-plugin]: Status of Deployment server is "deploying"

[2023-03-11T09:02:52.240Z] Deployment/server: Started container server

[2023-03-11T09:02:52.240Z] [kubernetes-plugin]: Deployment/server: Started container server

[2023-03-11T09:02:52.240Z] Status of Service server is "ready"

[2023-03-11T09:02:52.240Z] [kubernetes-plugin]: Status of Service server is "ready"

[2023-03-11T09:02:52.240Z] Status of Ingress server-0 is "ready"

[2023-03-11T09:02:52.240Z] [kubernetes-plugin]: Status of Ingress server-0 is "ready"

[2023-03-11T09:02:54.824Z] Status of Deployment server is "ready"

[2023-03-11T09:02:54.824Z] [kubernetes-plugin]: Status of Deployment server is "ready"

[2023-03-11T09:02:54.824Z] Status of Service server is "ready"

[2023-03-11T09:02:54.825Z] [kubernetes-plugin]: Status of Service server is "ready"

[2023-03-11T09:02:54.825Z] Status of Ingress server-0 is "ready"

[2023-03-11T09:02:54.825Z] [kubernetes-plugin]: Status of Ingress server-0 is "ready"

[2023-03-11T09:02:54.825Z] [kubernetes-plugin]: Resources ready

[2023-03-11T09:02:54.835Z] Resources ready

[2023-03-11T09:02:54.864Z] Getting currently deployed resource statuses...

[2023-03-11T09:02:54.887Z] Comparing expected and deployed resources...

[2023-03-11T09:02:54.889Z] All resources match.

[2023-03-11T09:02:54.899Z] Deploying version v-f5980f981a... → Done (took 5.8 sec)

[2023-03-11T09:02:54.903Z] Ingress: http://todone.local

[2023-03-11T09:02:54.918Z] Started proxy to server/server:80 on localhost:50600

[2023-03-11T09:02:54.927Z] Port forward: http://localhost:50600 → server:80 (http)

[2023-03-11T09:02:54.939Z] Watcher: Watching paths /Users/brennanwalsh/Sites/Sandbox/proj

[2023-03-11T09:02:54.942Z] Watcher: Starting FSWatcher

[2023-03-11T09:02:54.947Z] Waiting for code changes...

[2023-03-11T09:03:03.297Z] Starting port forward to server/server:80

[2023-03-11T09:03:03.325Z] Forwarding local port 50635 to Service/server port 80

[2023-03-11T09:03:04.325Z] Successfully started port forward to server/server:80

[2023-03-11T09:03:04.326Z] Connecting to server/server:80 port forward at localhost:50635

[2023-03-11T09:03:04.331Z] Connecting to server/server:80 port forward at localhost:50635

[2023-03-11T09:03:04.331Z] Connecting to server/server:80 port forward at localhost:50635

[2023-03-11T09:03:04.379Z] Connection from undefined:undefined ended
