
[2023-03-11T09:14:52.126Z] Scanning project root at /Users/brennanwalsh/Sites/Sandbox/proj
→ Includes: **/*garden.y*ml
→ Excludes: .garden/**/*,.git,.gitmodules,.garden/**/*,debug-info*/**

[2023-03-11T09:14:52.279Z] Found 2 files in project root /Users/brennanwalsh/Sites/Sandbox/proj

[2023-03-11T09:14:52.414Z] Getting status...

[2023-03-11T09:14:53.856Z] Using current context: docker-desktop

[2023-03-11T09:14:53.897Z] An attempt to get kind version failed with Error: Command "kind version" failed with code ENOENT:

[2023-03-11T09:14:53.926Z] Getting status... → Cached

[2023-03-11T09:14:53.927Z] Run with --force-refresh to force a refresh of provider statuses.

[2023-03-11T09:14:53.929Z] Resolving 3 modules...

[2023-03-11T09:14:53.996Z] Scanning module root at /Users/brennanwalsh/Sites/Sandbox/proj
→ Includes: ./Dockerfile,./app
→ Excludes: (none)

[2023-03-11T09:14:54.129Z] Found 42 files in module root /Users/brennanwalsh/Sites/Sandbox/proj

[2023-03-11T09:14:54.167Z] Scanning module root at /Users/brennanwalsh/Sites/Sandbox/proj
→ Includes: ./Dockerfile,./server,./app/public
→ Excludes: (none)

[2023-03-11T09:14:54.249Z] Found 3 files in module root /Users/brennanwalsh/Sites/Sandbox/proj

[2023-03-11T09:14:54.268Z] Resolving 3 modules... → Done

[2023-03-11T09:14:54.281Z] Processing...

[2023-03-11T09:14:54.303Z] Syncing 0 files from . to .garden/build/database (and removing any extraneous files)

[2023-03-11T09:14:54.356Z] Getting build status for v-b8ece8345c...

[2023-03-11T09:14:54.364Z] Getting build status for v-b8ece8345c... → Already built

[2023-03-11T09:14:54.367Z] Syncing module sources (42 files)...

[2023-03-11T09:14:54.385Z] Syncing 42 files from . to .garden/build/app (and removing any extraneous files)

[2023-03-11T09:14:54.395Z] Syncing module sources (42 files)... → Done (took 0 sec)

[2023-03-11T09:14:54.398Z] Getting build status for v-e5c060db16...

[2023-03-11T09:14:54.403Z] Spawning '/Users/brennanwalsh/.garden/tools/docker/23842c62b99af05f/docker/docker images app:v-e5c060db16 -q' in /Users/brennanwalsh/Sites/Sandbox/proj

[2023-03-11T09:14:54.699Z] Kubernetes: Getting API resource info for group apps/v1

[2023-03-11T09:14:54.700Z] Kubernetes: Getting API resource info for group v1

[2023-03-11T09:14:54.744Z] Kubernetes: Getting API resource info for group networking.k8s.io/v1

[2023-03-11T09:14:54.842Z] Getting currently deployed resource statuses...

[2023-03-11T09:14:54.842Z] Getting currently deployed resource statuses...

[2023-03-11T09:14:54.876Z] Image app:v-e5c060db16 already exists

[2023-03-11T09:14:54.880Z] Getting build status for v-e5c060db16... → Already built

[2023-03-11T09:14:54.885Z] Syncing module sources (3 files)...

[2023-03-11T09:14:54.886Z] Syncing 3 files from . to .garden/build/server (and removing any extraneous files)

[2023-03-11T09:14:54.890Z] Getting currently deployed resource statuses...

[2023-03-11T09:14:54.921Z] Comparing expected and deployed resources...

[2023-03-11T09:14:54.922Z] Comparing expected and deployed resources...

[2023-03-11T09:14:54.922Z] All resources match.

[2023-03-11T09:14:54.922Z] All resources match.

[2023-03-11T09:14:54.931Z] Deploying version v-a957583129...

[2023-03-11T09:14:54.932Z] Deploying version v-a957583129... → Already deployed

[2023-03-11T09:14:54.934Z] Deploying version v-e02a04a73a...

[2023-03-11T09:14:54.935Z] Deploying version v-e02a04a73a... → Already deployed

[2023-03-11T09:14:54.961Z] Started proxy to database/database:5432 on localhost:5432

[2023-03-11T09:14:54.962Z] Comparing expected and deployed resources...

[2023-03-11T09:14:54.965Z] Port forward: postgres://localhost:5432 → database:5432 (database)

[2023-03-11T09:14:54.966Z] Resource server is not a superset of deployed resource

[2023-03-11T09:14:54.977Z] Started proxy to app/app:80 on localhost:54433

[2023-03-11T09:14:54.979Z] Port forward: http://localhost:54433 → app:80 (app)

[2023-03-11T09:14:54.991Z] Syncing module sources (3 files)... → Done (took 0.1 sec)

[2023-03-11T09:14:54.997Z] Getting build status for v-e44b8d2371...

[2023-03-11T09:14:55.011Z] Spawning '/Users/brennanwalsh/.garden/tools/docker/23842c62b99af05f/docker/docker images server:v-e44b8d2371 -q' in /Users/brennanwalsh/Sites/Sandbox/proj

[2023-03-11T09:14:55.111Z] Building version v-e44b8d2371...

[2023-03-11T09:14:55.417Z] Building server:v-e44b8d2371...

[2023-03-11T09:14:55.418Z] Spawning '/Users/brennanwalsh/.garden/tools/docker/23842c62b99af05f/docker/docker build -t server:v-e44b8d2371 --build-arg GARDEN_MODULE_VERSION=v-e44b8d2371 --target server --file /Users/brennanwalsh/Sites/Sandbox/proj/.garden/build/server/Dockerfile /Users/brennanwalsh/Sites/Sandbox/proj/.garden/build/server' in /Users/brennanwalsh/Sites/Sandbox/proj/.garden/build/server

[2023-03-11T09:14:55.796Z] [local-docker]: #1 [internal] load build definition from Dockerfile

[2023-03-11T09:14:55.797Z] [local-docker]: #1 sha256:787c81122e539eeb845d15f5e7593f208f394e98b8b898c59a626044724a40be

[2023-03-11T09:14:55.797Z] [local-docker]: #1 transferring dockerfile: 37B done

[2023-03-11T09:14:55.797Z] [local-docker]: #1 DONE 0.0s

[2023-03-11T09:14:55.798Z] [local-docker]: 

[2023-03-11T09:14:55.798Z] [local-docker]: #2 [internal] load .dockerignore

[2023-03-11T09:14:55.798Z] [local-docker]: #2 sha256:ad2fee8e179a6403af22e8a07e31ef5e87ca60dd916162d9c86470fa23d357f6

[2023-03-11T09:14:55.799Z] [local-docker]: #2 transferring context: 2B done

[2023-03-11T09:14:55.800Z] [local-docker]: #2 DONE 0.0s

[2023-03-11T09:14:55.803Z] [local-docker]: 

[2023-03-11T09:14:55.804Z] [local-docker]: #3 resolve image config for docker.io/docker/dockerfile:1.4

[2023-03-11T09:14:55.804Z] [local-docker]: #3 sha256:9ea865748483b1f4f52c8c6ec970fc4927717bff340cfc4c224a179f2ef026ca

[2023-03-11T09:14:56.810Z] [local-docker]: #3 DONE 1.0s

[2023-03-11T09:14:56.959Z] [local-docker]: 

[2023-03-11T09:14:56.959Z] [local-docker]: #4 docker-image://docker.io/docker/dockerfile:1.4@sha256:9ba7531bd80fb0a858632727cf7a112fbfd19b17e94c4e84ced81e24ef1a0dbc

[2023-03-11T09:14:56.959Z] [local-docker]: #4 sha256:66a0e12aa5cbc2eaf894e26a8df172f6c2bc232ebfb59d1ecf39b78f65e274a5

[2023-03-11T09:14:56.960Z] [local-docker]: #4 CACHED

[2023-03-11T09:14:57.109Z] [local-docker]: 

[2023-03-11T09:14:57.110Z] [local-docker]: #6 [internal] load build definition from Dockerfile

[2023-03-11T09:14:57.110Z] [local-docker]: #6 sha256:f01f31af4ad5e0b3ff55f6ca5195b00fb87c875d545c312d34e98ae1606a0b38

[2023-03-11T09:14:57.110Z] [local-docker]: #6 DONE 0.0s

[2023-03-11T09:14:57.110Z] [local-docker]: 

[2023-03-11T09:14:57.110Z] [local-docker]: #5 [internal] load .dockerignore

[2023-03-11T09:14:57.110Z] [local-docker]: #5 sha256:27836fda35bfac78695b020a741f5eafbaf003d65db5061bfedc30734f1779fd

[2023-03-11T09:14:57.110Z] [local-docker]: #5 DONE 0.0s

[2023-03-11T09:14:57.110Z] [local-docker]: 

[2023-03-11T09:14:57.110Z] [local-docker]: #7 [internal] load metadata for docker.io/library/caddy:2.6-alpine

[2023-03-11T09:14:57.110Z] [local-docker]: #7 sha256:b5c2bfb54074ace1ac2676cd0cfcdd7bf608114053735ecb316464b673ee88af

[2023-03-11T09:14:57.675Z] [local-docker]: #7 DONE 0.6s

[2023-03-11T09:14:57.730Z] [local-docker]: 

[2023-03-11T09:14:57.731Z] [local-docker]: #8 [server 1/4] FROM docker.io/library/caddy:2.6-alpine@sha256:3f4414616d9141c4fbd9f66641d9b91a3b67833dd4145738c536dee584db5314

[2023-03-11T09:14:57.731Z] [local-docker]: #8 sha256:7512f525f983f4aa77728146b3cf48a3abfc49a3375957ea816cc1eb65fd60fa

[2023-03-11T09:14:57.732Z] [local-docker]: #8 resolve docker.io/library/caddy:2.6-alpine@sha256:3f4414616d9141c4fbd9f66641d9b91a3b67833dd4145738c536dee584db5314 done

[2023-03-11T09:14:57.732Z] [local-docker]: #8 DONE 0.0s

[2023-03-11T09:14:57.732Z] [local-docker]: 

[2023-03-11T09:14:57.733Z] [local-docker]: #10 [internal] load build context

[2023-03-11T09:14:57.733Z] [local-docker]: #10 sha256:b54562e51286d7b9b68a1fe33867c655a7e1e1eabfe16bec0a18e539445ca456

[2023-03-11T09:14:57.733Z] [local-docker]: #10 transferring context: 271B done

[2023-03-11T09:14:57.735Z] [local-docker]: #10 DONE 0.0s

[2023-03-11T09:14:57.735Z] [local-docker]: 

[2023-03-11T09:14:57.740Z] [local-docker]: #9 [server 2/4] WORKDIR /srv/app

[2023-03-11T09:14:57.740Z] [local-docker]: #9 sha256:4f4cee17ac54c82763d359b937a28ab3630c941c21b6bf24e4c1ec8c8eecfc5b

[2023-03-11T09:14:57.741Z] [local-docker]: #9 CACHED

[2023-03-11T09:14:57.741Z] [local-docker]: 

[2023-03-11T09:14:57.741Z] [local-docker]: #11 [server 3/4] COPY --link ./server/Caddyfile /etc/caddy/Caddyfile

[2023-03-11T09:14:57.741Z] [local-docker]: #11 sha256:1de1f39a21feaf08fab452c112bc48b1b91bc39138361bee9bed6d867edd7ea5

[2023-03-11T09:14:57.741Z] [local-docker]: #11 DONE 0.0s

[2023-03-11T09:14:57.742Z] [local-docker]: 

[2023-03-11T09:14:57.743Z] [local-docker]: #12 [server 4/4] COPY --link ./app/public public

[2023-03-11T09:14:57.743Z] [local-docker]: #12 sha256:a868c8d3b7a66955bc6e1db583d0a723bceb8147216822d1f64ba5f78e04d43a

[2023-03-11T09:14:57.743Z] [local-docker]: #12 DONE 0.0s

[2023-03-11T09:14:57.743Z] [local-docker]: 

[2023-03-11T09:14:57.743Z] [local-docker]: #13 exporting to image

[2023-03-11T09:14:57.743Z] [local-docker]: #13 sha256:e8c613e07b0b7ff33893b694f7759a10d42e180f2b4dc349fb57dc6b71dcab00

[2023-03-11T09:14:57.744Z] [local-docker]: #13 exporting layers 0.0s done

[2023-03-11T09:14:57.744Z] [local-docker]: #13 writing image sha256:351c1851de185c4c11195a8186ec14093ec9419ec263d7965f5cff18da736b7e done

[2023-03-11T09:14:57.744Z] [local-docker]: #13 naming to docker.io/library/server:v-e44b8d2371 done

[2023-03-11T09:14:57.744Z] [local-docker]: #13 DONE 0.0s

[2023-03-11T09:14:57.750Z] Building server:v-e44b8d2371... → Done (took 2.8 sec)

[2023-03-11T09:14:57.757Z] Deploying version v-17d6886573...

[2023-03-11T09:14:57.773Z] Kubernetes: Getting API resource info for group batch/v1

[2023-03-11T09:14:57.775Z] Kubernetes: Getting API resource info for group batch/v1beta1

[2023-03-11T09:14:57.775Z] Kubernetes: Getting API resource info for group extensions/v1beta1

[2023-03-11T09:14:58.865Z] Waiting for resources to be ready...

[2023-03-11T09:14:58.866Z] [kubernetes-plugin]: Waiting for resources to be ready...

[2023-03-11T09:15:01.235Z] Status of Deployment server is "deploying"

[2023-03-11T09:15:01.236Z] [kubernetes-plugin]: Status of Deployment server is "deploying"

[2023-03-11T09:15:01.250Z] Deployment/server: Started container server

[2023-03-11T09:15:01.250Z] [kubernetes-plugin]: Deployment/server: Started container server

[2023-03-11T09:15:01.250Z] Status of Service server is "ready"

[2023-03-11T09:15:01.250Z] [kubernetes-plugin]: Status of Service server is "ready"

[2023-03-11T09:15:01.251Z] Status of Ingress server-0 is "ready"

[2023-03-11T09:15:01.251Z] [kubernetes-plugin]: Status of Ingress server-0 is "ready"

[2023-03-11T09:15:03.839Z] Status of Deployment server is "ready"

[2023-03-11T09:15:03.840Z] [kubernetes-plugin]: Status of Deployment server is "ready"

[2023-03-11T09:15:03.840Z] Status of Service server is "ready"

[2023-03-11T09:15:03.840Z] [kubernetes-plugin]: Status of Service server is "ready"

[2023-03-11T09:15:03.840Z] Status of Ingress server-0 is "ready"

[2023-03-11T09:15:03.840Z] [kubernetes-plugin]: Status of Ingress server-0 is "ready"

[2023-03-11T09:15:03.840Z] [kubernetes-plugin]: Resources ready

[2023-03-11T09:15:03.848Z] Resources ready

[2023-03-11T09:15:03.874Z] Getting currently deployed resource statuses...

[2023-03-11T09:15:03.900Z] Comparing expected and deployed resources...

[2023-03-11T09:15:03.902Z] All resources match.

[2023-03-11T09:15:03.914Z] Deploying version v-17d6886573... → Done (took 6.2 sec)

[2023-03-11T09:15:03.919Z] Ingress: http://todone.local

[2023-03-11T09:15:03.926Z] Started proxy to server/server:80 on localhost:54516

[2023-03-11T09:15:03.929Z] Port forward: http://localhost:54516 → server:80 (http)

[2023-03-11T09:15:03.940Z] Watcher: Watching paths /Users/brennanwalsh/Sites/Sandbox/proj

[2023-03-11T09:15:03.943Z] Watcher: Starting FSWatcher

[2023-03-11T09:15:03.948Z] Waiting for code changes...

[2023-03-11T09:15:39.027Z] Starting port forward to server/server:80

[2023-03-11T09:15:39.068Z] Forwarding local port 54678 to Service/server port 80

[2023-03-11T09:15:39.945Z] Successfully started port forward to server/server:80

[2023-03-11T09:15:39.947Z] Connecting to server/server:80 port forward at localhost:54678

[2023-03-11T09:15:39.953Z] Connecting to server/server:80 port forward at localhost:54678

[2023-03-11T09:15:39.953Z] Connecting to server/server:80 port forward at localhost:54678

[2023-03-11T09:15:39.986Z] Connection from undefined:undefined ended
