
[2023-03-11T09:08:12.626Z] Scanning project root at /Users/brennanwalsh/Sites/Sandbox/proj
→ Includes: **/*garden.y*ml
→ Excludes: .garden/**/*,.git,.gitmodules,.garden/**/*,debug-info*/**

[2023-03-11T09:08:12.751Z] Found 2 files in project root /Users/brennanwalsh/Sites/Sandbox/proj

[2023-03-11T09:08:12.891Z] Getting status...

[2023-03-11T09:08:14.375Z] Using current context: docker-desktop

[2023-03-11T09:08:14.428Z] An attempt to get kind version failed with Error: Command "kind version" failed with code ENOENT:

[2023-03-11T09:08:14.457Z] Getting status... → Cached

[2023-03-11T09:08:14.459Z] Run with --force-refresh to force a refresh of provider statuses.

[2023-03-11T09:08:14.462Z] Resolving 3 modules...

[2023-03-11T09:08:14.524Z] Scanning module root at /Users/brennanwalsh/Sites/Sandbox/proj
→ Includes: ./Dockerfile,./app
→ Excludes: (none)

[2023-03-11T09:08:14.626Z] Found 42 files in module root /Users/brennanwalsh/Sites/Sandbox/proj

[2023-03-11T09:08:14.642Z] Scanning module root at /Users/brennanwalsh/Sites/Sandbox/proj
→ Includes: ./Dockerfile,./server,./app/public
→ Excludes: (none)

[2023-03-11T09:08:14.726Z] Found 3 files in module root /Users/brennanwalsh/Sites/Sandbox/proj

[2023-03-11T09:08:14.740Z] Resolving 3 modules... → Done

[2023-03-11T09:08:14.757Z] Processing...

[2023-03-11T09:08:14.776Z] Syncing 0 files from . to .garden/build/database (and removing any extraneous files)

[2023-03-11T09:08:14.832Z] Getting build status for v-b8ece8345c...

[2023-03-11T09:08:14.841Z] Getting build status for v-b8ece8345c... → Already built

[2023-03-11T09:08:14.843Z] Syncing module sources (42 files)...

[2023-03-11T09:08:14.862Z] Syncing 42 files from . to .garden/build/app (and removing any extraneous files)

[2023-03-11T09:08:14.907Z] Kubernetes: Getting API resource info for group apps/v1

[2023-03-11T09:08:14.908Z] Kubernetes: Getting API resource info for group v1

[2023-03-11T09:08:14.922Z] Kubernetes: Getting API resource info for group networking.k8s.io/v1

[2023-03-11T09:08:14.947Z] Syncing module sources (42 files)... → Done (took 0.1 sec)

[2023-03-11T09:08:14.950Z] Getting build status for v-e5c060db16...

[2023-03-11T09:08:14.975Z] Spawning '/Users/brennanwalsh/.garden/tools/docker/23842c62b99af05f/docker/docker images app:v-e5c060db16 -q' in /Users/brennanwalsh/Sites/Sandbox/proj

[2023-03-11T09:08:15.067Z] Getting currently deployed resource statuses...

[2023-03-11T09:08:15.067Z] Getting currently deployed resource statuses...

[2023-03-11T09:08:15.102Z] Getting currently deployed resource statuses...

[2023-03-11T09:08:15.130Z] Comparing expected and deployed resources...

[2023-03-11T09:08:15.131Z] Comparing expected and deployed resources...

[2023-03-11T09:08:15.132Z] All resources match.

[2023-03-11T09:08:15.132Z] All resources match.

[2023-03-11T09:08:15.143Z] Deploying version v-a957583129...

[2023-03-11T09:08:15.144Z] Deploying version v-a957583129... → Already deployed

[2023-03-11T09:08:15.164Z] Comparing expected and deployed resources...

[2023-03-11T09:08:15.166Z] Resource server is not a superset of deployed resource

[2023-03-11T09:08:15.177Z] Started proxy to database/database:5432 on localhost:5432

[2023-03-11T09:08:15.179Z] Port forward: postgres://localhost:5432 → database:5432 (database)

[2023-03-11T09:08:15.391Z] Image app:v-e5c060db16 already exists

[2023-03-11T09:08:15.393Z] Getting build status for v-e5c060db16... → Already built

[2023-03-11T09:08:15.399Z] Syncing module sources (3 files)...

[2023-03-11T09:08:15.401Z] Deploying version v-e02a04a73a...

[2023-03-11T09:08:15.403Z] Deploying version v-e02a04a73a... → Already deployed

[2023-03-11T09:08:15.403Z] Syncing 3 files from . to .garden/build/server (and removing any extraneous files)

[2023-03-11T09:08:15.412Z] Started proxy to app/app:80 on localhost:52481

[2023-03-11T09:08:15.413Z] Port forward: http://localhost:52481 → app:80 (app)

[2023-03-11T09:08:15.418Z] Syncing module sources (3 files)... → Done (took 0 sec)

[2023-03-11T09:08:15.420Z] Getting build status for v-56c81aa43e...

[2023-03-11T09:08:15.424Z] Spawning '/Users/brennanwalsh/.garden/tools/docker/23842c62b99af05f/docker/docker images server:v-56c81aa43e -q' in /Users/brennanwalsh/Sites/Sandbox/proj

[2023-03-11T09:08:15.540Z] Building version v-56c81aa43e...

[2023-03-11T09:08:15.632Z] Building server:v-56c81aa43e...

[2023-03-11T09:08:15.633Z] Spawning '/Users/brennanwalsh/.garden/tools/docker/23842c62b99af05f/docker/docker build -t server:v-56c81aa43e --build-arg GARDEN_MODULE_VERSION=v-56c81aa43e --target server --file /Users/brennanwalsh/Sites/Sandbox/proj/.garden/build/server/Dockerfile /Users/brennanwalsh/Sites/Sandbox/proj/.garden/build/server' in /Users/brennanwalsh/Sites/Sandbox/proj/.garden/build/server

[2023-03-11T09:08:16.010Z] [local-docker]: #1 [internal] load build definition from Dockerfile

[2023-03-11T09:08:16.011Z] [local-docker]: #1 sha256:793ea9737a18597fced389c9d485bd0499cca43777a8112e733de62e9c0a6ab8

[2023-03-11T09:08:16.011Z] [local-docker]: #1 transferring dockerfile: 37B done

[2023-03-11T09:08:16.011Z] [local-docker]: #1 DONE 0.0s

[2023-03-11T09:08:16.011Z] [local-docker]: 

[2023-03-11T09:08:16.011Z] [local-docker]: #2 [internal] load .dockerignore

[2023-03-11T09:08:16.011Z] [local-docker]: #2 sha256:80f9e62d95c969333d2421a9c700b1b607bdfce8aba53cd09202f99db328c0b6

[2023-03-11T09:08:16.011Z] [local-docker]: #2 transferring context: 2B done

[2023-03-11T09:08:16.011Z] [local-docker]: #2 DONE 0.0s

[2023-03-11T09:08:16.011Z] [local-docker]: 

[2023-03-11T09:08:16.011Z] [local-docker]: #3 resolve image config for docker.io/docker/dockerfile:1.4

[2023-03-11T09:08:16.011Z] [local-docker]: #3 sha256:9ea865748483b1f4f52c8c6ec970fc4927717bff340cfc4c224a179f2ef026ca

[2023-03-11T09:08:16.913Z] [local-docker]: #3 ...

[2023-03-11T09:08:16.914Z] [local-docker]: 

[2023-03-11T09:08:16.914Z] [local-docker]: #4 [auth] docker/dockerfile:pull token for registry-1.docker.io

[2023-03-11T09:08:16.915Z] [local-docker]: #4 sha256:29ae92b2e72aec9f5efdc7bb898f6eb1d8acaadf8efbdbf6e7381aa9fb4c76f0

[2023-03-11T09:08:16.916Z] [local-docker]: #4 DONE 0.0s

[2023-03-11T09:08:17.063Z] [local-docker]: 

[2023-03-11T09:08:17.064Z] [local-docker]: #3 resolve image config for docker.io/docker/dockerfile:1.4

[2023-03-11T09:08:17.064Z] [local-docker]: #3 sha256:9ea865748483b1f4f52c8c6ec970fc4927717bff340cfc4c224a179f2ef026ca

[2023-03-11T09:08:17.969Z] [local-docker]: #3 DONE 1.8s

[2023-03-11T09:08:17.970Z] [local-docker]: 

[2023-03-11T09:08:17.970Z] [local-docker]: #5 docker-image://docker.io/docker/dockerfile:1.4@sha256:9ba7531bd80fb0a858632727cf7a112fbfd19b17e94c4e84ced81e24ef1a0dbc

[2023-03-11T09:08:17.970Z] [local-docker]: #5 sha256:66a0e12aa5cbc2eaf894e26a8df172f6c2bc232ebfb59d1ecf39b78f65e274a5

[2023-03-11T09:08:17.970Z] [local-docker]: #5 CACHED

[2023-03-11T09:08:18.238Z] [local-docker]: 

[2023-03-11T09:08:18.238Z] [local-docker]: #7 [internal] load build definition from Dockerfile

[2023-03-11T09:08:18.238Z] [local-docker]: #7 sha256:69c2945eea7297f5267b9fa8dfd28779e071f55617d3aef6cf5743c335808f95

[2023-03-11T09:08:18.238Z] [local-docker]: #7 DONE 0.0s

[2023-03-11T09:08:18.239Z] [local-docker]: 

[2023-03-11T09:08:18.239Z] [local-docker]: #6 [internal] load .dockerignore

[2023-03-11T09:08:18.239Z] [local-docker]: #6 sha256:f58eb68d40e718d9e216caa083188a88167db5fd866787a12d78c6bb23dba4fd

[2023-03-11T09:08:18.239Z] [local-docker]: #6 DONE 0.0s

[2023-03-11T09:08:18.239Z] [local-docker]: 

[2023-03-11T09:08:18.239Z] [local-docker]: #8 [internal] load metadata for docker.io/library/caddy:2.6-alpine

[2023-03-11T09:08:18.239Z] [local-docker]: #8 sha256:b5c2bfb54074ace1ac2676cd0cfcdd7bf608114053735ecb316464b673ee88af

[2023-03-11T09:08:18.540Z] [local-docker]: #8 ...

[2023-03-11T09:08:18.540Z] [local-docker]: 

[2023-03-11T09:08:18.540Z] [local-docker]: #9 [auth] library/caddy:pull token for registry-1.docker.io

[2023-03-11T09:08:18.540Z] [local-docker]: #9 sha256:c397826b1f64e4831c1657b5656333d6ceec1974f09458eb50c94616e6ce5c2e

[2023-03-11T09:08:18.541Z] [local-docker]: #9 DONE 0.0s

[2023-03-11T09:08:18.690Z] [local-docker]: 

[2023-03-11T09:08:18.691Z] [local-docker]: #8 [internal] load metadata for docker.io/library/caddy:2.6-alpine

[2023-03-11T09:08:18.691Z] [local-docker]: #8 sha256:b5c2bfb54074ace1ac2676cd0cfcdd7bf608114053735ecb316464b673ee88af

[2023-03-11T09:08:18.943Z] [local-docker]: #8 DONE 0.8s

[2023-03-11T09:08:18.943Z] [local-docker]: 

[2023-03-11T09:08:18.943Z] [local-docker]: #10 [server 1/4] FROM docker.io/library/caddy:2.6-alpine@sha256:3f4414616d9141c4fbd9f66641d9b91a3b67833dd4145738c536dee584db5314

[2023-03-11T09:08:18.943Z] [local-docker]: #10 sha256:7512f525f983f4aa77728146b3cf48a3abfc49a3375957ea816cc1eb65fd60fa

[2023-03-11T09:08:18.944Z] [local-docker]: #10 resolve docker.io/library/caddy:2.6-alpine@sha256:3f4414616d9141c4fbd9f66641d9b91a3b67833dd4145738c536dee584db5314 done

[2023-03-11T09:08:18.944Z] [local-docker]: #10 DONE 0.0s

[2023-03-11T09:08:18.944Z] [local-docker]: 

[2023-03-11T09:08:18.944Z] [local-docker]: #12 [internal] load build context

[2023-03-11T09:08:18.944Z] [local-docker]: #12 sha256:aede4c78a6eaf513ca7b7d245cfc49873405bb093fba72f2dafe0fd988f2dd2d

[2023-03-11T09:08:18.944Z] [local-docker]: #12 transferring context: 274B done

[2023-03-11T09:08:18.944Z] [local-docker]: #12 DONE 0.0s

[2023-03-11T09:08:18.944Z] [local-docker]: 

[2023-03-11T09:08:18.945Z] [local-docker]: #11 [server 2/4] WORKDIR /srv/app

[2023-03-11T09:08:18.945Z] [local-docker]: #11 sha256:4f4cee17ac54c82763d359b937a28ab3630c941c21b6bf24e4c1ec8c8eecfc5b

[2023-03-11T09:08:18.945Z] [local-docker]: #11 CACHED

[2023-03-11T09:08:18.990Z] [local-docker]: 

[2023-03-11T09:08:18.990Z] [local-docker]: #13 [server 3/4] COPY --link ./server/Caddyfile /etc/caddy/Caddyfile

[2023-03-11T09:08:18.990Z] [local-docker]: #13 sha256:0cb5eaf49a8142730cde24ee0f4cdf69fd2d0c8fe75d8e052b32ae6546e8dcf0

[2023-03-11T09:08:18.990Z] [local-docker]: #13 DONE 0.0s

[2023-03-11T09:08:18.990Z] [local-docker]: 

[2023-03-11T09:08:18.990Z] [local-docker]: #14 [server 4/4] COPY --link ./app/public public

[2023-03-11T09:08:18.990Z] [local-docker]: #14 sha256:a7e25d1d3748c6e59b0d0a518fdb6288328a84a983094be6973b7adc45efe38a

[2023-03-11T09:08:18.990Z] [local-docker]: #14 DONE 0.0s

[2023-03-11T09:08:18.990Z] [local-docker]: 

[2023-03-11T09:08:18.990Z] [local-docker]: #15 exporting to image

[2023-03-11T09:08:18.990Z] [local-docker]: #15 sha256:e8c613e07b0b7ff33893b694f7759a10d42e180f2b4dc349fb57dc6b71dcab00

[2023-03-11T09:08:18.991Z] [local-docker]: #15 exporting layers 0.0s done

[2023-03-11T09:08:18.991Z] [local-docker]: #15 writing image sha256:7ed84fbee6488991ba1eaa1fe63595d7f7e3f32692997fd3f8692ee199e00378 done

[2023-03-11T09:08:18.991Z] [local-docker]: #15 naming to docker.io/library/server:v-56c81aa43e done

[2023-03-11T09:08:18.993Z] [local-docker]: #15 DONE 0.0s

[2023-03-11T09:08:18.999Z] Building server:v-56c81aa43e... → Done (took 3.6 sec)

[2023-03-11T09:08:19.010Z] Deploying version v-f093d04a17...

[2023-03-11T09:08:19.037Z] Kubernetes: Getting API resource info for group batch/v1

[2023-03-11T09:08:19.039Z] Kubernetes: Getting API resource info for group batch/v1beta1

[2023-03-11T09:08:19.039Z] Kubernetes: Getting API resource info for group extensions/v1beta1

[2023-03-11T09:08:19.987Z] Waiting for resources to be ready...

[2023-03-11T09:08:19.988Z] [kubernetes-plugin]: Waiting for resources to be ready...

[2023-03-11T09:08:22.046Z] Status of Deployment server is "ready"

[2023-03-11T09:08:22.046Z] [kubernetes-plugin]: Status of Deployment server is "ready"

[2023-03-11T09:08:22.046Z] Status of Service server is "ready"

[2023-03-11T09:08:22.046Z] [kubernetes-plugin]: Status of Service server is "ready"

[2023-03-11T09:08:22.046Z] Status of Ingress server-0 is "ready"

[2023-03-11T09:08:22.047Z] [kubernetes-plugin]: Status of Ingress server-0 is "ready"

[2023-03-11T09:08:22.047Z] [kubernetes-plugin]: Resources ready

[2023-03-11T09:08:22.052Z] Resources ready

[2023-03-11T09:08:22.093Z] Getting currently deployed resource statuses...

[2023-03-11T09:08:22.176Z] Comparing expected and deployed resources...

[2023-03-11T09:08:22.180Z] All resources match.

[2023-03-11T09:08:22.204Z] Deploying version v-f093d04a17... → Done (took 3.2 sec)

[2023-03-11T09:08:22.212Z] Ingress: http://todone.local

[2023-03-11T09:08:22.232Z] Started proxy to server/server:80 on localhost:52548

[2023-03-11T09:08:22.238Z] Port forward: http://localhost:52548 → server:80 (http)

[2023-03-11T09:08:22.245Z] Watcher: Watching paths /Users/brennanwalsh/Sites/Sandbox/proj

[2023-03-11T09:08:22.247Z] Watcher: Starting FSWatcher

[2023-03-11T09:08:22.254Z] Waiting for code changes...

[2023-03-11T09:08:43.153Z] Starting port forward to server/server:80

[2023-03-11T09:08:43.200Z] Forwarding local port 52639 to Service/server port 80

[2023-03-11T09:08:44.326Z] Successfully started port forward to server/server:80

[2023-03-11T09:08:44.329Z] Connecting to server/server:80 port forward at localhost:52639

[2023-03-11T09:08:44.337Z] Connecting to server/server:80 port forward at localhost:52639

[2023-03-11T09:08:44.337Z] Connecting to server/server:80 port forward at localhost:52639

[2023-03-11T09:11:10.800Z] Connecting to server/server:80 port forward at localhost:52639

[2023-03-11T09:11:10.846Z] Connection from undefined:undefined ended

[2023-03-11T09:12:32.009Z] Connection from undefined:undefined ended
