
[2023-03-12T12:42:24.469Z] Scanning project root at /Users/brennanwalsh/Sites/Sandbox/proj
→ Includes: **/*garden.y*ml
→ Excludes: .garden/**/*,.git,.gitmodules,.garden/**/*,debug-info*/**

[2023-03-12T12:42:24.551Z] Found 1 files in project root /Users/brennanwalsh/Sites/Sandbox/proj

[2023-03-12T12:42:24.714Z] Getting status...

[2023-03-12T12:42:26.225Z] Using current context: docker-desktop

[2023-03-12T12:42:26.260Z] An attempt to get kind version failed with Error: Command "kind version" failed with code ENOENT:

[2023-03-12T12:42:26.374Z] Kubernetes: Getting API resource info for group networking.k8s.io/v1

[2023-03-12T12:42:26.398Z] Initializing...

[2023-03-12T12:42:26.539Z] Error reading safe directories from the .gitconfig: Error: Command "git config --get-all safe.directory" failed with code 1:

[2023-03-12T12:42:26.685Z] Getting status...

[2023-03-12T12:42:26.786Z] An attempt to get kind version failed with Error: Command "kind version" failed with code ENOENT:

[2023-03-12T12:42:26.842Z] Getting status... → Done

[2023-03-12T12:42:26.850Z] Scanning project root at /opt/homebrew/Cellar/garden-cli/0.12.52/libexec/static/kubernetes/system
→ Includes: **/*garden.y*ml
→ Excludes: ../../../../../../../../../Users/brennanwalsh/Sites/Sandbox/proj/.garden/kubernetes.garden/**/*,.git,.gitmodules,.garden/**/*,debug-info*/**

[2023-03-12T12:42:26.963Z] Found 11 files in project root /opt/homebrew/Cellar/garden-cli/0.12.52/libexec/static/kubernetes/system

[2023-03-12T12:42:27.106Z] Resolving 11 modules...

[2023-03-12T12:42:27.283Z] Resolving 11 modules... → Done

[2023-03-12T12:42:27.296Z] Kubernetes: Getting API resource info for group apps/v1

[2023-03-12T12:42:27.297Z] Kubernetes: Getting API resource info for group v1

[2023-03-12T12:42:27.345Z] Getting currently deployed resource statuses...

[2023-03-12T12:42:27.370Z] Comparing expected and deployed resources...

[2023-03-12T12:42:27.372Z] All resources match.

[2023-03-12T12:42:27.986Z] Initializing...

[2023-03-12T12:42:27.993Z] Getting status... → Done

[2023-03-12T12:42:27.994Z] Resolving 3 modules...

[2023-03-12T12:42:28.044Z] Scanning module root at /Users/brennanwalsh/Sites/Sandbox/proj
→ Includes: ./Dockerfile,./app
→ Excludes: (none)

[2023-03-12T12:42:28.187Z] Found 43 files in module root /Users/brennanwalsh/Sites/Sandbox/proj

[2023-03-12T12:42:28.207Z] Scanning module root at /Users/brennanwalsh/Sites/Sandbox/proj
→ Includes: ./Dockerfile,./server,./app/public
→ Excludes: (none)

[2023-03-12T12:42:28.311Z] Found 3 files in module root /Users/brennanwalsh/Sites/Sandbox/proj

[2023-03-12T12:42:28.320Z] Resolving 3 modules... → Done

[2023-03-12T12:42:28.334Z] Processing...

[2023-03-12T12:42:28.351Z] Syncing 0 files from . to .garden/build/database (and removing any extraneous files)

[2023-03-12T12:42:28.393Z] Getting build status for v-b8ece8345c...

[2023-03-12T12:42:28.401Z] Getting build status for v-b8ece8345c... → Already built

[2023-03-12T12:42:28.403Z] Syncing module sources (43 files)...

[2023-03-12T12:42:28.404Z] Syncing 43 files from . to .garden/build/app (and removing any extraneous files)

[2023-03-12T12:42:28.408Z] -> Configuring in dev mode

[2023-03-12T12:42:28.440Z] All resources missing from cluster

[2023-03-12T12:42:28.440Z] All resources missing from cluster

[2023-03-12T12:42:28.447Z] Deploying version v-892a1eba15...

[2023-03-12T12:42:28.453Z] Kubernetes: Getting API resource info for group batch/v1

[2023-03-12T12:42:28.453Z] Kubernetes: Getting API resource info for group batch/v1beta1

[2023-03-12T12:42:28.454Z] Kubernetes: Getting API resource info for group extensions/v1beta1

[2023-03-12T12:42:28.557Z] All resources missing from cluster

[2023-03-12T12:42:28.569Z] Syncing module sources (43 files)... → Done (took 0.2 sec)

[2023-03-12T12:42:28.571Z] Getting build status for v-35835f6875...

[2023-03-12T12:42:28.582Z] Spawning '/Users/brennanwalsh/.garden/tools/docker/23842c62b99af05f/docker/docker images app:v-35835f6875 -q' in /Users/brennanwalsh/Sites/Sandbox/proj

[2023-03-12T12:42:29.036Z] Image app:v-35835f6875 already exists

[2023-03-12T12:42:29.040Z] Getting build status for v-35835f6875... → Already built

[2023-03-12T12:42:29.046Z] Syncing module sources (3 files)...

[2023-03-12T12:42:29.049Z] Deploying version v-d04afbc049...

[2023-03-12T12:42:29.055Z] Syncing 3 files from . to .garden/build/server (and removing any extraneous files)

[2023-03-12T12:42:29.059Z] Kubernetes: Getting API resource info for group batch/v1beta1

[2023-03-12T12:42:29.060Z] Kubernetes: Getting API resource info for group extensions/v1beta1

[2023-03-12T12:42:29.235Z] Waiting for resources to be ready...

[2023-03-12T12:42:29.236Z] [kubernetes-plugin]: Waiting for resources to be ready...

[2023-03-12T12:42:29.257Z] Syncing module sources (3 files)... → Done (took 0.2 sec)

[2023-03-12T12:42:29.260Z] Getting build status for v-80564b1122...

[2023-03-12T12:42:29.264Z] Spawning '/Users/brennanwalsh/.garden/tools/docker/23842c62b99af05f/docker/docker images server:v-80564b1122 -q' in /Users/brennanwalsh/Sites/Sandbox/proj

[2023-03-12T12:42:29.384Z] Image server:v-80564b1122 already exists

[2023-03-12T12:42:29.387Z] Getting build status for v-80564b1122... → Already built

[2023-03-12T12:42:29.390Z] Deploying version v-8d462778e7...

[2023-03-12T12:42:29.394Z] -> Configuring in dev mode

[2023-03-12T12:42:29.395Z] Kubernetes: Getting API resource info for group batch/v1beta1

[2023-03-12T12:42:29.395Z] Kubernetes: Getting API resource info for group extensions/v1beta1

[2023-03-12T12:42:30.179Z] Waiting for resources to be ready...

[2023-03-12T12:42:30.180Z] [kubernetes-plugin]: Waiting for resources to be ready...

[2023-03-12T12:42:30.314Z] Waiting for resources to be ready...

[2023-03-12T12:42:30.314Z] [kubernetes-plugin]: Waiting for resources to be ready...

[2023-03-12T12:42:31.426Z] Status of Deployment database is "deploying"

[2023-03-12T12:42:31.426Z] [kubernetes-plugin]: Status of Deployment database is "deploying"

[2023-03-12T12:42:31.435Z] Deployment/database: Started container database

[2023-03-12T12:42:31.436Z] [kubernetes-plugin]: Deployment/database: Started container database

[2023-03-12T12:42:31.436Z] Status of Service database is "ready"

[2023-03-12T12:42:31.436Z] [kubernetes-plugin]: Status of Service database is "ready"

[2023-03-12T12:42:32.354Z] Status of Deployment server is "deploying"

[2023-03-12T12:42:32.354Z] [kubernetes-plugin]: Status of Deployment server is "deploying"

[2023-03-12T12:42:32.360Z] Deployment/server: Started container server

[2023-03-12T12:42:32.361Z] [kubernetes-plugin]: Deployment/server: Started container server

[2023-03-12T12:42:32.361Z] Status of Service server is "ready"

[2023-03-12T12:42:32.361Z] [kubernetes-plugin]: Status of Service server is "ready"

[2023-03-12T12:42:32.361Z] Status of Ingress server-0 is "ready"

[2023-03-12T12:42:32.361Z] [kubernetes-plugin]: Status of Ingress server-0 is "ready"

[2023-03-12T12:42:32.362Z] Status of Deployment app is "ready"

[2023-03-12T12:42:32.362Z] [kubernetes-plugin]: Status of Deployment app is "ready"

[2023-03-12T12:42:32.362Z] Status of Service app is "ready"

[2023-03-12T12:42:32.362Z] [kubernetes-plugin]: Status of Service app is "ready"

[2023-03-12T12:42:32.362Z] [kubernetes-plugin]: Resources ready

[2023-03-12T12:42:32.365Z] Resources ready

[2023-03-12T12:42:32.398Z] Getting currently deployed resource statuses...

[2023-03-12T12:42:32.421Z] Comparing expected and deployed resources...

[2023-03-12T12:42:32.425Z] All resources match.

[2023-03-12T12:42:32.434Z] Deploying version v-d04afbc049... → Done (took 3.4 sec)

[2023-03-12T12:42:32.456Z] Started proxy to app/app:80 on localhost:58002

[2023-03-12T12:42:32.461Z] Port forward: http://localhost:58002 → app:80 (app)

[2023-03-12T12:42:34.002Z] Status of Deployment database is "ready"

[2023-03-12T12:42:34.002Z] [kubernetes-plugin]: Status of Deployment database is "ready"

[2023-03-12T12:42:34.003Z] Status of Service database is "ready"

[2023-03-12T12:42:34.003Z] [kubernetes-plugin]: Status of Service database is "ready"

[2023-03-12T12:42:34.003Z] [kubernetes-plugin]: Resources ready

[2023-03-12T12:42:34.011Z] Resources ready

[2023-03-12T12:42:34.041Z] Getting currently deployed resource statuses...

[2023-03-12T12:42:34.073Z] Comparing expected and deployed resources...

[2023-03-12T12:42:34.077Z] All resources match.

[2023-03-12T12:42:34.089Z] Deploying version v-892a1eba15... → Done (took 5.6 sec)

[2023-03-12T12:42:34.105Z] Started proxy to database/database:5432 on localhost:5432

[2023-03-12T12:42:34.112Z] Port forward: postgres://localhost:5432 → database:5432 (database)

[2023-03-12T12:42:34.950Z] Status of Deployment server is "ready"

[2023-03-12T12:42:34.951Z] [kubernetes-plugin]: Status of Deployment server is "ready"

[2023-03-12T12:42:34.951Z] Status of Service server is "ready"

[2023-03-12T12:42:34.951Z] [kubernetes-plugin]: Status of Service server is "ready"

[2023-03-12T12:42:34.951Z] Status of Ingress server-0 is "ready"

[2023-03-12T12:42:34.951Z] [kubernetes-plugin]: Status of Ingress server-0 is "ready"

[2023-03-12T12:42:34.951Z] [kubernetes-plugin]: Resources ready

[2023-03-12T12:42:34.960Z] Resources ready

[2023-03-12T12:42:34.966Z] -> Configuring in dev mode

[2023-03-12T12:42:34.990Z] Getting currently deployed resource statuses...

[2023-03-12T12:42:35.013Z] Comparing expected and deployed resources...

[2023-03-12T12:42:35.015Z] All resources match.

[2023-03-12T12:42:35.020Z] Deploying in dev mode

[2023-03-12T12:42:35.636Z] Syncing ./app/public to /srv/app/public in Deployment/server (two-way)

[2023-03-12T12:42:36.502Z] Syncing ./server/Caddyfile to /etc/caddy/Caddyfile in Deployment/server (one-way)

[2023-03-12T12:42:36.830Z] Deploying in dev mode

[2023-03-12T12:42:36.838Z] Syncing ./app/public to /srv/app/public in Deployment/server (two-way)

[2023-03-12T12:42:36.843Z] Syncing ./server/Caddyfile to /etc/caddy/Caddyfile in Deployment/server (one-way)

[2023-03-12T12:42:36.855Z] Deploying version v-8d462778e7... → Done (took 7.5 sec)

[2023-03-12T12:42:36.861Z] Ingress: http://todone.garden

[2023-03-12T12:42:36.874Z] Started proxy to server/server:80 on localhost:58025

[2023-03-12T12:42:36.880Z] Port forward: http://localhost:58025 → server:80 (http)

[2023-03-12T12:42:36.888Z] Watcher: Watching paths /Users/brennanwalsh/Sites/Sandbox/proj

[2023-03-12T12:42:36.890Z] Watcher: Starting FSWatcher

[2023-03-12T12:42:36.896Z] Waiting for code changes...

[2023-03-12T12:42:37.734Z] Connected to sync target /srv/app/public in Deployment/server

[2023-03-12T12:42:37.738Z] [sync]: Completed initial sync from ./app/public to /srv/app/public in Deployment/server

[2023-03-12T12:42:37.746Z] [sync]: Watching for changes

[2023-03-12T12:42:37.750Z] Connected to sync target /etc/caddy/Caddyfile in Deployment/server

[2023-03-12T12:42:37.754Z] [sync]: Completed initial sync from ./server/Caddyfile to /etc/caddy/Caddyfile in Deployment/server

[2023-03-12T12:42:37.762Z] [sync]: Watching for changes
