
[2023-03-12T17:03:54.837Z] Scanning project root at /Users/brennanwalsh/Sites/GitHub/symfony-garden
→ Includes: **/*garden.y*ml
→ Excludes: .garden/**/*,.git,.gitmodules,.garden/**/*,debug-info*/**

[2023-03-12T17:03:54.934Z] Found 1 files in project root /Users/brennanwalsh/Sites/GitHub/symfony-garden

[2023-03-12T17:03:55.087Z] Getting status...

[2023-03-12T17:03:56.570Z] Using current context: docker-desktop

[2023-03-12T17:03:56.601Z] An attempt to get kind version failed with Error: Command "kind version" failed with code ENOENT:

[2023-03-12T17:03:56.720Z] Creating namespace garden-system

[2023-03-12T17:03:56.736Z] Kubernetes: Getting API resource info for group networking.k8s.io/v1

[2023-03-12T17:03:56.775Z] An ingressClass “nginx" was set in the provider config for the Kubernetes provider but no matching IngressClass resource was found in the cluster. IngressClass resources are typically created by your Ingress Controller so this may suggest that it has not been properly set up.

[2023-03-12T17:03:56.777Z] Initializing...

[2023-03-12T17:03:56.899Z] Error reading safe directories from the .gitconfig: Error: Command "git config --get-all safe.directory" failed with code 1:

[2023-03-12T17:03:57.079Z] Getting status...

[2023-03-12T17:03:57.476Z] An attempt to get kind version failed with Error: Command "kind version" failed with code ENOENT:

[2023-03-12T17:03:57.512Z] An ingressClass “nginx" was set in the provider config for the Kubernetes provider but no matching IngressClass resource was found in the cluster. IngressClass resources are typically created by your Ingress Controller so this may suggest that it has not been properly set up.

[2023-03-12T17:03:57.519Z] Getting status... → Done

[2023-03-12T17:03:57.523Z] Scanning project root at /opt/homebrew/Cellar/garden-cli/0.12.52/libexec/static/kubernetes/system
→ Includes: **/*garden.y*ml
→ Excludes: ../../../../../../../../../Users/brennanwalsh/Sites/GitHub/symfony-garden/.garden/kubernetes.garden/**/*,.git,.gitmodules,.garden/**/*,debug-info*/**

[2023-03-12T17:03:57.634Z] Found 11 files in project root /opt/homebrew/Cellar/garden-cli/0.12.52/libexec/static/kubernetes/system

[2023-03-12T17:03:57.802Z] Resolving 11 modules...

[2023-03-12T17:03:57.941Z] Resolving 11 modules... → Done

[2023-03-12T17:03:57.954Z] Kubernetes: Getting API resource info for group apps/v1

[2023-03-12T17:03:57.955Z] Kubernetes: Getting API resource info for group v1

[2023-03-12T17:03:58.001Z] All resources missing from cluster

[2023-03-12T17:03:58.443Z] Initializing...

[2023-03-12T17:03:58.447Z] Preparing environment...

[2023-03-12T17:03:58.450Z] Configuring...

[2023-03-12T17:03:58.452Z] Initializing...

[2023-03-12T17:03:58.571Z] Error reading safe directories from the .gitconfig: Error: Command "git config --get-all safe.directory" failed with code 1:

[2023-03-12T17:03:58.656Z] Getting status...

[2023-03-12T17:03:59.097Z] An attempt to get kind version failed with Error: Command "kind version" failed with code ENOENT:

[2023-03-12T17:03:59.109Z] Getting status... → Cached

[2023-03-12T17:03:59.111Z] Run with --force-refresh to force a refresh of provider statuses.

[2023-03-12T17:03:59.116Z] Getting status...

[2023-03-12T17:03:59.129Z] Getting status... → Cached

[2023-03-12T17:03:59.131Z] Run with --force-refresh to force a refresh of provider statuses.

[2023-03-12T17:03:59.132Z] Scanning project root at /opt/homebrew/Cellar/garden-cli/0.12.52/libexec/static/kubernetes/system
→ Includes: **/*garden.y*ml
→ Excludes: ../../../../../../../../../Users/brennanwalsh/Sites/GitHub/symfony-garden/.garden/kubernetes.garden/**/*,.git,.gitmodules,.garden/**/*,debug-info*/**

[2023-03-12T17:03:59.243Z] Found 11 files in project root /opt/homebrew/Cellar/garden-cli/0.12.52/libexec/static/kubernetes/system

[2023-03-12T17:03:59.306Z] Resolving 11 modules...

[2023-03-12T17:03:59.420Z] Resolving 11 modules... → Done

[2023-03-12T17:03:59.429Z] Syncing 0 files from ingress-controller to ../../../../../../../../../Users/brennanwalsh/Sites/GitHub/symfony-garden/.garden/kubernetes.garden/build/ingress-controller (and removing any extraneous files)

[2023-03-12T17:03:59.429Z] Syncing 0 files from default-backend to ../../../../../../../../../Users/brennanwalsh/Sites/GitHub/symfony-garden/.garden/kubernetes.garden/build/default-backend (and removing any extraneous files)

[2023-03-12T17:03:59.448Z] Getting build status for v-9f251da908...

[2023-03-12T17:03:59.449Z] Getting build status for v-24864f339e...

[2023-03-12T17:03:59.453Z] Building version v-9f251da908...

[2023-03-12T17:03:59.455Z] Getting build status for v-24864f339e... → Already built

[2023-03-12T17:03:59.458Z] Fetching chart...

[2023-03-12T17:03:59.489Z] All resources missing from cluster

[2023-03-12T17:03:59.497Z] Deploying version v-2d58c28944...

[2023-03-12T17:03:59.502Z] Kubernetes: Getting API resource info for group batch/v1

[2023-03-12T17:03:59.503Z] Kubernetes: Getting API resource info for group batch/v1beta1

[2023-03-12T17:03:59.503Z] Kubernetes: Getting API resource info for group extensions/v1beta1

[2023-03-12T17:03:59.961Z] Waiting for resources to be ready...

[2023-03-12T17:03:59.961Z] [kubernetes-plugin]: Waiting for resources to be ready...

[2023-03-12T17:04:00.898Z] Building version v-9f251da908... → Done (took 1.4 sec)

[2023-03-12T17:04:02.075Z] Status of Deployment default-backend is "deploying"

[2023-03-12T17:04:02.075Z] [kubernetes-plugin]: Status of Deployment default-backend is "deploying"

[2023-03-12T17:04:02.078Z] Deployment/default-backend: Pulling image "gardendev/default-backend:v0.1"

[2023-03-12T17:04:02.078Z] [kubernetes-plugin]: Deployment/default-backend: Pulling image "gardendev/default-backend:v0.1"

[2023-03-12T17:04:02.079Z] Status of Service default-backend is "ready"

[2023-03-12T17:04:02.079Z] [kubernetes-plugin]: Status of Service default-backend is "ready"

[2023-03-12T17:04:04.661Z] Status of Deployment default-backend is "ready"

[2023-03-12T17:04:04.662Z] [kubernetes-plugin]: Status of Deployment default-backend is "ready"

[2023-03-12T17:04:04.662Z] Status of Service default-backend is "ready"

[2023-03-12T17:04:04.662Z] [kubernetes-plugin]: Status of Service default-backend is "ready"

[2023-03-12T17:04:04.662Z] [kubernetes-plugin]: Resources ready

[2023-03-12T17:04:04.671Z] Resources ready

[2023-03-12T17:04:04.690Z] Getting currently deployed resource statuses...

[2023-03-12T17:04:04.706Z] Comparing expected and deployed resources...

[2023-03-12T17:04:04.708Z] All resources match.

[2023-03-12T17:04:04.719Z] Deploying version v-2d58c28944... → Done (took 5.2 sec)

[2023-03-12T17:04:04.727Z] Deploying version v-b5ac3ef2a2...

[2023-03-12T17:04:05.265Z] [helm]: NAME: garden-nginx

[2023-03-12T17:04:05.265Z] [helm]: LAST DEPLOYED: Sun Mar 12 10:04:05 2023

[2023-03-12T17:04:05.265Z] [helm]: NAMESPACE: garden-system

[2023-03-12T17:04:05.265Z] [helm]: STATUS: deployed

[2023-03-12T17:04:05.265Z] [helm]: REVISION: 1

[2023-03-12T17:04:05.266Z] [helm]: TEST SUITE: None

[2023-03-12T17:04:05.266Z] [helm]: NOTES:

[2023-03-12T17:04:05.266Z] [helm]: The ingress-nginx controller has been installed.

[2023-03-12T17:04:05.266Z] [helm]: It may take a few minutes for the LoadBalancer IP to be available.

[2023-03-12T17:04:05.266Z] [helm]: You can watch the status by running 'kubectl --namespace garden-system get services -o wide -w garden-nginx-ingress-nginx-controller'

[2023-03-12T17:04:05.266Z] [helm]: 

[2023-03-12T17:04:05.266Z] [helm]: An example Ingress that makes use of the controller:

[2023-03-12T17:04:05.266Z] [helm]:   apiVersion: networking.k8s.io/v1

[2023-03-12T17:04:05.266Z] [helm]:   kind: Ingress

[2023-03-12T17:04:05.266Z] [helm]:   metadata:

[2023-03-12T17:04:05.266Z] [helm]:     name: example

[2023-03-12T17:04:05.267Z] [helm]:     namespace: foo

[2023-03-12T17:04:05.267Z] [helm]:   spec:

[2023-03-12T17:04:05.267Z] [helm]:     ingressClassName: nginx

[2023-03-12T17:04:05.267Z] [helm]:     rules:

[2023-03-12T17:04:05.267Z] [helm]:       - host: www.example.com

[2023-03-12T17:04:05.267Z] [helm]:         http:

[2023-03-12T17:04:05.267Z] [helm]:           paths:

[2023-03-12T17:04:05.267Z] [helm]:             - backend:

[2023-03-12T17:04:05.267Z] [helm]:                 service:

[2023-03-12T17:04:05.267Z] [helm]:                   name: exampleService

[2023-03-12T17:04:05.267Z] [helm]:                   port:

[2023-03-12T17:04:05.267Z] [helm]:                     number: 80

[2023-03-12T17:04:05.267Z] [helm]:               path: /

[2023-03-12T17:04:05.267Z] [helm]:     # This section is only required if TLS is to be enabled for the Ingress

[2023-03-12T17:04:05.267Z] [helm]:     tls:

[2023-03-12T17:04:05.267Z] [helm]:       - hosts:

[2023-03-12T17:04:05.267Z] [helm]:         - www.example.com

[2023-03-12T17:04:05.267Z] [helm]:         secretName: example-tls

[2023-03-12T17:04:05.268Z] [helm]: 

[2023-03-12T17:04:05.268Z] [helm]: If TLS is enabled for the Ingress, a Secret containing the certificate and key must also be provided:

[2023-03-12T17:04:05.268Z] [helm]: 

[2023-03-12T17:04:05.268Z] [helm]:   apiVersion: v1

[2023-03-12T17:04:05.268Z] [helm]:   kind: Secret

[2023-03-12T17:04:05.268Z] [helm]:   metadata:

[2023-03-12T17:04:05.268Z] [helm]:     name: example-tls

[2023-03-12T17:04:05.268Z] [helm]:     namespace: foo

[2023-03-12T17:04:05.268Z] [helm]:   data:

[2023-03-12T17:04:05.269Z] [helm]:     tls.crt: <base64 encoded cert>

[2023-03-12T17:04:05.269Z] [helm]:     tls.key: <base64 encoded key>

[2023-03-12T17:04:05.271Z] [helm]:   type: kubernetes.io/tls

[2023-03-12T17:04:05.589Z] Waiting for resources to be ready...

[2023-03-12T17:04:05.592Z] [kubernetes-plugin]: Waiting for resources to be ready...

[2023-03-12T17:04:07.603Z] Kubernetes: Getting API resource info for group rbac.authorization.k8s.io/v1

[2023-03-12T17:04:07.749Z] Status of ServiceAccount garden-nginx-ingress-nginx is "ready"

[2023-03-12T17:04:07.749Z] [kubernetes-plugin]: Status of ServiceAccount garden-nginx-ingress-nginx is "ready"

[2023-03-12T17:04:07.750Z] Status of ConfigMap garden-nginx-ingress-nginx-controller is "ready"

[2023-03-12T17:04:07.750Z] [kubernetes-plugin]: Status of ConfigMap garden-nginx-ingress-nginx-controller is "ready"

[2023-03-12T17:04:07.750Z] Status of ClusterRole garden-nginx-ingress-nginx is "ready"

[2023-03-12T17:04:07.750Z] [kubernetes-plugin]: Status of ClusterRole garden-nginx-ingress-nginx is "ready"

[2023-03-12T17:04:07.750Z] Status of ClusterRoleBinding garden-nginx-ingress-nginx is "ready"

[2023-03-12T17:04:07.750Z] [kubernetes-plugin]: Status of ClusterRoleBinding garden-nginx-ingress-nginx is "ready"

[2023-03-12T17:04:07.750Z] Status of Role garden-nginx-ingress-nginx is "ready"

[2023-03-12T17:04:07.750Z] [kubernetes-plugin]: Status of Role garden-nginx-ingress-nginx is "ready"

[2023-03-12T17:04:07.750Z] Status of RoleBinding garden-nginx-ingress-nginx is "ready"

[2023-03-12T17:04:07.750Z] [kubernetes-plugin]: Status of RoleBinding garden-nginx-ingress-nginx is "ready"

[2023-03-12T17:04:07.750Z] Status of Service garden-nginx-ingress-nginx-controller is "ready"

[2023-03-12T17:04:07.750Z] [kubernetes-plugin]: Status of Service garden-nginx-ingress-nginx-controller is "ready"

[2023-03-12T17:04:07.750Z] Status of DaemonSet garden-nginx-ingress-nginx-controller is "deploying"

[2023-03-12T17:04:07.750Z] [kubernetes-plugin]: Status of DaemonSet garden-nginx-ingress-nginx-controller is "deploying"

[2023-03-12T17:04:07.754Z] DaemonSet/garden-nginx-ingress-nginx-controller: Pulling image "k8s.gcr.io/ingress-nginx/controller:v1.1.0@sha256:f766669fdcf3dc26347ed273a55e754b427eb4411ee075a53f30718b4499076a"

[2023-03-12T17:04:07.754Z] [kubernetes-plugin]: DaemonSet/garden-nginx-ingress-nginx-controller: Pulling image "k8s.gcr.io/ingress-nginx/controller:v1.1.0@sha256:f766669fdcf3dc26347ed273a55e754b427eb4411ee075a53f30718b4499076a"

[2023-03-12T17:04:07.755Z] Status of IngressClass nginx is "ready"

[2023-03-12T17:04:07.755Z] [kubernetes-plugin]: Status of IngressClass nginx is "ready"

[2023-03-12T17:04:10.375Z] Status of ServiceAccount garden-nginx-ingress-nginx is "ready"

[2023-03-12T17:04:10.375Z] [kubernetes-plugin]: Status of ServiceAccount garden-nginx-ingress-nginx is "ready"

[2023-03-12T17:04:10.375Z] Status of ConfigMap garden-nginx-ingress-nginx-controller is "ready"

[2023-03-12T17:04:10.375Z] [kubernetes-plugin]: Status of ConfigMap garden-nginx-ingress-nginx-controller is "ready"

[2023-03-12T17:04:10.376Z] Status of ClusterRole garden-nginx-ingress-nginx is "ready"

[2023-03-12T17:04:10.376Z] [kubernetes-plugin]: Status of ClusterRole garden-nginx-ingress-nginx is "ready"

[2023-03-12T17:04:10.376Z] Status of ClusterRoleBinding garden-nginx-ingress-nginx is "ready"

[2023-03-12T17:04:10.376Z] [kubernetes-plugin]: Status of ClusterRoleBinding garden-nginx-ingress-nginx is "ready"

[2023-03-12T17:04:10.376Z] Status of Role garden-nginx-ingress-nginx is "ready"

[2023-03-12T17:04:10.376Z] [kubernetes-plugin]: Status of Role garden-nginx-ingress-nginx is "ready"

[2023-03-12T17:04:10.376Z] Status of RoleBinding garden-nginx-ingress-nginx is "ready"

[2023-03-12T17:04:10.376Z] [kubernetes-plugin]: Status of RoleBinding garden-nginx-ingress-nginx is "ready"

[2023-03-12T17:04:10.376Z] Status of Service garden-nginx-ingress-nginx-controller is "ready"

[2023-03-12T17:04:10.376Z] [kubernetes-plugin]: Status of Service garden-nginx-ingress-nginx-controller is "ready"

[2023-03-12T17:04:10.376Z] Status of DaemonSet garden-nginx-ingress-nginx-controller is "deploying"

[2023-03-12T17:04:10.376Z] [kubernetes-plugin]: Status of DaemonSet garden-nginx-ingress-nginx-controller is "deploying"

[2023-03-12T17:04:10.376Z] Status of IngressClass nginx is "ready"

[2023-03-12T17:04:10.376Z] [kubernetes-plugin]: Status of IngressClass nginx is "ready"

[2023-03-12T17:04:13.490Z] Status of ServiceAccount garden-nginx-ingress-nginx is "ready"

[2023-03-12T17:04:13.491Z] [kubernetes-plugin]: Status of ServiceAccount garden-nginx-ingress-nginx is "ready"

[2023-03-12T17:04:13.491Z] Status of ConfigMap garden-nginx-ingress-nginx-controller is "ready"

[2023-03-12T17:04:13.491Z] [kubernetes-plugin]: Status of ConfigMap garden-nginx-ingress-nginx-controller is "ready"

[2023-03-12T17:04:13.491Z] Status of ClusterRole garden-nginx-ingress-nginx is "ready"

[2023-03-12T17:04:13.491Z] [kubernetes-plugin]: Status of ClusterRole garden-nginx-ingress-nginx is "ready"

[2023-03-12T17:04:13.491Z] Status of ClusterRoleBinding garden-nginx-ingress-nginx is "ready"

[2023-03-12T17:04:13.491Z] [kubernetes-plugin]: Status of ClusterRoleBinding garden-nginx-ingress-nginx is "ready"

[2023-03-12T17:04:13.491Z] Status of Role garden-nginx-ingress-nginx is "ready"

[2023-03-12T17:04:13.491Z] [kubernetes-plugin]: Status of Role garden-nginx-ingress-nginx is "ready"

[2023-03-12T17:04:13.491Z] Status of RoleBinding garden-nginx-ingress-nginx is "ready"

[2023-03-12T17:04:13.491Z] [kubernetes-plugin]: Status of RoleBinding garden-nginx-ingress-nginx is "ready"

[2023-03-12T17:04:13.492Z] Status of Service garden-nginx-ingress-nginx-controller is "ready"

[2023-03-12T17:04:13.492Z] [kubernetes-plugin]: Status of Service garden-nginx-ingress-nginx-controller is "ready"

[2023-03-12T17:04:13.492Z] Status of DaemonSet garden-nginx-ingress-nginx-controller is "deploying"

[2023-03-12T17:04:13.492Z] [kubernetes-plugin]: Status of DaemonSet garden-nginx-ingress-nginx-controller is "deploying"

[2023-03-12T17:04:13.492Z] Status of IngressClass nginx is "ready"

[2023-03-12T17:04:13.492Z] [kubernetes-plugin]: Status of IngressClass nginx is "ready"

[2023-03-12T17:04:17.116Z] Status of ServiceAccount garden-nginx-ingress-nginx is "ready"

[2023-03-12T17:04:17.116Z] [kubernetes-plugin]: Status of ServiceAccount garden-nginx-ingress-nginx is "ready"

[2023-03-12T17:04:17.117Z] Status of ConfigMap garden-nginx-ingress-nginx-controller is "ready"

[2023-03-12T17:04:17.117Z] [kubernetes-plugin]: Status of ConfigMap garden-nginx-ingress-nginx-controller is "ready"

[2023-03-12T17:04:17.117Z] Status of ClusterRole garden-nginx-ingress-nginx is "ready"

[2023-03-12T17:04:17.117Z] [kubernetes-plugin]: Status of ClusterRole garden-nginx-ingress-nginx is "ready"

[2023-03-12T17:04:17.117Z] Status of ClusterRoleBinding garden-nginx-ingress-nginx is "ready"

[2023-03-12T17:04:17.117Z] [kubernetes-plugin]: Status of ClusterRoleBinding garden-nginx-ingress-nginx is "ready"

[2023-03-12T17:04:17.117Z] Status of Role garden-nginx-ingress-nginx is "ready"

[2023-03-12T17:04:17.117Z] [kubernetes-plugin]: Status of Role garden-nginx-ingress-nginx is "ready"

[2023-03-12T17:04:17.117Z] Status of RoleBinding garden-nginx-ingress-nginx is "ready"

[2023-03-12T17:04:17.117Z] [kubernetes-plugin]: Status of RoleBinding garden-nginx-ingress-nginx is "ready"

[2023-03-12T17:04:17.117Z] Status of Service garden-nginx-ingress-nginx-controller is "ready"

[2023-03-12T17:04:17.117Z] [kubernetes-plugin]: Status of Service garden-nginx-ingress-nginx-controller is "ready"

[2023-03-12T17:04:17.117Z] Status of DaemonSet garden-nginx-ingress-nginx-controller is "deploying"

[2023-03-12T17:04:17.117Z] [kubernetes-plugin]: Status of DaemonSet garden-nginx-ingress-nginx-controller is "deploying"

[2023-03-12T17:04:17.117Z] Status of IngressClass nginx is "ready"

[2023-03-12T17:04:17.117Z] [kubernetes-plugin]: Status of IngressClass nginx is "ready"

[2023-03-12T17:04:21.251Z] Status of ServiceAccount garden-nginx-ingress-nginx is "ready"

[2023-03-12T17:04:21.251Z] [kubernetes-plugin]: Status of ServiceAccount garden-nginx-ingress-nginx is "ready"

[2023-03-12T17:04:21.251Z] Status of ConfigMap garden-nginx-ingress-nginx-controller is "ready"

[2023-03-12T17:04:21.252Z] [kubernetes-plugin]: Status of ConfigMap garden-nginx-ingress-nginx-controller is "ready"

[2023-03-12T17:04:21.252Z] Status of ClusterRole garden-nginx-ingress-nginx is "ready"

[2023-03-12T17:04:21.252Z] [kubernetes-plugin]: Status of ClusterRole garden-nginx-ingress-nginx is "ready"

[2023-03-12T17:04:21.252Z] Status of ClusterRoleBinding garden-nginx-ingress-nginx is "ready"

[2023-03-12T17:04:21.252Z] [kubernetes-plugin]: Status of ClusterRoleBinding garden-nginx-ingress-nginx is "ready"

[2023-03-12T17:04:21.252Z] Status of Role garden-nginx-ingress-nginx is "ready"

[2023-03-12T17:04:21.252Z] [kubernetes-plugin]: Status of Role garden-nginx-ingress-nginx is "ready"

[2023-03-12T17:04:21.252Z] Status of RoleBinding garden-nginx-ingress-nginx is "ready"

[2023-03-12T17:04:21.252Z] [kubernetes-plugin]: Status of RoleBinding garden-nginx-ingress-nginx is "ready"

[2023-03-12T17:04:21.252Z] Status of Service garden-nginx-ingress-nginx-controller is "ready"

[2023-03-12T17:04:21.252Z] [kubernetes-plugin]: Status of Service garden-nginx-ingress-nginx-controller is "ready"

[2023-03-12T17:04:21.252Z] Status of DaemonSet garden-nginx-ingress-nginx-controller is "deploying"

[2023-03-12T17:04:21.252Z] [kubernetes-plugin]: Status of DaemonSet garden-nginx-ingress-nginx-controller is "deploying"

[2023-03-12T17:04:21.252Z] Status of IngressClass nginx is "ready"

[2023-03-12T17:04:21.252Z] [kubernetes-plugin]: Status of IngressClass nginx is "ready"

[2023-03-12T17:04:25.885Z] Status of ServiceAccount garden-nginx-ingress-nginx is "ready"

[2023-03-12T17:04:25.885Z] [kubernetes-plugin]: Status of ServiceAccount garden-nginx-ingress-nginx is "ready"

[2023-03-12T17:04:25.886Z] Status of ConfigMap garden-nginx-ingress-nginx-controller is "ready"

[2023-03-12T17:04:25.886Z] [kubernetes-plugin]: Status of ConfigMap garden-nginx-ingress-nginx-controller is "ready"

[2023-03-12T17:04:25.886Z] Status of ClusterRole garden-nginx-ingress-nginx is "ready"

[2023-03-12T17:04:25.886Z] [kubernetes-plugin]: Status of ClusterRole garden-nginx-ingress-nginx is "ready"

[2023-03-12T17:04:25.886Z] Status of ClusterRoleBinding garden-nginx-ingress-nginx is "ready"

[2023-03-12T17:04:25.886Z] [kubernetes-plugin]: Status of ClusterRoleBinding garden-nginx-ingress-nginx is "ready"

[2023-03-12T17:04:25.886Z] Status of Role garden-nginx-ingress-nginx is "ready"

[2023-03-12T17:04:25.886Z] [kubernetes-plugin]: Status of Role garden-nginx-ingress-nginx is "ready"

[2023-03-12T17:04:25.886Z] Status of RoleBinding garden-nginx-ingress-nginx is "ready"

[2023-03-12T17:04:25.886Z] [kubernetes-plugin]: Status of RoleBinding garden-nginx-ingress-nginx is "ready"

[2023-03-12T17:04:25.886Z] Status of Service garden-nginx-ingress-nginx-controller is "ready"

[2023-03-12T17:04:25.886Z] [kubernetes-plugin]: Status of Service garden-nginx-ingress-nginx-controller is "ready"

[2023-03-12T17:04:25.886Z] Status of DaemonSet garden-nginx-ingress-nginx-controller is "deploying"

[2023-03-12T17:04:25.886Z] [kubernetes-plugin]: Status of DaemonSet garden-nginx-ingress-nginx-controller is "deploying"

[2023-03-12T17:04:25.892Z] DaemonSet/garden-nginx-ingress-nginx-controller: Started container controller

[2023-03-12T17:04:25.893Z] [kubernetes-plugin]: DaemonSet/garden-nginx-ingress-nginx-controller: Started container controller

[2023-03-12T17:04:25.893Z] Status of IngressClass nginx is "ready"

[2023-03-12T17:04:25.893Z] [kubernetes-plugin]: Status of IngressClass nginx is "ready"

[2023-03-12T17:04:31.040Z] Status of ServiceAccount garden-nginx-ingress-nginx is "ready"

[2023-03-12T17:04:31.041Z] [kubernetes-plugin]: Status of ServiceAccount garden-nginx-ingress-nginx is "ready"

[2023-03-12T17:04:31.041Z] Status of ConfigMap garden-nginx-ingress-nginx-controller is "ready"

[2023-03-12T17:04:31.041Z] [kubernetes-plugin]: Status of ConfigMap garden-nginx-ingress-nginx-controller is "ready"

[2023-03-12T17:04:31.041Z] Status of ClusterRole garden-nginx-ingress-nginx is "ready"

[2023-03-12T17:04:31.041Z] [kubernetes-plugin]: Status of ClusterRole garden-nginx-ingress-nginx is "ready"

[2023-03-12T17:04:31.041Z] Status of ClusterRoleBinding garden-nginx-ingress-nginx is "ready"

[2023-03-12T17:04:31.041Z] [kubernetes-plugin]: Status of ClusterRoleBinding garden-nginx-ingress-nginx is "ready"

[2023-03-12T17:04:31.041Z] Status of Role garden-nginx-ingress-nginx is "ready"

[2023-03-12T17:04:31.041Z] [kubernetes-plugin]: Status of Role garden-nginx-ingress-nginx is "ready"

[2023-03-12T17:04:31.041Z] Status of RoleBinding garden-nginx-ingress-nginx is "ready"

[2023-03-12T17:04:31.041Z] [kubernetes-plugin]: Status of RoleBinding garden-nginx-ingress-nginx is "ready"

[2023-03-12T17:04:31.041Z] Status of Service garden-nginx-ingress-nginx-controller is "ready"

[2023-03-12T17:04:31.041Z] [kubernetes-plugin]: Status of Service garden-nginx-ingress-nginx-controller is "ready"

[2023-03-12T17:04:31.041Z] Status of DaemonSet garden-nginx-ingress-nginx-controller is "deploying"

[2023-03-12T17:04:31.041Z] [kubernetes-plugin]: Status of DaemonSet garden-nginx-ingress-nginx-controller is "deploying"

[2023-03-12T17:04:31.045Z] DaemonSet/garden-nginx-ingress-nginx-controller: RELOAD NGINX reload triggered due to a change in configuration

[2023-03-12T17:04:31.045Z] [kubernetes-plugin]: DaemonSet/garden-nginx-ingress-nginx-controller: RELOAD NGINX reload triggered due to a change in configuration

[2023-03-12T17:04:31.045Z] Status of IngressClass nginx is "ready"

[2023-03-12T17:04:31.045Z] [kubernetes-plugin]: Status of IngressClass nginx is "ready"

[2023-03-12T17:04:36.635Z] Status of ServiceAccount garden-nginx-ingress-nginx is "ready"

[2023-03-12T17:04:36.635Z] [kubernetes-plugin]: Status of ServiceAccount garden-nginx-ingress-nginx is "ready"

[2023-03-12T17:04:36.636Z] Status of ConfigMap garden-nginx-ingress-nginx-controller is "ready"

[2023-03-12T17:04:36.636Z] [kubernetes-plugin]: Status of ConfigMap garden-nginx-ingress-nginx-controller is "ready"

[2023-03-12T17:04:36.636Z] Status of ClusterRole garden-nginx-ingress-nginx is "ready"

[2023-03-12T17:04:36.636Z] [kubernetes-plugin]: Status of ClusterRole garden-nginx-ingress-nginx is "ready"

[2023-03-12T17:04:36.636Z] Status of ClusterRoleBinding garden-nginx-ingress-nginx is "ready"

[2023-03-12T17:04:36.636Z] [kubernetes-plugin]: Status of ClusterRoleBinding garden-nginx-ingress-nginx is "ready"

[2023-03-12T17:04:36.636Z] Status of Role garden-nginx-ingress-nginx is "ready"

[2023-03-12T17:04:36.636Z] [kubernetes-plugin]: Status of Role garden-nginx-ingress-nginx is "ready"

[2023-03-12T17:04:36.636Z] Status of RoleBinding garden-nginx-ingress-nginx is "ready"

[2023-03-12T17:04:36.636Z] [kubernetes-plugin]: Status of RoleBinding garden-nginx-ingress-nginx is "ready"

[2023-03-12T17:04:36.636Z] Status of Service garden-nginx-ingress-nginx-controller is "ready"

[2023-03-12T17:04:36.636Z] [kubernetes-plugin]: Status of Service garden-nginx-ingress-nginx-controller is "ready"

[2023-03-12T17:04:36.636Z] Status of DaemonSet garden-nginx-ingress-nginx-controller is "ready"

[2023-03-12T17:04:36.636Z] [kubernetes-plugin]: Status of DaemonSet garden-nginx-ingress-nginx-controller is "ready"

[2023-03-12T17:04:36.636Z] Status of IngressClass nginx is "ready"

[2023-03-12T17:04:36.637Z] [kubernetes-plugin]: Status of IngressClass nginx is "ready"

[2023-03-12T17:04:36.637Z] [kubernetes-plugin]: Resources ready

[2023-03-12T17:04:36.640Z] Resources ready

[2023-03-12T17:04:36.651Z] Deploying version v-b5ac3ef2a2... → Done (took 31.9 sec)

[2023-03-12T17:04:36.655Z] Initializing...

[2023-03-12T17:04:36.660Z] Configuring... → Ready

[2023-03-12T17:04:36.668Z] Preparing environment... → Done

[2023-03-12T17:04:36.672Z] Resolving 3 modules...

[2023-03-12T17:04:36.725Z] Scanning module root at /Users/brennanwalsh/Sites/GitHub/symfony-garden
→ Includes: ./Dockerfile,./app
→ Excludes: (none)

[2023-03-12T17:04:36.928Z] Found 46 files in module root /Users/brennanwalsh/Sites/GitHub/symfony-garden

[2023-03-12T17:04:36.956Z] Scanning module root at /Users/brennanwalsh/Sites/GitHub/symfony-garden
→ Includes: ./Dockerfile,./server,./app/public
→ Excludes: (none)

[2023-03-12T17:04:37.109Z] Found 3 files in module root /Users/brennanwalsh/Sites/GitHub/symfony-garden

[2023-03-12T17:04:37.148Z] Resolving 3 modules... → Done

[2023-03-12T17:04:37.169Z] Processing...

[2023-03-12T17:04:37.191Z] Syncing 0 files from . to .garden/build/database (and removing any extraneous files)

[2023-03-12T17:04:37.233Z] Getting build status for v-b8ece8345c...

[2023-03-12T17:04:37.238Z] Getting build status for v-b8ece8345c... → Already built

[2023-03-12T17:04:37.239Z] Syncing module sources (46 files)...

[2023-03-12T17:04:37.241Z] Syncing 46 files from . to .garden/build/app (and removing any extraneous files)

[2023-03-12T17:04:37.243Z] -> Configuring in dev mode

[2023-03-12T17:04:37.302Z] All resources missing from cluster

[2023-03-12T17:04:37.303Z] All resources missing from cluster

[2023-03-12T17:04:37.313Z] Deploying version v-892a1eba15...

[2023-03-12T17:04:37.322Z] Kubernetes: Getting API resource info for group batch/v1beta1

[2023-03-12T17:04:37.323Z] Kubernetes: Getting API resource info for group extensions/v1beta1

[2023-03-12T17:04:37.425Z] All resources missing from cluster

[2023-03-12T17:04:37.491Z] Syncing module sources (46 files)... → Done (took 0.3 sec)

[2023-03-12T17:04:37.498Z] Getting build status for v-378d6eaec8...

[2023-03-12T17:04:37.501Z] Spawning '/Users/brennanwalsh/.garden/tools/docker/23842c62b99af05f/docker/docker images app:v-378d6eaec8 -q' in /Users/brennanwalsh/Sites/GitHub/symfony-garden

[2023-03-12T17:04:37.885Z] Building version v-378d6eaec8...

[2023-03-12T17:04:38.004Z] Waiting for resources to be ready...

[2023-03-12T17:04:38.005Z] [kubernetes-plugin]: Waiting for resources to be ready...

[2023-03-12T17:04:38.149Z] Building app:v-378d6eaec8...

[2023-03-12T17:04:38.150Z] Spawning '/Users/brennanwalsh/.garden/tools/docker/23842c62b99af05f/docker/docker build -t app:v-378d6eaec8 --build-arg GARDEN_MODULE_VERSION=v-378d6eaec8 --target app --file /Users/brennanwalsh/Sites/GitHub/symfony-garden/.garden/build/app/Dockerfile /Users/brennanwalsh/Sites/GitHub/symfony-garden/.garden/build/app' in /Users/brennanwalsh/Sites/GitHub/symfony-garden/.garden/build/app

[2023-03-12T17:04:38.527Z] [local-docker]: #1 [internal] load build definition from Dockerfile

[2023-03-12T17:04:38.528Z] [local-docker]: #1 sha256:59a38c6092d47500482ff44c3b0945d2a6ad6085a4f3ae58d855a3532ecd5025

[2023-03-12T17:04:38.528Z] [local-docker]: #1 transferring dockerfile: 2.24kB done

[2023-03-12T17:04:38.528Z] [local-docker]: #1 DONE 0.0s

[2023-03-12T17:04:38.529Z] [local-docker]: 

[2023-03-12T17:04:38.529Z] [local-docker]: #2 [internal] load .dockerignore

[2023-03-12T17:04:38.529Z] [local-docker]: #2 sha256:cead588b14c473a18a916e9ade078c412d982dce8a9afa9557d21e3921222914

[2023-03-12T17:04:38.529Z] [local-docker]: #2 transferring context: 2B done

[2023-03-12T17:04:38.529Z] [local-docker]: #2 DONE 0.0s

[2023-03-12T17:04:38.529Z] [local-docker]: 

[2023-03-12T17:04:38.529Z] [local-docker]: #3 resolve image config for docker.io/docker/dockerfile:1.4

[2023-03-12T17:04:38.529Z] [local-docker]: #3 sha256:9ea865748483b1f4f52c8c6ec970fc4927717bff340cfc4c224a179f2ef026ca

[2023-03-12T17:04:39.733Z] [local-docker]: #3 ...

[2023-03-12T17:04:39.733Z] [local-docker]: 

[2023-03-12T17:04:39.733Z] [local-docker]: #4 [auth] docker/dockerfile:pull token for registry-1.docker.io

[2023-03-12T17:04:39.733Z] [local-docker]: #4 sha256:822fa314b3c13afcff39156502b1624bc86cb6a337aacb9b98ef54bdfe871c28

[2023-03-12T17:04:39.733Z] [local-docker]: #4 DONE 0.0s

[2023-03-12T17:04:39.883Z] [local-docker]: 

[2023-03-12T17:04:39.884Z] [local-docker]: #3 resolve image config for docker.io/docker/dockerfile:1.4

[2023-03-12T17:04:39.884Z] [local-docker]: #3 sha256:9ea865748483b1f4f52c8c6ec970fc4927717bff340cfc4c224a179f2ef026ca

[2023-03-12T17:04:40.112Z] Status of Deployment database is "deploying"

[2023-03-12T17:04:40.112Z] [kubernetes-plugin]: Status of Deployment database is "deploying"

[2023-03-12T17:04:40.118Z] Deployment/database: Pulling image "postgres:15-alpine"

[2023-03-12T17:04:40.118Z] [kubernetes-plugin]: Deployment/database: Pulling image "postgres:15-alpine"

[2023-03-12T17:04:40.119Z] Status of Service database is "ready"

[2023-03-12T17:04:40.119Z] [kubernetes-plugin]: Status of Service database is "ready"

[2023-03-12T17:04:40.159Z] [local-docker]: #3 DONE 1.6s

[2023-03-12T17:04:40.278Z] [local-docker]: 

[2023-03-12T17:04:40.279Z] [local-docker]: #5 docker-image://docker.io/docker/dockerfile:1.4@sha256:9ba7531bd80fb0a858632727cf7a112fbfd19b17e94c4e84ced81e24ef1a0dbc

[2023-03-12T17:04:40.279Z] [local-docker]: #5 sha256:66a0e12aa5cbc2eaf894e26a8df172f6c2bc232ebfb59d1ecf39b78f65e274a5

[2023-03-12T17:04:40.279Z] [local-docker]: #5 CACHED

[2023-03-12T17:04:40.430Z] [local-docker]: 

[2023-03-12T17:04:40.430Z] [local-docker]: #6 [internal] load build definition from Dockerfile

[2023-03-12T17:04:40.431Z] [local-docker]: #6 sha256:4cbf2f6384ea9acf5300cb664e7598131ecb686ce0c04a64285b91d1e7625aa1

[2023-03-12T17:04:40.431Z] [local-docker]: #6 DONE 0.0s

[2023-03-12T17:04:40.431Z] [local-docker]: 

[2023-03-12T17:04:40.432Z] [local-docker]: #7 [internal] load .dockerignore

[2023-03-12T17:04:40.432Z] [local-docker]: #7 sha256:c0bd1f9684152a66b6a8ba5aadaa85cf0c7030f87679a088cfb05d0edad377d7

[2023-03-12T17:04:40.432Z] [local-docker]: #7 DONE 0.0s

[2023-03-12T17:04:40.432Z] [local-docker]: 

[2023-03-12T17:04:40.432Z] [local-docker]: #11 [internal] load metadata for docker.io/mlocati/php-extension-installer:latest

[2023-03-12T17:04:40.432Z] [local-docker]: #11 sha256:94077f4fbf3dc80fac21037ef28c4efd7bb825c5c89e9942beb2f1d9b8b41fa8

[2023-03-12T17:04:41.464Z] [local-docker]: #11 ...

[2023-03-12T17:04:41.464Z] [local-docker]: 

[2023-03-12T17:04:41.464Z] [local-docker]: #12 [auth] library/node:pull token for registry-1.docker.io

[2023-03-12T17:04:41.464Z] [local-docker]: #12 sha256:0fe49a6410b2110ff2d0106f3a218fa996e23320704954572ac6be1afca77c11

[2023-03-12T17:04:41.464Z] [local-docker]: #12 DONE 0.0s

[2023-03-12T17:04:41.602Z] [local-docker]: 

[2023-03-12T17:04:41.602Z] [local-docker]: #10 [internal] load metadata for docker.io/library/node:18-alpine

[2023-03-12T17:04:41.602Z] [local-docker]: #10 sha256:5ee8ea8626137e4a4e007f934eed3f693a5155be1152f5d3acaa7750c4ab9271

[2023-03-12T17:04:41.602Z] [local-docker]: #10 DONE 1.3s

[2023-03-12T17:04:41.602Z] [local-docker]: 

[2023-03-12T17:04:41.602Z] [local-docker]: #9 [internal] load metadata for docker.io/composer/composer:2-bin

[2023-03-12T17:04:41.602Z] [local-docker]: #9 sha256:0157127993e94986bf7244f58161f892c2a73d68ca607376ce01228a4b15af94

[2023-03-12T17:04:41.904Z] [local-docker]: #9 ...

[2023-03-12T17:04:41.904Z] [local-docker]: 

[2023-03-12T17:04:41.904Z] [local-docker]: #13 [auth] library/php:pull token for registry-1.docker.io

[2023-03-12T17:04:41.904Z] [local-docker]: #13 sha256:12a3eb95ee3d3b4fa2c9ff46e6ab3947d8dea5e572b5ed1aa689af5349a498f4

[2023-03-12T17:04:41.904Z] [local-docker]: #13 DONE 0.0s

[2023-03-12T17:04:41.904Z] [local-docker]: 

[2023-03-12T17:04:41.905Z] [local-docker]: #14 [auth] composer/composer:pull token for registry-1.docker.io

[2023-03-12T17:04:41.905Z] [local-docker]: #14 sha256:afc2068164993375a79ba69602022f23d4b28a782e74049cbfb01bc944c41dd3

[2023-03-12T17:04:41.905Z] [local-docker]: #14 DONE 0.0s

[2023-03-12T17:04:41.905Z] [local-docker]: 

[2023-03-12T17:04:41.905Z] [local-docker]: #15 [auth] mlocati/php-extension-installer:pull token for registry-1.docker.io

[2023-03-12T17:04:41.905Z] [local-docker]: #15 sha256:85e0b8525075d6a5cebc0e7c11eb29d03df1a19c25a23c5305bcba6aa5b11a49

[2023-03-12T17:04:41.905Z] [local-docker]: #15 DONE 0.0s

[2023-03-12T17:04:42.055Z] [local-docker]: 

[2023-03-12T17:04:42.055Z] [local-docker]: #8 [internal] load metadata for docker.io/library/php:8.2-fpm-alpine

[2023-03-12T17:04:42.055Z] [local-docker]: #8 sha256:44689ef69613d66cf16d0f373113eeb2a28b44062abfad4887f556b2769a254a

[2023-03-12T17:04:42.206Z] [local-docker]: #8 DONE 1.9s

[2023-03-12T17:04:42.206Z] [local-docker]: 

[2023-03-12T17:04:42.206Z] [local-docker]: #11 [internal] load metadata for docker.io/mlocati/php-extension-installer:latest

[2023-03-12T17:04:42.206Z] [local-docker]: #11 sha256:94077f4fbf3dc80fac21037ef28c4efd7bb825c5c89e9942beb2f1d9b8b41fa8

[2023-03-12T17:04:42.206Z] [local-docker]: #11 DONE 1.8s

[2023-03-12T17:04:42.206Z] [local-docker]: 

[2023-03-12T17:04:42.206Z] [local-docker]: #9 [internal] load metadata for docker.io/composer/composer:2-bin

[2023-03-12T17:04:42.206Z] [local-docker]: #9 sha256:0157127993e94986bf7244f58161f892c2a73d68ca607376ce01228a4b15af94

[2023-03-12T17:04:42.334Z] [local-docker]: #9 DONE 2.0s

[2023-03-12T17:04:42.335Z] [local-docker]: 

[2023-03-12T17:04:42.335Z] [local-docker]: #16 [app  1/17] FROM docker.io/library/php:8.2-fpm-alpine@sha256:dae174052d1e0b75ad37594c14ae24dd0dd27041162c1a0f3153cc5fbd8114dd

[2023-03-12T17:04:42.335Z] [local-docker]: #16 sha256:c8b8abe9ffa9ace47b1dd437fe1e5b6c4c3c29f3b2a36206077be3e1bebdfacf

[2023-03-12T17:04:42.335Z] [local-docker]: #16 DONE 0.0s

[2023-03-12T17:04:42.336Z] [local-docker]: 

[2023-03-12T17:04:42.336Z] [local-docker]: #22 [nodejs 1/1] FROM docker.io/library/node:18-alpine@sha256:f605fcd5254d0e398e04d93c7b11e2aec2a6e1aeb7da1f99bc40cd101dd8cde4

[2023-03-12T17:04:42.336Z] [local-docker]: #22 sha256:77827acad3ab054ff93ffd715ab8f0981aade8229dcaeded9e58cbe516c4faa8

[2023-03-12T17:04:42.336Z] [local-docker]: #22 DONE 0.0s

[2023-03-12T17:04:42.336Z] [local-docker]: 

[2023-03-12T17:04:42.336Z] [local-docker]: #18 [php_extension_installer 1/1] FROM docker.io/mlocati/php-extension-installer:latest@sha256:87b296530ee351d9a0978b8ed851446157cf866f9a81f542c5be542bc014b9b9

[2023-03-12T17:04:42.337Z] [local-docker]: #18 sha256:c492f9007d3fd2e49ff18d44af67bebfef5055e05fbe4c609f91b7eafa5fc987

[2023-03-12T17:04:42.337Z] [local-docker]: #18 DONE 0.0s

[2023-03-12T17:04:42.337Z] [local-docker]: 

[2023-03-12T17:04:42.337Z] [local-docker]: #20 [composer 1/1] FROM docker.io/composer/composer:2-bin@sha256:6a8b987cd68b8c38863bf05cba6a5776ddd2f6753a20b83e12a1d6ae4827d4a5

[2023-03-12T17:04:42.337Z] [local-docker]: #20 sha256:8c34a4d8dc3e231d106045a6ef0ea462d0bdc4458c87e80455b2b46bb3b21851

[2023-03-12T17:04:42.337Z] [local-docker]: #20 DONE 0.0s

[2023-03-12T17:04:42.337Z] [local-docker]: 

[2023-03-12T17:04:42.337Z] [local-docker]: #28 [internal] load build context

[2023-03-12T17:04:42.338Z] [local-docker]: #28 sha256:5d412155f7a7f5a3cf5c74c1862201eb1a24b82757798d6e7944e0d04d1e4fa7

[2023-03-12T17:04:42.338Z] [local-docker]: #28 transferring context: 400.13kB done

[2023-03-12T17:04:42.338Z] [local-docker]: #28 DONE 0.0s

[2023-03-12T17:04:42.338Z] [local-docker]: 

[2023-03-12T17:04:42.338Z] [local-docker]: #24 [app  6/17] COPY --from=nodejs --link /usr/local/lib/node_modules /usr/local/lib/node_modules

[2023-03-12T17:04:42.338Z] [local-docker]: #24 sha256:5d04446ebf5c26d43d583fde8a941e8090fc97606134a709aef0ffb153d226f4

[2023-03-12T17:04:42.338Z] [local-docker]: #24 CACHED

[2023-03-12T17:04:42.338Z] [local-docker]: 

[2023-03-12T17:04:42.338Z] [local-docker]: #21 [app  4/17] COPY --from=composer --link /composer /usr/bin/

[2023-03-12T17:04:42.338Z] [local-docker]: #21 sha256:a01b7a374a2de9af02942b85832dc40d504bd00ef2bb79184bf5eca09c5652e3

[2023-03-12T17:04:42.338Z] [local-docker]: #21 CACHED

[2023-03-12T17:04:42.339Z] [local-docker]: 

[2023-03-12T17:04:42.339Z] [local-docker]: #29 [app 10/17] COPY --link ./app/etc/conf.d/app.ini /usr/local/etc/php/conf.d/

[2023-03-12T17:04:42.339Z] [local-docker]: #29 sha256:76f2775fe6719476ea430007ae5df37c7a98a17018dd70877e715294ea505451

[2023-03-12T17:04:42.339Z] [local-docker]: #29 CACHED

[2023-03-12T17:04:42.339Z] [local-docker]: 

[2023-03-12T17:04:42.339Z] [local-docker]: #32 [app 13/17] COPY --link ./app/bin ./bin

[2023-03-12T17:04:42.339Z] [local-docker]: #32 sha256:290e21250cb2d229eedb4a781cf427aab2a41a01e3c340068b76bb9e5e58e55c

[2023-03-12T17:04:42.339Z] [local-docker]: #32 CACHED

[2023-03-12T17:04:42.339Z] [local-docker]: 

[2023-03-12T17:04:42.339Z] [local-docker]: #31 [app 12/17] RUN mv "/usr/local/etc/php/php.ini-development" "/usr/local/etc/php/php.ini"

[2023-03-12T17:04:42.339Z] [local-docker]: #31 sha256:05030f4f2829e3e83e0b8bc71c72d513274d607414db3c7815cc902a390c9110

[2023-03-12T17:04:42.339Z] [local-docker]: #31 CACHED

[2023-03-12T17:04:42.339Z] [local-docker]: 

[2023-03-12T17:04:42.339Z] [local-docker]: #25 [app  7/17] RUN ln -s /usr/local/lib/node_modules/npm/bin/npm-cli.js /usr/local/bin/npm

[2023-03-12T17:04:42.340Z] [local-docker]: #25 sha256:76be8c7fb6bdd7647fe4c8b0823a4758ecdeff890997354560f614c046b2296c

[2023-03-12T17:04:42.341Z] [local-docker]: #25 CACHED

[2023-03-12T17:04:42.341Z] [local-docker]: 

[2023-03-12T17:04:42.341Z] [local-docker]: #19 [app  3/17] COPY --from=php_extension_installer --link /usr/bin/install-php-extensions /usr/bin/

[2023-03-12T17:04:42.341Z] [local-docker]: #19 sha256:0d903561b793c7c94444be6cb0c4827a74de697e4283aa54cb1163945e160cc3

[2023-03-12T17:04:42.341Z] [local-docker]: #19 CACHED

[2023-03-12T17:04:42.341Z] [local-docker]: 

[2023-03-12T17:04:42.341Z] [local-docker]: #27 [app  9/17] RUN install-php-extensions intl zip apcu opcache pdo_pgsql;

[2023-03-12T17:04:42.341Z] [local-docker]: #27 sha256:7787ca72319e5b7fa2d0adfc641c2f5c9a2086cf944649aa74be2d8b172f2391

[2023-03-12T17:04:42.341Z] [local-docker]: #27 CACHED

[2023-03-12T17:04:42.341Z] [local-docker]: 

[2023-03-12T17:04:42.341Z] [local-docker]: #17 [app  2/17] WORKDIR /srv/app

[2023-03-12T17:04:42.341Z] [local-docker]: #17 sha256:3200e88b4ae95031bc133099fb5786f7fe13b65a2abce90f7e2b9cd2ae4e8a0c

[2023-03-12T17:04:42.341Z] [local-docker]: #17 CACHED

[2023-03-12T17:04:42.341Z] [local-docker]: 

[2023-03-12T17:04:42.341Z] [local-docker]: #30 [app 11/17] COPY --link ./app/etc/php-fpm.d/zz-docker.conf /usr/local/etc/php-fpm.d/zz-docker.conf

[2023-03-12T17:04:42.341Z] [local-docker]: #30 sha256:3bec88814fb71b55db99425a4f0394654f57f185d69d263bfe48d34be14ab036

[2023-03-12T17:04:42.341Z] [local-docker]: #30 CACHED

[2023-03-12T17:04:42.341Z] [local-docker]: 

[2023-03-12T17:04:42.341Z] [local-docker]: #23 [app  5/17] COPY --from=nodejs --link /usr/local/bin/node /usr/local/bin/

[2023-03-12T17:04:42.341Z] [local-docker]: #23 sha256:4b4b8beb4324af52aef95d0d0e697dce54e15cb631d0466c1ab135833aeb62f5

[2023-03-12T17:04:42.341Z] [local-docker]: #23 CACHED

[2023-03-12T17:04:42.341Z] [local-docker]: 

[2023-03-12T17:04:42.341Z] [local-docker]: #26 [app  8/17] RUN apk add --no-cache bash make;

[2023-03-12T17:04:42.341Z] [local-docker]: #26 sha256:b5cfbc4cecc95f7dd77e510cfcecc3a1482cf9b0ca93601c0e42cac9e7928caa

[2023-03-12T17:04:42.341Z] [local-docker]: #26 CACHED

[2023-03-12T17:04:42.341Z] [local-docker]: 

[2023-03-12T17:04:42.342Z] [local-docker]: #33 [app 14/17] RUN chmod +x ./bin/console;

[2023-03-12T17:04:42.342Z] [local-docker]: #33 sha256:d6b60fc549fb9389c2f5c9377289be89cfe844151a148c54bbd48aab571fc803

[2023-03-12T17:04:42.342Z] [local-docker]: #33 CACHED

[2023-03-12T17:04:42.342Z] [local-docker]: 

[2023-03-12T17:04:42.342Z] [local-docker]: #34 [app 15/17] COPY --link ./app/etc/docker-entrypoint ./app/etc/wait-for-it ./app/etc/docker-healthcheck /usr/local/bin/

[2023-03-12T17:04:42.342Z] [local-docker]: #34 sha256:702a1b5f69ff9a458eaef9d7b20cd35e762ad6f56ebc99026504732e75b92bc0

[2023-03-12T17:04:42.342Z] [local-docker]: #34 DONE 0.0s

[2023-03-12T17:04:42.485Z] [local-docker]: 

[2023-03-12T17:04:42.486Z] [local-docker]: #35 [app 16/17] RUN chmod +x /usr/local/bin/docker-entrypoint; 		chmod +x /usr/local/bin/wait-for-it; 		chmod +x /usr/local/bin/docker-healthcheck;

[2023-03-12T17:04:42.486Z] [local-docker]: #35 sha256:9c3c9751d425e6bfc20beaa21a0b7b59624e313332ba8a7a00d2fecfc8ade581

[2023-03-12T17:04:42.531Z] [local-docker]: #35 DONE 0.2s

[2023-03-12T17:04:42.532Z] [local-docker]: 

[2023-03-12T17:04:42.532Z] [local-docker]: #36 [app 17/17] COPY --link  ./app .

[2023-03-12T17:04:42.532Z] [local-docker]: #36 sha256:0106e8e20f3604e1f1d66a337425a83f21828c0f738de880527022c49d812054

[2023-03-12T17:04:42.532Z] [local-docker]: #36 DONE 0.0s

[2023-03-12T17:04:42.533Z] [local-docker]: 

[2023-03-12T17:04:42.533Z] [local-docker]: #37 exporting to image

[2023-03-12T17:04:42.533Z] [local-docker]: #37 sha256:e8c613e07b0b7ff33893b694f7759a10d42e180f2b4dc349fb57dc6b71dcab00

[2023-03-12T17:04:42.533Z] [local-docker]: #37 exporting layers 0.0s done

[2023-03-12T17:04:42.533Z] [local-docker]: #37 writing image sha256:96a42bb6a098abaf865de49f93daa372d9076979f6ede53704fd2144d7a02dd2 done

[2023-03-12T17:04:42.535Z] [local-docker]: #37 naming to docker.io/library/app:v-378d6eaec8 done

[2023-03-12T17:04:42.536Z] [local-docker]: #37 DONE 0.0s

[2023-03-12T17:04:42.546Z] Building app:v-378d6eaec8... → Done (took 5 sec)

[2023-03-12T17:04:42.552Z] Syncing module sources (3 files)...

[2023-03-12T17:04:42.557Z] Deploying version v-aaf01cd2ca...

[2023-03-12T17:04:42.565Z] Syncing 3 files from . to .garden/build/server (and removing any extraneous files)

[2023-03-12T17:04:42.565Z] Kubernetes: Getting API resource info for group batch/v1beta1

[2023-03-12T17:04:42.565Z] Kubernetes: Getting API resource info for group extensions/v1beta1

[2023-03-12T17:04:42.693Z] Syncing module sources (3 files)... → Done (took 0.1 sec)

[2023-03-12T17:04:42.697Z] Getting build status for v-d2060a144e...

[2023-03-12T17:04:42.699Z] Spawning '/Users/brennanwalsh/.garden/tools/docker/23842c62b99af05f/docker/docker images server:v-d2060a144e -q' in /Users/brennanwalsh/Sites/GitHub/symfony-garden

[2023-03-12T17:04:42.816Z] Building version v-d2060a144e...

[2023-03-12T17:04:42.932Z] Status of Deployment database is "deploying"

[2023-03-12T17:04:42.932Z] [kubernetes-plugin]: Status of Deployment database is "deploying"

[2023-03-12T17:04:42.932Z] Status of Service database is "ready"

[2023-03-12T17:04:42.932Z] [kubernetes-plugin]: Status of Service database is "ready"

[2023-03-12T17:04:42.944Z] Building server:v-d2060a144e...

[2023-03-12T17:04:42.946Z] Spawning '/Users/brennanwalsh/.garden/tools/docker/23842c62b99af05f/docker/docker build -t server:v-d2060a144e --build-arg GARDEN_MODULE_VERSION=v-d2060a144e --target server --file /Users/brennanwalsh/Sites/GitHub/symfony-garden/.garden/build/server/Dockerfile /Users/brennanwalsh/Sites/GitHub/symfony-garden/.garden/build/server' in /Users/brennanwalsh/Sites/GitHub/symfony-garden/.garden/build/server

[2023-03-12T17:04:43.269Z] Waiting for resources to be ready...

[2023-03-12T17:04:43.269Z] [kubernetes-plugin]: Waiting for resources to be ready...

[2023-03-12T17:04:43.305Z] [local-docker]: #1 [internal] load build definition from Dockerfile

[2023-03-12T17:04:43.305Z] [local-docker]: #1 sha256:9038fd7365dc74249bd5c56ad78e3dabf16a992ea17ca0956a96687c47ccf898

[2023-03-12T17:04:43.305Z] [local-docker]: #1 transferring dockerfile: 2.24kB done

[2023-03-12T17:04:43.305Z] [local-docker]: #1 DONE 0.0s

[2023-03-12T17:04:43.305Z] [local-docker]: 

[2023-03-12T17:04:43.305Z] [local-docker]: #2 [internal] load .dockerignore

[2023-03-12T17:04:43.305Z] [local-docker]: #2 sha256:5ef786b20a654688ac766d7a103161926c968f1a57506cfb09fda0fd42fab765

[2023-03-12T17:04:43.305Z] [local-docker]: #2 transferring context:

[2023-03-12T17:04:43.423Z] [local-docker]: #2 transferring context: 2B done

[2023-03-12T17:04:43.423Z] [local-docker]: #2 DONE 0.0s

[2023-03-12T17:04:43.423Z] [local-docker]: 

[2023-03-12T17:04:43.423Z] [local-docker]: #3 resolve image config for docker.io/docker/dockerfile:1.4

[2023-03-12T17:04:43.423Z] [local-docker]: #3 sha256:9ea865748483b1f4f52c8c6ec970fc4927717bff340cfc4c224a179f2ef026ca

[2023-03-12T17:04:43.875Z] [local-docker]: #3 DONE 0.4s

[2023-03-12T17:04:43.875Z] [local-docker]: 

[2023-03-12T17:04:43.875Z] [local-docker]: #4 docker-image://docker.io/docker/dockerfile:1.4@sha256:9ba7531bd80fb0a858632727cf7a112fbfd19b17e94c4e84ced81e24ef1a0dbc

[2023-03-12T17:04:43.876Z] [local-docker]: #4 sha256:66a0e12aa5cbc2eaf894e26a8df172f6c2bc232ebfb59d1ecf39b78f65e274a5

[2023-03-12T17:04:43.876Z] [local-docker]: #4 CACHED

[2023-03-12T17:04:44.016Z] [local-docker]: 

[2023-03-12T17:04:44.016Z] [local-docker]: #6 [internal] load build definition from Dockerfile

[2023-03-12T17:04:44.016Z] [local-docker]: #6 sha256:3391ebc06234decfa0d69890890904cf9b2e301ae5b32eec75b1a2b19c3d0aaa

[2023-03-12T17:04:44.016Z] [local-docker]: #6 DONE 0.0s

[2023-03-12T17:04:44.016Z] [local-docker]: 

[2023-03-12T17:04:44.016Z] [local-docker]: #5 [internal] load .dockerignore

[2023-03-12T17:04:44.016Z] [local-docker]: #5 sha256:07d3c60a05e28bdb3d19f16953f31c55c11b69c7363c4cdfc1bd4f85b89beba8

[2023-03-12T17:04:44.016Z] [local-docker]: #5 DONE 0.0s

[2023-03-12T17:04:44.016Z] [local-docker]: 

[2023-03-12T17:04:44.016Z] [local-docker]: #7 [internal] load metadata for docker.io/library/caddy:2.6-alpine

[2023-03-12T17:04:44.016Z] [local-docker]: #7 sha256:b5c2bfb54074ace1ac2676cd0cfcdd7bf608114053735ecb316464b673ee88af

[2023-03-12T17:04:44.767Z] [local-docker]: #7 ...

[2023-03-12T17:04:44.767Z] [local-docker]: 

[2023-03-12T17:04:44.767Z] [local-docker]: #8 [auth] library/caddy:pull token for registry-1.docker.io

[2023-03-12T17:04:44.767Z] [local-docker]: #8 sha256:0a4123976621ef1dde5908b8c7a201f0804538b7b1dd18fc04cd3754697e000f

[2023-03-12T17:04:44.767Z] [local-docker]: #8 DONE 0.0s

[2023-03-12T17:04:44.919Z] [local-docker]: 

[2023-03-12T17:04:44.920Z] [local-docker]: #7 [internal] load metadata for docker.io/library/caddy:2.6-alpine

[2023-03-12T17:04:44.920Z] [local-docker]: #7 sha256:b5c2bfb54074ace1ac2676cd0cfcdd7bf608114053735ecb316464b673ee88af

[2023-03-12T17:04:45.327Z] Status of Deployment app is "ready"

[2023-03-12T17:04:45.327Z] [kubernetes-plugin]: Status of Deployment app is "ready"

[2023-03-12T17:04:45.327Z] Status of Service app is "ready"

[2023-03-12T17:04:45.327Z] [kubernetes-plugin]: Status of Service app is "ready"

[2023-03-12T17:04:45.327Z] [kubernetes-plugin]: Resources ready

[2023-03-12T17:04:45.334Z] Resources ready

[2023-03-12T17:04:45.352Z] Getting currently deployed resource statuses...

[2023-03-12T17:04:45.368Z] Comparing expected and deployed resources...

[2023-03-12T17:04:45.369Z] All resources match.

[2023-03-12T17:04:45.370Z] [local-docker]: #7 DONE 1.2s

[2023-03-12T17:04:45.375Z] Deploying version v-aaf01cd2ca... → Done (took 2.8 sec)

[2023-03-12T17:04:45.397Z] Started proxy to app/app:80 on localhost:60335

[2023-03-12T17:04:45.402Z] Port forward: http://localhost:60335 → app:80 (app)

[2023-03-12T17:04:45.821Z] [local-docker]: 

[2023-03-12T17:04:45.822Z] [local-docker]: #9 [server 1/4] FROM docker.io/library/caddy:2.6-alpine@sha256:3f4414616d9141c4fbd9f66641d9b91a3b67833dd4145738c536dee584db5314

[2023-03-12T17:04:45.822Z] [local-docker]: #9 sha256:7512f525f983f4aa77728146b3cf48a3abfc49a3375957ea816cc1eb65fd60fa

[2023-03-12T17:04:45.822Z] [local-docker]: #9 resolve docker.io/library/caddy:2.6-alpine@sha256:3f4414616d9141c4fbd9f66641d9b91a3b67833dd4145738c536dee584db5314 done

[2023-03-12T17:04:45.822Z] [local-docker]: #9 DONE 0.0s

[2023-03-12T17:04:45.822Z] [local-docker]: 

[2023-03-12T17:04:45.824Z] [local-docker]: #11 [internal] load build context

[2023-03-12T17:04:45.824Z] [local-docker]: #11 sha256:a7792707e21137dfd46d769d5ebbfbfa293fec0ec2629ead7d3b052a25b2d204

[2023-03-12T17:04:45.824Z] [local-docker]: #11 transferring context: 462B done

[2023-03-12T17:04:45.824Z] [local-docker]: #11 DONE 0.0s

[2023-03-12T17:04:46.038Z] Status of Deployment database is "deploying"

[2023-03-12T17:04:46.039Z] [kubernetes-plugin]: Status of Deployment database is "deploying"

[2023-03-12T17:04:46.039Z] Status of Service database is "ready"

[2023-03-12T17:04:46.039Z] [kubernetes-plugin]: Status of Service database is "ready"

[2023-03-12T17:04:46.574Z] [local-docker]: 

[2023-03-12T17:04:46.574Z] [local-docker]: #10 [server 2/4] WORKDIR /srv/app

[2023-03-12T17:04:46.574Z] [local-docker]: #10 sha256:4f4cee17ac54c82763d359b937a28ab3630c941c21b6bf24e4c1ec8c8eecfc5b

[2023-03-12T17:04:46.574Z] [local-docker]: #10 CACHED

[2023-03-12T17:04:46.575Z] [local-docker]: 

[2023-03-12T17:04:46.575Z] [local-docker]: #12 [server 3/4] COPY --link ./server/Caddyfile /etc/caddy/Caddyfile

[2023-03-12T17:04:46.575Z] [local-docker]: #12 sha256:701173d2bce118a9dd2c804dbb0407f7c615d1c0f5caa225854cb7315e5959c7

[2023-03-12T17:04:46.575Z] [local-docker]: #12 CACHED

[2023-03-12T17:04:46.575Z] [local-docker]: 

[2023-03-12T17:04:46.575Z] [local-docker]: #13 [server 4/4] COPY --link ./app/public public

[2023-03-12T17:04:46.575Z] [local-docker]: #13 sha256:100e04a5e0d1582c20bc342ebdd52411fb344b705f5dda26b0cfe3a11de0b7f6

[2023-03-12T17:04:47.421Z] [local-docker]: #13 CACHED

[2023-03-12T17:04:47.421Z] [local-docker]: 

[2023-03-12T17:04:47.421Z] [local-docker]: #14 exporting to image

[2023-03-12T17:04:47.421Z] [local-docker]: #14 sha256:e8c613e07b0b7ff33893b694f7759a10d42e180f2b4dc349fb57dc6b71dcab00

[2023-03-12T17:04:47.421Z] [local-docker]: #14 exporting layers done

[2023-03-12T17:04:47.421Z] [local-docker]: #14 writing image sha256:1a07818ccd2c71d15695bfe97c7b236a830968f584021bea20b0e90784c8e2e5 0.0s done

[2023-03-12T17:04:47.422Z] [local-docker]: #14 naming to docker.io/library/server:v-d2060a144e done

[2023-03-12T17:04:47.423Z] [local-docker]: #14 DONE 0.0s

[2023-03-12T17:04:47.434Z] Building server:v-d2060a144e... → Done (took 4.7 sec)

[2023-03-12T17:04:47.440Z] Deploying version v-ccc39a3135...

[2023-03-12T17:04:47.445Z] -> Configuring in dev mode

[2023-03-12T17:04:47.446Z] Kubernetes: Getting API resource info for group batch/v1beta1

[2023-03-12T17:04:47.446Z] Kubernetes: Getting API resource info for group extensions/v1beta1

[2023-03-12T17:04:48.258Z] Waiting for resources to be ready...

[2023-03-12T17:04:48.259Z] [kubernetes-plugin]: Waiting for resources to be ready...

[2023-03-12T17:04:49.623Z] Status of Deployment database is "deploying"

[2023-03-12T17:04:49.623Z] [kubernetes-plugin]: Status of Deployment database is "deploying"

[2023-03-12T17:04:49.623Z] Status of Service database is "ready"

[2023-03-12T17:04:49.623Z] [kubernetes-plugin]: Status of Service database is "ready"

[2023-03-12T17:04:50.341Z] Status of Deployment server is "deploying"

[2023-03-12T17:04:50.341Z] [kubernetes-plugin]: Status of Deployment server is "deploying"

[2023-03-12T17:04:50.346Z] Deployment/server: Pulling image "gardendev/k8s-sync:0.1.5"

[2023-03-12T17:04:50.346Z] [kubernetes-plugin]: Deployment/server: Pulling image "gardendev/k8s-sync:0.1.5"

[2023-03-12T17:04:50.346Z] Status of Service server is "ready"

[2023-03-12T17:04:50.346Z] [kubernetes-plugin]: Status of Service server is "ready"

[2023-03-12T17:04:50.346Z] Status of Ingress server-0 is "ready"

[2023-03-12T17:04:50.346Z] [kubernetes-plugin]: Status of Ingress server-0 is "ready"

[2023-03-12T17:04:52.917Z] Status of Deployment server is "deploying"

[2023-03-12T17:04:52.917Z] [kubernetes-plugin]: Status of Deployment server is "deploying"

[2023-03-12T17:04:52.917Z] Status of Service server is "ready"

[2023-03-12T17:04:52.917Z] [kubernetes-plugin]: Status of Service server is "ready"

[2023-03-12T17:04:52.917Z] Status of Ingress server-0 is "ready"

[2023-03-12T17:04:52.917Z] [kubernetes-plugin]: Status of Ingress server-0 is "ready"

[2023-03-12T17:04:53.701Z] Status of Deployment database is "deploying"

[2023-03-12T17:04:53.702Z] [kubernetes-plugin]: Status of Deployment database is "deploying"

[2023-03-12T17:04:53.702Z] Status of Service database is "ready"

[2023-03-12T17:04:53.702Z] [kubernetes-plugin]: Status of Service database is "ready"

[2023-03-12T17:04:56.000Z] Status of Deployment server is "deploying"

[2023-03-12T17:04:56.000Z] [kubernetes-plugin]: Status of Deployment server is "deploying"

[2023-03-12T17:04:56.000Z] Status of Service server is "ready"

[2023-03-12T17:04:56.000Z] [kubernetes-plugin]: Status of Service server is "ready"

[2023-03-12T17:04:56.000Z] Status of Ingress server-0 is "ready"

[2023-03-12T17:04:56.000Z] [kubernetes-plugin]: Status of Ingress server-0 is "ready"

[2023-03-12T17:04:58.230Z] Status of Deployment database is "ready"

[2023-03-12T17:04:58.231Z] [kubernetes-plugin]: Status of Deployment database is "ready"

[2023-03-12T17:04:58.231Z] Status of Service database is "ready"

[2023-03-12T17:04:58.231Z] [kubernetes-plugin]: Status of Service database is "ready"

[2023-03-12T17:04:58.231Z] [kubernetes-plugin]: Resources ready

[2023-03-12T17:04:58.236Z] Resources ready

[2023-03-12T17:04:58.256Z] Getting currently deployed resource statuses...

[2023-03-12T17:04:58.273Z] Comparing expected and deployed resources...

[2023-03-12T17:04:58.275Z] All resources match.

[2023-03-12T17:04:58.282Z] Deploying version v-892a1eba15... → Done (took 21 sec)

[2023-03-12T17:04:58.286Z] Started proxy to database/database:5432 on localhost:5432

[2023-03-12T17:04:58.290Z] Port forward: postgres://localhost:5432 → database:5432 (database)

[2023-03-12T17:04:59.619Z] Status of Deployment server is "deploying"

[2023-03-12T17:04:59.619Z] [kubernetes-plugin]: Status of Deployment server is "deploying"

[2023-03-12T17:04:59.623Z] Deployment/server: Started container garden-dev-init

[2023-03-12T17:04:59.623Z] [kubernetes-plugin]: Deployment/server: Started container garden-dev-init

[2023-03-12T17:04:59.623Z] Status of Service server is "ready"

[2023-03-12T17:04:59.623Z] [kubernetes-plugin]: Status of Service server is "ready"

[2023-03-12T17:04:59.623Z] Status of Ingress server-0 is "ready"

[2023-03-12T17:04:59.623Z] [kubernetes-plugin]: Status of Ingress server-0 is "ready"

[2023-03-12T17:05:03.670Z] Status of Deployment server is "ready"

[2023-03-12T17:05:03.670Z] [kubernetes-plugin]: Status of Deployment server is "ready"

[2023-03-12T17:05:03.670Z] Status of Service server is "ready"

[2023-03-12T17:05:03.670Z] [kubernetes-plugin]: Status of Service server is "ready"

[2023-03-12T17:05:03.670Z] Status of Ingress server-0 is "ready"

[2023-03-12T17:05:03.670Z] [kubernetes-plugin]: Status of Ingress server-0 is "ready"

[2023-03-12T17:05:03.670Z] [kubernetes-plugin]: Resources ready

[2023-03-12T17:05:03.674Z] Resources ready

[2023-03-12T17:05:03.675Z] -> Configuring in dev mode

[2023-03-12T17:05:03.700Z] Getting currently deployed resource statuses...

[2023-03-12T17:05:03.727Z] Comparing expected and deployed resources...

[2023-03-12T17:05:03.729Z] All resources match.

[2023-03-12T17:05:03.733Z] Deploying in dev mode

[2023-03-12T17:05:04.352Z] Syncing ./server/Caddyfile to /etc/caddy/Caddyfile in Deployment/server (one-way)

[2023-03-12T17:05:05.146Z] Deploying in dev mode

[2023-03-12T17:05:05.153Z] Syncing ./server/Caddyfile to /etc/caddy/Caddyfile in Deployment/server (one-way)

[2023-03-12T17:05:05.162Z] Deploying version v-ccc39a3135... → Done (took 17.7 sec)

[2023-03-12T17:05:05.172Z] Ingress: http://todone.garden

[2023-03-12T17:05:05.179Z] Started proxy to server/server:80 on localhost:60454

[2023-03-12T17:05:05.186Z] Port forward: http://localhost:60454 → server:80 (http)

[2023-03-12T17:05:05.193Z] Watcher: Watching paths /Users/brennanwalsh/Sites/GitHub/symfony-garden

[2023-03-12T17:05:05.194Z] Watcher: Starting FSWatcher

[2023-03-12T17:05:05.201Z] Waiting for code changes...

[2023-03-12T17:05:06.398Z] Connected to sync target /etc/caddy/Caddyfile in Deployment/server

[2023-03-12T17:05:06.405Z] [sync]: Completed initial sync from ./server/Caddyfile to /etc/caddy/Caddyfile in Deployment/server

[2023-03-12T17:05:06.419Z] [sync]: Watching for changes

[2023-03-12T17:06:37.417Z] Starting port forward to server/server:80

[2023-03-12T17:06:37.432Z] Forwarding local port 60539 to Service/server port 80

[2023-03-12T17:06:38.141Z] Successfully started port forward to server/server:80

[2023-03-12T17:06:38.142Z] Connecting to server/server:80 port forward at localhost:60539

[2023-03-12T17:06:38.143Z] Connecting to server/server:80 port forward at localhost:60539

[2023-03-12T17:06:38.143Z] Connecting to server/server:80 port forward at localhost:60539

[2023-03-12T17:07:55.834Z] Connecting to server/server:80 port forward at localhost:60539

[2023-03-12T17:07:55.849Z] Connection from undefined:undefined ended
