
[2023-03-11T08:44:46.374Z] Scanning project root at /Users/brennanwalsh/Sites/Sandbox/proj
→ Includes: **/*garden.y*ml
→ Excludes: .garden/**/*,.git,.gitmodules,.garden/**/*,debug-info*/**

[2023-03-11T08:44:46.492Z] Found 2 files in project root /Users/brennanwalsh/Sites/Sandbox/proj

[2023-03-11T08:44:46.633Z] Getting status...

[2023-03-11T08:44:48.180Z] Using current context: docker-desktop

[2023-03-11T08:44:48.218Z] An attempt to get kind version failed with Error: Command "kind version" failed with code ENOENT:

[2023-03-11T08:44:48.250Z] Getting status... → Cached

[2023-03-11T08:44:48.253Z] Run with --force-refresh to force a refresh of provider statuses.

[2023-03-11T08:44:48.254Z] Resolving 3 modules...

[2023-03-11T08:44:48.322Z] Scanning module root at /Users/brennanwalsh/Sites/Sandbox/proj
→ Includes: ./Dockerfile,./app
→ Excludes: (none)

[2023-03-11T08:44:48.426Z] Found 42 files in module root /Users/brennanwalsh/Sites/Sandbox/proj

[2023-03-11T08:44:48.476Z] Done flushing all events and log entries.

[2023-03-11T08:44:48.484Z] server: Error: Error validating Module 'server': key .services[0][volumes][0][name] with value "caddyData" fails to match the required pattern: /^(?!garden)(?=.{1,63}$)[a-z][a-z0-9]*(-[a-z0-9]+)*$/, key .services[0][volumes][1][name] with value "caddyConfig" fails to match the required pattern: /^(?!garden)(?=.{1,63}$)[a-z][a-z0-9]*(-[a-z0-9]+)*$/
    at validateSchema (/snapshot/project/tmp/pkg/cli/node_modules/@garden-io/core/src/config/validation.ts:134:11)
    at validateWithPath (/snapshot/project/tmp/pkg/cli/node_modules/@garden-io/core/src/config/validation.ts:80:13)
    at ModuleResolver.resolveModuleConfig (/snapshot/project/tmp/pkg/cli/node_modules/@garden-io/core/src/resolve-module.ts:381:37)
    at processTicksAndRejections (node:internal/process/task_queues:95:5)
    at processNode (/snapshot/project/tmp/pkg/cli/node_modules/@garden-io/core/src/resolve-module.ts:132:57)

Error Details:

server:
  detail:
    value:
      dockerfile: ./Dockerfile
      services:
        - name: server
          volumes:
            - name: caddyData
              containerPath: /data
            - name: caddyConfig
              containerPath: /config
          ports:
            - name: http
              containerPort: 80
              servicePort: 80
          ingresses:
            - path: /
              port: http
              hostname: todone.local
      build:
        dependencies:
          - name: app
            copy: []
        targetImage: server
    context: Module 'server'
    errorDescription: "key \e[4m.services[0][volumes][0][name]\e[24m with value \"caddyData\" fails to match the required pattern: /^(?!garden)(?=.{1,63}$)[a-z][a-z0-9]*(-[a-z0-9]+)*$/, key \e[4m.services[0][volumes][1][name]\e[24m with value \"caddyConfig\" fails to match the required pattern: /^(?!garden)(?=.{1,63}$)[a-z][a-z0-9]*(-[a-z0-9]+)*$/"
    errorDetails:
      - message: "key \e[4m.services[0][volumes][0][name]\e[24m with value \"caddyData\" fails to match the required pattern: /^(?!garden)(?=.{1,63}$)[a-z][a-z0-9]*(-[a-z0-9]+)*$/"
        path:
          - services
          - 0
          - volumes
          - 0
          - name
        type: string.pattern.base
        context:
          regex: {}
          value: caddyData
          label: 'services[0].volumes[0].name'
          key: name
      - message: "key \e[4m.services[0][volumes][1][name]\e[24m with value \"caddyConfig\" fails to match the required pattern: /^(?!garden)(?=.{1,63}$)[a-z][a-z0-9]*(-[a-z0-9]+)*$/"
        path:
          - services
          - 0
          - volumes
          - 1
          - name
        type: string.pattern.base
        context:
          regex: ~server~detail~errorDetails~0~context~regex
          value: caddyConfig
          label: 'services[0].volumes[1].name'
          key: name
  type: configuration


[2023-03-11T08:44:48.491Z] 
See .garden/error.log for detailed error message

[2023-03-11T08:44:48.595Z] Resolving 3 modules...
