
[2023-03-11T08:45:08.234Z] Scanning project root at /Users/brennanwalsh/Sites/Sandbox/proj
→ Includes: **/*garden.y*ml
→ Excludes: .garden/**/*,.git,.gitmodules,.garden/**/*,debug-info*/**

[2023-03-11T08:45:08.362Z] Found 2 files in project root /Users/brennanwalsh/Sites/Sandbox/proj

[2023-03-11T08:45:08.516Z] Getting status...

[2023-03-11T08:45:10.007Z] Using current context: docker-desktop

[2023-03-11T08:45:10.054Z] An attempt to get kind version failed with Error: Command "kind version" failed with code ENOENT:

[2023-03-11T08:45:10.084Z] Getting status... → Cached

[2023-03-11T08:45:10.086Z] Run with --force-refresh to force a refresh of provider statuses.

[2023-03-11T08:45:10.093Z] Resolving 3 modules...

[2023-03-11T08:45:10.167Z] Scanning module root at /Users/brennanwalsh/Sites/Sandbox/proj
→ Includes: ./Dockerfile,./app
→ Excludes: (none)

[2023-03-11T08:45:10.301Z] Found 42 files in module root /Users/brennanwalsh/Sites/Sandbox/proj

[2023-03-11T08:45:10.317Z] Scanning module root at /Users/brennanwalsh/Sites/Sandbox/proj
→ Includes: ./Dockerfile,./server,./app/public
→ Excludes: (none)

[2023-03-11T08:45:10.403Z] Found 3 files in module root /Users/brennanwalsh/Sites/Sandbox/proj

[2023-03-11T08:45:10.416Z] Resolving 3 modules... → Done

[2023-03-11T08:45:10.437Z] Processing...

[2023-03-11T08:45:10.458Z] Syncing 0 files from . to .garden/build/database (and removing any extraneous files)

[2023-03-11T08:45:10.522Z] Getting build status for v-b8ece8345c...

[2023-03-11T08:45:10.529Z] Getting build status for v-b8ece8345c... → Already built

[2023-03-11T08:45:10.531Z] Syncing module sources (42 files)...

[2023-03-11T08:45:10.556Z] Syncing 42 files from . to .garden/build/app (and removing any extraneous files)

[2023-03-11T08:45:10.567Z] Syncing module sources (42 files)... → Done (took 0 sec)

[2023-03-11T08:45:10.570Z] Getting build status for v-c684a0c14a...

[2023-03-11T08:45:10.574Z] Spawning '/Users/brennanwalsh/.garden/tools/docker/23842c62b99af05f/docker/docker images app:v-c684a0c14a -q' in /Users/brennanwalsh/Sites/Sandbox/proj

[2023-03-11T08:45:10.867Z] Kubernetes: Getting API resource info for group networking.k8s.io/v1

[2023-03-11T08:45:10.879Z] Kubernetes: Getting API resource info for group apps/v1

[2023-03-11T08:45:10.880Z] Kubernetes: Getting API resource info for group v1

[2023-03-11T08:45:11.044Z] Getting currently deployed resource statuses...

[2023-03-11T08:45:11.044Z] Getting currently deployed resource statuses...

[2023-03-11T08:45:11.087Z] Getting currently deployed resource statuses...

[2023-03-11T08:45:11.093Z] Image app:v-c684a0c14a already exists

[2023-03-11T08:45:11.099Z] Getting build status for v-c684a0c14a... → Already built

[2023-03-11T08:45:11.103Z] Syncing module sources (3 files)...

[2023-03-11T08:45:11.104Z] Syncing 3 files from . to .garden/build/server (and removing any extraneous files)

[2023-03-11T08:45:11.129Z] Comparing expected and deployed resources...

[2023-03-11T08:45:11.130Z] Comparing expected and deployed resources...

[2023-03-11T08:45:11.132Z] All resources match.

[2023-03-11T08:45:11.132Z] All resources match.

[2023-03-11T08:45:11.145Z] Deploying version v-2106fd84f6...

[2023-03-11T08:45:11.148Z] Deploying version v-2106fd84f6... → Already deployed

[2023-03-11T08:45:11.151Z] Deploying version v-a957583129...

[2023-03-11T08:45:11.155Z] Deploying version v-a957583129... → Already deployed

[2023-03-11T08:45:11.178Z] Comparing expected and deployed resources...

[2023-03-11T08:45:11.180Z] Resource server is not a superset of deployed resource

[2023-03-11T08:45:11.190Z] Started proxy to app/app:9000 on localhost:9000

[2023-03-11T08:45:11.191Z] Started proxy to database/database:5432 on localhost:5432

[2023-03-11T08:45:11.193Z] Port forward: localhost:9000 → app:9000 (app)

[2023-03-11T08:45:11.195Z] Port forward: postgres://localhost:5432 → database:5432 (database)

[2023-03-11T08:45:11.200Z] Syncing module sources (3 files)... → Done (took 0.1 sec)

[2023-03-11T08:45:11.204Z] Getting build status for v-8e26e662bd...

[2023-03-11T08:45:11.209Z] Spawning '/Users/brennanwalsh/.garden/tools/docker/23842c62b99af05f/docker/docker images server:v-8e26e662bd -q' in /Users/brennanwalsh/Sites/Sandbox/proj

[2023-03-11T08:45:11.321Z] Image server:v-8e26e662bd already exists

[2023-03-11T08:45:11.323Z] Getting build status for v-8e26e662bd... → Already built

[2023-03-11T08:45:11.326Z] Deploying version v-cd117bee0f...

[2023-03-11T08:45:11.333Z] Kubernetes: Getting API resource info for group batch/v1

[2023-03-11T08:45:11.333Z] Kubernetes: Getting API resource info for group batch/v1beta1

[2023-03-11T08:45:11.333Z] Kubernetes: Getting API resource info for group extensions/v1beta1

[2023-03-11T08:45:12.151Z] Waiting for resources to be ready...

[2023-03-11T08:45:12.151Z] [kubernetes-plugin]: Waiting for resources to be ready...

[2023-03-11T08:45:14.197Z] Status of Deployment server is "ready"

[2023-03-11T08:45:14.199Z] [kubernetes-plugin]: Status of Deployment server is "ready"

[2023-03-11T08:45:14.199Z] Status of Service server is "ready"

[2023-03-11T08:45:14.200Z] [kubernetes-plugin]: Status of Service server is "ready"

[2023-03-11T08:45:14.200Z] Status of Ingress server-0 is "ready"

[2023-03-11T08:45:14.200Z] [kubernetes-plugin]: Status of Ingress server-0 is "ready"

[2023-03-11T08:45:14.200Z] [kubernetes-plugin]: Resources ready

[2023-03-11T08:45:14.207Z] Resources ready

[2023-03-11T08:45:14.242Z] Getting currently deployed resource statuses...

[2023-03-11T08:45:14.264Z] Comparing expected and deployed resources...

[2023-03-11T08:45:14.267Z] All resources match.

[2023-03-11T08:45:14.272Z] Deploying version v-cd117bee0f... → Done (took 2.9 sec)

[2023-03-11T08:45:14.282Z] Ingress: http://todone.local

[2023-03-11T08:45:14.295Z] Started proxy to server/server:80 on localhost:61856

[2023-03-11T08:45:14.299Z] Port forward: http://localhost:61856 → server:80 (http)

[2023-03-11T08:45:14.304Z] Watcher: Watching paths /Users/brennanwalsh/Sites/Sandbox/proj

[2023-03-11T08:45:14.305Z] Watcher: Starting FSWatcher

[2023-03-11T08:45:14.307Z] Waiting for code changes...

[2023-03-11T08:45:17.082Z] Starting port forward to server/server:80

[2023-03-11T08:45:17.112Z] Forwarding local port 61877 to Service/server port 80

[2023-03-11T08:45:17.988Z] Successfully started port forward to server/server:80

[2023-03-11T08:45:17.995Z] Connecting to server/server:80 port forward at localhost:61877

[2023-03-11T08:45:17.999Z] Connecting to server/server:80 port forward at localhost:61877

[2023-03-11T08:45:17.999Z] Connecting to server/server:80 port forward at localhost:61877

[2023-03-11T08:45:55.402Z] Connecting to server/server:80 port forward at localhost:61877

[2023-03-11T08:45:55.410Z] Connecting to server/server:80 port forward at localhost:61877

[2023-03-11T08:45:55.437Z] Connecting to server/server:80 port forward at localhost:61877

[2023-03-11T08:45:55.438Z] Connecting to server/server:80 port forward at localhost:61877

[2023-03-11T08:45:55.443Z] Connection from undefined:undefined ended

[2023-03-11T08:45:55.458Z] Connection from undefined:undefined ended

[2023-03-11T08:45:55.462Z] Connection from undefined:undefined ended

[2023-03-11T08:45:55.462Z] Connection from undefined:undefined ended

[2023-03-11T08:46:26.758Z] Connection from undefined:undefined ended

[2023-03-11T08:50:18.129Z] Connection from undefined:undefined ended
